{"C:\\Users\\Sneh Patel\\Desktop\\DAL\\TERM 1\\ASDC\\Project\\Group01\\server\\index.js": {"path":"C:\\Users\\Sneh Patel\\Desktop\\DAL\\TERM 1\\ASDC\\Project\\Group01\\server\\index.js","statementMap":{"0":{"start":{"line":1,"column":16},"end":{"line":1,"column":34}},"1":{"start":{"line":2,"column":0},"end":{"line":2,"column":27}},"2":{"start":{"line":3,"column":19},"end":{"line":3,"column":43}},"3":{"start":{"line":4,"column":22},"end":{"line":4,"column":49}},"4":{"start":{"line":5,"column":20},"end":{"line":5,"column":51}},"5":{"start":{"line":7,"column":17},"end":{"line":7,"column":36}},"6":{"start":{"line":8,"column":12},"end":{"line":8,"column":21}},"7":{"start":{"line":9,"column":13},"end":{"line":9,"column":28}},"8":{"start":{"line":10,"column":13},"end":{"line":10,"column":29}},"9":{"start":{"line":11,"column":0},"end":{"line":11,"column":24}},"10":{"start":{"line":12,"column":0},"end":{"line":12,"column":16}},"11":{"start":{"line":14,"column":0},"end":{"line":16,"column":3}},"12":{"start":{"line":15,"column":2},"end":{"line":15,"column":9}},"13":{"start":{"line":18,"column":0},"end":{"line":18,"column":33}},"14":{"start":{"line":19,"column":0},"end":{"line":19,"column":35}},"15":{"start":{"line":20,"column":0},"end":{"line":20,"column":39}},"16":{"start":{"line":22,"column":0},"end":{"line":30,"column":5}},"17":{"start":{"line":24,"column":4},"end":{"line":26,"column":7}},"18":{"start":{"line":25,"column":6},"end":{"line":25,"column":75}},"19":{"start":{"line":29,"column":4},"end":{"line":29,"column":62}}},"fnMap":{"0":{"name":"(anonymous_0)","decl":{"start":{"line":14,"column":8},"end":{"line":14,"column":9}},"loc":{"start":{"line":14,"column":28},"end":{"line":16,"column":1}},"line":14},"1":{"name":"(anonymous_1)","decl":{"start":{"line":23,"column":8},"end":{"line":23,"column":9}},"loc":{"start":{"line":23,"column":14},"end":{"line":27,"column":3}},"line":23},"2":{"name":"(anonymous_2)","decl":{"start":{"line":24,"column":21},"end":{"line":24,"column":22}},"loc":{"start":{"line":24,"column":27},"end":{"line":26,"column":5}},"line":24},"3":{"name":"(anonymous_3)","decl":{"start":{"line":28,"column":9},"end":{"line":28,"column":10}},"loc":{"start":{"line":28,"column":20},"end":{"line":30,"column":3}},"line":28}},"branchMap":{},"s":{"0":1,"1":1,"2":1,"3":1,"4":1,"5":1,"6":1,"7":1,"8":1,"9":1,"10":1,"11":1,"12":0,"13":1,"14":1,"15":1,"16":1,"17":0,"18":0,"19":0},"f":{"0":0,"1":0,"2":0,"3":0},"b":{},"_coverageSchema":"1a1c01bbd47fc00a2c39e90264f33305004495a9","hash":"6c0072eb42e8d5796c5799ccfd825e578e32cbaa"}
,"C:\\Users\\Sneh Patel\\Desktop\\DAL\\TERM 1\\ASDC\\Project\\Group01\\server\\Controller\\contactUsController.js": {"path":"C:\\Users\\Sneh Patel\\Desktop\\DAL\\TERM 1\\ASDC\\Project\\Group01\\server\\Controller\\contactUsController.js","statementMap":{"0":{"start":{"line":1,"column":19},"end":{"line":1,"column":40}},"1":{"start":{"line":3,"column":18},"end":{"line":35,"column":1}},"2":{"start":{"line":4,"column":44},"end":{"line":4,"column":52}},"3":{"start":{"line":6,"column":24},"end":{"line":17,"column":6}},"4":{"start":{"line":19,"column":22},"end":{"line":24,"column":5}},"5":{"start":{"line":26,"column":4},"end":{"line":33,"column":7}},"6":{"start":{"line":27,"column":8},"end":{"line":32,"column":9}},"7":{"start":{"line":28,"column":12},"end":{"line":28,"column":49}},"8":{"start":{"line":30,"column":12},"end":{"line":30,"column":56}},"9":{"start":{"line":31,"column":12},"end":{"line":31,"column":58}},"10":{"start":{"line":37,"column":0},"end":{"line":37,"column":29}}},"fnMap":{"0":{"name":"(anonymous_0)","decl":{"start":{"line":3,"column":18},"end":{"line":3,"column":19}},"loc":{"start":{"line":3,"column":32},"end":{"line":35,"column":1}},"line":3},"1":{"name":"(anonymous_1)","decl":{"start":{"line":26,"column":38},"end":{"line":26,"column":39}},"loc":{"start":{"line":26,"column":59},"end":{"line":33,"column":5}},"line":26}},"branchMap":{"0":{"loc":{"start":{"line":27,"column":8},"end":{"line":32,"column":9}},"type":"if","locations":[{"start":{"line":27,"column":8},"end":{"line":32,"column":9}},{"start":{"line":29,"column":15},"end":{"line":32,"column":9}}],"line":27}},"s":{"0":1,"1":1,"2":0,"3":0,"4":0,"5":0,"6":0,"7":0,"8":0,"9":0,"10":1},"f":{"0":0,"1":0},"b":{"0":[0,0]},"_coverageSchema":"1a1c01bbd47fc00a2c39e90264f33305004495a9","hash":"0402ee29b7661b62296c702509fa81311d248031"}
,"C:\\Users\\Sneh Patel\\Desktop\\DAL\\TERM 1\\ASDC\\Project\\Group01\\server\\Controller\\expenseController.js": {"path":"C:\\Users\\Sneh Patel\\Desktop\\DAL\\TERM 1\\ASDC\\Project\\Group01\\server\\Controller\\expenseController.js","statementMap":{"0":{"start":{"line":1,"column":14},"end":{"line":1,"column":54}},"1":{"start":{"line":2,"column":17},"end":{"line":2,"column":48}},"2":{"start":{"line":3,"column":16},"end":{"line":3,"column":49}},"3":{"start":{"line":6,"column":19},"end":{"line":46,"column":1}},"4":{"start":{"line":7,"column":4},"end":{"line":7,"column":26}},"5":{"start":{"line":8,"column":4},"end":{"line":45,"column":5}},"6":{"start":{"line":9,"column":22},"end":{"line":9,"column":30}},"7":{"start":{"line":10,"column":20},"end":{"line":12,"column":10}},"8":{"start":{"line":14,"column":8},"end":{"line":18,"column":9}},"9":{"start":{"line":15,"column":22},"end":{"line":15,"column":51}},"10":{"start":{"line":16,"column":12},"end":{"line":16,"column":29}},"11":{"start":{"line":17,"column":12},"end":{"line":17,"column":22}},"12":{"start":{"line":20,"column":8},"end":{"line":20,"column":79}},"13":{"start":{"line":22,"column":21},"end":{"line":22,"column":41}},"14":{"start":{"line":23,"column":25},"end":{"line":23,"column":53}},"15":{"start":{"line":24,"column":8},"end":{"line":24,"column":32}},"16":{"start":{"line":26,"column":30},"end":{"line":31,"column":9}},"17":{"start":{"line":32,"column":8},"end":{"line":32,"column":37}},"18":{"start":{"line":35,"column":8},"end":{"line":40,"column":11}},"19":{"start":{"line":42,"column":8},"end":{"line":44,"column":11}},"20":{"start":{"line":48,"column":22},"end":{"line":74,"column":1}},"21":{"start":{"line":49,"column":4},"end":{"line":73,"column":5}},"22":{"start":{"line":50,"column":22},"end":{"line":52,"column":10}},"23":{"start":{"line":53,"column":8},"end":{"line":57,"column":9}},"24":{"start":{"line":54,"column":22},"end":{"line":54,"column":53}},"25":{"start":{"line":55,"column":12},"end":{"line":55,"column":28}},"26":{"start":{"line":56,"column":12},"end":{"line":56,"column":21}},"27":{"start":{"line":58,"column":24},"end":{"line":60,"column":10}},"28":{"start":{"line":62,"column":8},"end":{"line":62,"column":111}},"29":{"start":{"line":64,"column":8},"end":{"line":68,"column":10}},"30":{"start":{"line":70,"column":8},"end":{"line":72,"column":10}},"31":{"start":{"line":76,"column":25},"end":{"line":102,"column":1}},"32":{"start":{"line":77,"column":4},"end":{"line":101,"column":5}},"33":{"start":{"line":78,"column":27},"end":{"line":82,"column":10}},"34":{"start":{"line":83,"column":8},"end":{"line":87,"column":9}},"35":{"start":{"line":84,"column":22},"end":{"line":84,"column":67}},"36":{"start":{"line":85,"column":12},"end":{"line":85,"column":28}},"37":{"start":{"line":86,"column":12},"end":{"line":86,"column":21}},"38":{"start":{"line":88,"column":26},"end":{"line":88,"column":27}},"39":{"start":{"line":89,"column":8},"end":{"line":91,"column":9}},"40":{"start":{"line":90,"column":12},"end":{"line":90,"column":51}},"41":{"start":{"line":92,"column":8},"end":{"line":96,"column":10}},"42":{"start":{"line":98,"column":8},"end":{"line":100,"column":10}},"43":{"start":{"line":104,"column":24},"end":{"line":133,"column":1}},"44":{"start":{"line":105,"column":4},"end":{"line":132,"column":5}},"45":{"start":{"line":106,"column":28},"end":{"line":112,"column":10}},"46":{"start":{"line":113,"column":8},"end":{"line":117,"column":9}},"47":{"start":{"line":114,"column":24},"end":{"line":114,"column":55}},"48":{"start":{"line":115,"column":12},"end":{"line":115,"column":28}},"49":{"start":{"line":116,"column":12},"end":{"line":116,"column":21}},"50":{"start":{"line":118,"column":26},"end":{"line":118,"column":27}},"51":{"start":{"line":119,"column":8},"end":{"line":121,"column":9}},"52":{"start":{"line":120,"column":12},"end":{"line":120,"column":57}},"53":{"start":{"line":122,"column":8},"end":{"line":126,"column":10}},"54":{"start":{"line":129,"column":8},"end":{"line":131,"column":10}},"55":{"start":{"line":135,"column":29},"end":{"line":167,"column":1}},"56":{"start":{"line":137,"column":4},"end":{"line":166,"column":5}},"57":{"start":{"line":138,"column":28},"end":{"line":145,"column":10}},"58":{"start":{"line":147,"column":8},"end":{"line":151,"column":9}},"59":{"start":{"line":148,"column":24},"end":{"line":148,"column":55}},"60":{"start":{"line":149,"column":12},"end":{"line":149,"column":28}},"61":{"start":{"line":150,"column":12},"end":{"line":150,"column":21}},"62":{"start":{"line":152,"column":26},"end":{"line":152,"column":27}},"63":{"start":{"line":153,"column":8},"end":{"line":155,"column":9}},"64":{"start":{"line":154,"column":12},"end":{"line":154,"column":57}},"65":{"start":{"line":156,"column":8},"end":{"line":160,"column":10}},"66":{"start":{"line":163,"column":8},"end":{"line":165,"column":10}},"67":{"start":{"line":169,"column":20},"end":{"line":189,"column":1}},"68":{"start":{"line":170,"column":4},"end":{"line":188,"column":5}},"69":{"start":{"line":171,"column":22},"end":{"line":173,"column":10}},"70":{"start":{"line":174,"column":8},"end":{"line":178,"column":9}},"71":{"start":{"line":175,"column":22},"end":{"line":175,"column":64}},"72":{"start":{"line":176,"column":12},"end":{"line":176,"column":28}},"73":{"start":{"line":177,"column":12},"end":{"line":177,"column":21}},"74":{"start":{"line":179,"column":8},"end":{"line":182,"column":10}},"75":{"start":{"line":185,"column":8},"end":{"line":187,"column":10}},"76":{"start":{"line":191,"column":24},"end":{"line":218,"column":1}},"77":{"start":{"line":192,"column":4},"end":{"line":217,"column":5}},"78":{"start":{"line":193,"column":30},"end":{"line":206,"column":10}},"79":{"start":{"line":208,"column":8},"end":{"line":211,"column":10}},"80":{"start":{"line":214,"column":8},"end":{"line":216,"column":10}},"81":{"start":{"line":220,"column":23},"end":{"line":254,"column":1}},"82":{"start":{"line":221,"column":4},"end":{"line":253,"column":5}},"83":{"start":{"line":222,"column":29},"end":{"line":243,"column":10}},"84":{"start":{"line":244,"column":8},"end":{"line":247,"column":10}},"85":{"start":{"line":250,"column":8},"end":{"line":252,"column":10}},"86":{"start":{"line":256,"column":28},"end":{"line":291,"column":1}},"87":{"start":{"line":257,"column":4},"end":{"line":290,"column":5}},"88":{"start":{"line":258,"column":30},"end":{"line":278,"column":10}},"89":{"start":{"line":280,"column":8},"end":{"line":280,"column":61}},"90":{"start":{"line":282,"column":8},"end":{"line":285,"column":11}},"91":{"start":{"line":287,"column":8},"end":{"line":289,"column":11}},"92":{"start":{"line":293,"column":27},"end":{"line":331,"column":1}},"93":{"start":{"line":294,"column":4},"end":{"line":330,"column":5}},"94":{"start":{"line":295,"column":29},"end":{"line":321,"column":10}},"95":{"start":{"line":322,"column":8},"end":{"line":325,"column":10}},"96":{"start":{"line":327,"column":8},"end":{"line":329,"column":10}},"97":{"start":{"line":333,"column":27},"end":{"line":353,"column":1}},"98":{"start":{"line":334,"column":4},"end":{"line":352,"column":5}},"99":{"start":{"line":335,"column":28},"end":{"line":342,"column":19}},"100":{"start":{"line":344,"column":8},"end":{"line":347,"column":10}},"101":{"start":{"line":349,"column":8},"end":{"line":351,"column":10}},"102":{"start":{"line":355,"column":25},"end":{"line":400,"column":1}},"103":{"start":{"line":357,"column":4},"end":{"line":399,"column":5}},"104":{"start":{"line":358,"column":27},"end":{"line":389,"column":10}},"105":{"start":{"line":391,"column":8},"end":{"line":394,"column":10}},"106":{"start":{"line":396,"column":8},"end":{"line":398,"column":10}},"107":{"start":{"line":404,"column":0},"end":{"line":404,"column":229}}},"fnMap":{"0":{"name":"(anonymous_0)","decl":{"start":{"line":6,"column":19},"end":{"line":6,"column":20}},"loc":{"start":{"line":6,"column":39},"end":{"line":46,"column":1}},"line":6},"1":{"name":"(anonymous_1)","decl":{"start":{"line":48,"column":22},"end":{"line":48,"column":23}},"loc":{"start":{"line":48,"column":42},"end":{"line":74,"column":1}},"line":48},"2":{"name":"(anonymous_2)","decl":{"start":{"line":76,"column":25},"end":{"line":76,"column":26}},"loc":{"start":{"line":76,"column":45},"end":{"line":102,"column":1}},"line":76},"3":{"name":"(anonymous_3)","decl":{"start":{"line":104,"column":24},"end":{"line":104,"column":25}},"loc":{"start":{"line":104,"column":44},"end":{"line":133,"column":1}},"line":104},"4":{"name":"(anonymous_4)","decl":{"start":{"line":135,"column":29},"end":{"line":135,"column":30}},"loc":{"start":{"line":135,"column":49},"end":{"line":167,"column":1}},"line":135},"5":{"name":"(anonymous_5)","decl":{"start":{"line":169,"column":20},"end":{"line":169,"column":21}},"loc":{"start":{"line":169,"column":40},"end":{"line":189,"column":1}},"line":169},"6":{"name":"(anonymous_6)","decl":{"start":{"line":191,"column":24},"end":{"line":191,"column":25}},"loc":{"start":{"line":191,"column":44},"end":{"line":218,"column":1}},"line":191},"7":{"name":"(anonymous_7)","decl":{"start":{"line":220,"column":23},"end":{"line":220,"column":24}},"loc":{"start":{"line":220,"column":43},"end":{"line":254,"column":1}},"line":220},"8":{"name":"(anonymous_8)","decl":{"start":{"line":256,"column":28},"end":{"line":256,"column":29}},"loc":{"start":{"line":256,"column":48},"end":{"line":291,"column":1}},"line":256},"9":{"name":"(anonymous_9)","decl":{"start":{"line":293,"column":27},"end":{"line":293,"column":28}},"loc":{"start":{"line":293,"column":47},"end":{"line":331,"column":1}},"line":293},"10":{"name":"(anonymous_10)","decl":{"start":{"line":333,"column":27},"end":{"line":333,"column":28}},"loc":{"start":{"line":333,"column":47},"end":{"line":353,"column":1}},"line":333},"11":{"name":"(anonymous_11)","decl":{"start":{"line":355,"column":25},"end":{"line":355,"column":26}},"loc":{"start":{"line":355,"column":45},"end":{"line":400,"column":1}},"line":355}},"branchMap":{"0":{"loc":{"start":{"line":14,"column":8},"end":{"line":18,"column":9}},"type":"if","locations":[{"start":{"line":14,"column":8},"end":{"line":18,"column":9}},{"start":{},"end":{}}],"line":14},"1":{"loc":{"start":{"line":42,"column":19},"end":{"line":42,"column":36}},"type":"binary-expr","locations":[{"start":{"line":42,"column":19},"end":{"line":42,"column":29}},{"start":{"line":42,"column":33},"end":{"line":42,"column":36}}],"line":42},"2":{"loc":{"start":{"line":53,"column":8},"end":{"line":57,"column":9}},"type":"if","locations":[{"start":{"line":53,"column":8},"end":{"line":57,"column":9}},{"start":{},"end":{}}],"line":53},"3":{"loc":{"start":{"line":70,"column":19},"end":{"line":70,"column":36}},"type":"binary-expr","locations":[{"start":{"line":70,"column":19},"end":{"line":70,"column":29}},{"start":{"line":70,"column":33},"end":{"line":70,"column":36}}],"line":70},"4":{"loc":{"start":{"line":83,"column":8},"end":{"line":87,"column":9}},"type":"if","locations":[{"start":{"line":83,"column":8},"end":{"line":87,"column":9}},{"start":{},"end":{}}],"line":83},"5":{"loc":{"start":{"line":98,"column":19},"end":{"line":98,"column":36}},"type":"binary-expr","locations":[{"start":{"line":98,"column":19},"end":{"line":98,"column":29}},{"start":{"line":98,"column":33},"end":{"line":98,"column":36}}],"line":98},"6":{"loc":{"start":{"line":113,"column":8},"end":{"line":117,"column":9}},"type":"if","locations":[{"start":{"line":113,"column":8},"end":{"line":117,"column":9}},{"start":{},"end":{}}],"line":113},"7":{"loc":{"start":{"line":129,"column":19},"end":{"line":129,"column":36}},"type":"binary-expr","locations":[{"start":{"line":129,"column":19},"end":{"line":129,"column":29}},{"start":{"line":129,"column":33},"end":{"line":129,"column":36}}],"line":129},"8":{"loc":{"start":{"line":147,"column":8},"end":{"line":151,"column":9}},"type":"if","locations":[{"start":{"line":147,"column":8},"end":{"line":151,"column":9}},{"start":{},"end":{}}],"line":147},"9":{"loc":{"start":{"line":163,"column":19},"end":{"line":163,"column":36}},"type":"binary-expr","locations":[{"start":{"line":163,"column":19},"end":{"line":163,"column":29}},{"start":{"line":163,"column":33},"end":{"line":163,"column":36}}],"line":163},"10":{"loc":{"start":{"line":174,"column":8},"end":{"line":178,"column":9}},"type":"if","locations":[{"start":{"line":174,"column":8},"end":{"line":178,"column":9}},{"start":{},"end":{}}],"line":174},"11":{"loc":{"start":{"line":185,"column":19},"end":{"line":185,"column":36}},"type":"binary-expr","locations":[{"start":{"line":185,"column":19},"end":{"line":185,"column":29}},{"start":{"line":185,"column":33},"end":{"line":185,"column":36}}],"line":185},"12":{"loc":{"start":{"line":214,"column":19},"end":{"line":214,"column":36}},"type":"binary-expr","locations":[{"start":{"line":214,"column":19},"end":{"line":214,"column":29}},{"start":{"line":214,"column":33},"end":{"line":214,"column":36}}],"line":214},"13":{"loc":{"start":{"line":250,"column":19},"end":{"line":250,"column":36}},"type":"binary-expr","locations":[{"start":{"line":250,"column":19},"end":{"line":250,"column":29}},{"start":{"line":250,"column":33},"end":{"line":250,"column":36}}],"line":250},"14":{"loc":{"start":{"line":287,"column":19},"end":{"line":287,"column":36}},"type":"binary-expr","locations":[{"start":{"line":287,"column":19},"end":{"line":287,"column":29}},{"start":{"line":287,"column":33},"end":{"line":287,"column":36}}],"line":287},"15":{"loc":{"start":{"line":327,"column":19},"end":{"line":327,"column":36}},"type":"binary-expr","locations":[{"start":{"line":327,"column":19},"end":{"line":327,"column":29}},{"start":{"line":327,"column":33},"end":{"line":327,"column":36}}],"line":327},"16":{"loc":{"start":{"line":349,"column":19},"end":{"line":349,"column":36}},"type":"binary-expr","locations":[{"start":{"line":349,"column":19},"end":{"line":349,"column":29}},{"start":{"line":349,"column":33},"end":{"line":349,"column":36}}],"line":349},"17":{"loc":{"start":{"line":396,"column":19},"end":{"line":396,"column":36}},"type":"binary-expr","locations":[{"start":{"line":396,"column":19},"end":{"line":396,"column":29}},{"start":{"line":396,"column":33},"end":{"line":396,"column":36}}],"line":396}},"s":{"0":2,"1":2,"2":2,"3":2,"4":4,"5":4,"6":4,"7":4,"8":4,"9":1,"10":1,"11":1,"12":3,"13":3,"14":3,"15":2,"16":2,"17":1,"18":1,"19":3,"20":2,"21":0,"22":0,"23":0,"24":0,"25":0,"26":0,"27":0,"28":0,"29":0,"30":0,"31":2,"32":0,"33":0,"34":0,"35":0,"36":0,"37":0,"38":0,"39":0,"40":0,"41":0,"42":0,"43":2,"44":3,"45":3,"46":2,"47":1,"48":1,"49":1,"50":1,"51":1,"52":2,"53":1,"54":2,"55":2,"56":3,"57":3,"58":2,"59":1,"60":1,"61":1,"62":1,"63":1,"64":1,"65":1,"66":2,"67":2,"68":1,"69":1,"70":1,"71":0,"72":0,"73":0,"74":1,"75":0,"76":2,"77":2,"78":2,"79":1,"80":1,"81":2,"82":2,"83":2,"84":1,"85":1,"86":2,"87":2,"88":2,"89":1,"90":1,"91":1,"92":2,"93":2,"94":2,"95":1,"96":1,"97":2,"98":2,"99":2,"100":0,"101":2,"102":2,"103":1,"104":1,"105":1,"106":0,"107":2},"f":{"0":4,"1":0,"2":0,"3":3,"4":3,"5":1,"6":2,"7":2,"8":2,"9":2,"10":2,"11":1},"b":{"0":[1,3],"1":[3,2],"2":[0,0],"3":[0,0],"4":[0,0],"5":[0,0],"6":[1,1],"7":[2,1],"8":[1,1],"9":[2,1],"10":[0,1],"11":[0,0],"12":[1,1],"13":[1,1],"14":[1,1],"15":[1,1],"16":[2,2],"17":[0,0]},"_coverageSchema":"1a1c01bbd47fc00a2c39e90264f33305004495a9","hash":"d4b3f750de957ea7c2d4fc5d7a5344aaf241cb3b"}
,"C:\\Users\\Sneh Patel\\Desktop\\DAL\\TERM 1\\ASDC\\Project\\Group01\\server\\Controller\\groupController.js": {"path":"C:\\Users\\Sneh Patel\\Desktop\\DAL\\TERM 1\\ASDC\\Project\\Group01\\server\\Controller\\groupController.js","statementMap":{"0":{"start":{"line":1,"column":14},"end":{"line":1,"column":45}},"1":{"start":{"line":2,"column":16},"end":{"line":2,"column":49}},"2":{"start":{"line":3,"column":13},"end":{"line":3,"column":43}},"3":{"start":{"line":4,"column":28},"end":{"line":4,"column":68}},"4":{"start":{"line":5,"column":24},"end":{"line":5,"column":53}},"5":{"start":{"line":6,"column":28},"end":{"line":6,"column":68}},"6":{"start":{"line":7,"column":18},"end":{"line":7,"column":48}},"7":{"start":{"line":8,"column":23},"end":{"line":8,"column":58}},"8":{"start":{"line":9,"column":16},"end":{"line":9,"column":33}},"9":{"start":{"line":12,"column":20},"end":{"line":84,"column":1}},"10":{"start":{"line":13,"column":54},"end":{"line":13,"column":63}},"11":{"start":{"line":14,"column":28},"end":{"line":14,"column":42}},"12":{"start":{"line":16,"column":25},"end":{"line":16,"column":28}},"13":{"start":{"line":17,"column":19},"end":{"line":17,"column":21}},"14":{"start":{"line":18,"column":4},"end":{"line":82,"column":5}},"15":{"start":{"line":19,"column":8},"end":{"line":19,"column":29}},"16":{"start":{"line":20,"column":8},"end":{"line":22,"column":10}},"17":{"start":{"line":24,"column":22},"end":{"line":28,"column":10}},"18":{"start":{"line":29,"column":24},"end":{"line":29,"column":26}},"19":{"start":{"line":31,"column":12},"end":{"line":33,"column":13}},"20":{"start":{"line":32,"column":16},"end":{"line":32,"column":35}},"21":{"start":{"line":34,"column":12},"end":{"line":34,"column":47}},"22":{"start":{"line":37,"column":8},"end":{"line":81,"column":9}},"23":{"start":{"line":38,"column":31},"end":{"line":38,"column":49}},"24":{"start":{"line":40,"column":30},"end":{"line":40,"column":45}},"25":{"start":{"line":43,"column":12},"end":{"line":43,"column":70}},"26":{"start":{"line":44,"column":27},"end":{"line":44,"column":42}},"27":{"start":{"line":47,"column":24},"end":{"line":47,"column":58}},"28":{"start":{"line":48,"column":28},"end":{"line":48,"column":46}},"29":{"start":{"line":49,"column":23},"end":{"line":49,"column":45}},"30":{"start":{"line":52,"column":31},"end":{"line":52,"column":67}},"31":{"start":{"line":53,"column":12},"end":{"line":53,"column":72}},"32":{"start":{"line":55,"column":12},"end":{"line":70,"column":13}},"33":{"start":{"line":56,"column":29},"end":{"line":56,"column":64}},"34":{"start":{"line":57,"column":16},"end":{"line":69,"column":17}},"35":{"start":{"line":58,"column":32},"end":{"line":66,"column":32}},"36":{"start":{"line":68,"column":19},"end":{"line":68,"column":52}},"37":{"start":{"line":72,"column":12},"end":{"line":72,"column":34}},"38":{"start":{"line":75,"column":12},"end":{"line":75,"column":33}},"39":{"start":{"line":76,"column":12},"end":{"line":80,"column":14}},"40":{"start":{"line":83,"column":4},"end":{"line":83,"column":46}},"41":{"start":{"line":87,"column":24},"end":{"line":113,"column":1}},"42":{"start":{"line":89,"column":25},"end":{"line":89,"column":28}},"43":{"start":{"line":91,"column":4},"end":{"line":111,"column":5}},"44":{"start":{"line":92,"column":8},"end":{"line":92,"column":29}},"45":{"start":{"line":93,"column":8},"end":{"line":95,"column":10}},"46":{"start":{"line":97,"column":8},"end":{"line":110,"column":9}},"47":{"start":{"line":98,"column":33},"end":{"line":98,"column":78}},"48":{"start":{"line":99,"column":12},"end":{"line":101,"column":14}},"49":{"start":{"line":104,"column":12},"end":{"line":104,"column":33}},"50":{"start":{"line":105,"column":12},"end":{"line":109,"column":14}},"51":{"start":{"line":112,"column":4},"end":{"line":112,"column":46}},"52":{"start":{"line":115,"column":19},"end":{"line":135,"column":1}},"53":{"start":{"line":116,"column":19},"end":{"line":116,"column":29}},"54":{"start":{"line":117,"column":25},"end":{"line":117,"column":28}},"55":{"start":{"line":119,"column":8},"end":{"line":133,"column":9}},"56":{"start":{"line":120,"column":33},"end":{"line":120,"column":57}},"57":{"start":{"line":121,"column":12},"end":{"line":123,"column":14}},"58":{"start":{"line":127,"column":12},"end":{"line":127,"column":33}},"59":{"start":{"line":128,"column":12},"end":{"line":132,"column":14}},"60":{"start":{"line":134,"column":4},"end":{"line":134,"column":46}},"61":{"start":{"line":138,"column":25},"end":{"line":162,"column":1}},"62":{"start":{"line":139,"column":16},"end":{"line":141,"column":6}},"63":{"start":{"line":142,"column":4},"end":{"line":142,"column":30}},"64":{"start":{"line":143,"column":4},"end":{"line":143,"column":56}},"65":{"start":{"line":144,"column":4},"end":{"line":144,"column":50}},"66":{"start":{"line":145,"column":4},"end":{"line":145,"column":89}},"67":{"start":{"line":147,"column":4},"end":{"line":149,"column":5}},"68":{"start":{"line":148,"column":8},"end":{"line":148,"column":63}},"69":{"start":{"line":151,"column":12},"end":{"line":151,"column":13}},"70":{"start":{"line":152,"column":4},"end":{"line":155,"column":5}},"71":{"start":{"line":154,"column":8},"end":{"line":154,"column":21}},"72":{"start":{"line":156,"column":4},"end":{"line":156,"column":53}},"73":{"start":{"line":157,"column":4},"end":{"line":157,"column":136}},"74":{"start":{"line":159,"column":4},"end":{"line":161,"column":13}},"75":{"start":{"line":165,"column":23},"end":{"line":189,"column":1}},"76":{"start":{"line":166,"column":16},"end":{"line":168,"column":6}},"77":{"start":{"line":169,"column":4},"end":{"line":169,"column":30}},"78":{"start":{"line":170,"column":4},"end":{"line":170,"column":56}},"79":{"start":{"line":171,"column":4},"end":{"line":171,"column":50}},"80":{"start":{"line":172,"column":4},"end":{"line":172,"column":90}},"81":{"start":{"line":174,"column":4},"end":{"line":176,"column":5}},"82":{"start":{"line":175,"column":8},"end":{"line":175,"column":63}},"83":{"start":{"line":178,"column":12},"end":{"line":178,"column":13}},"84":{"start":{"line":179,"column":4},"end":{"line":182,"column":5}},"85":{"start":{"line":181,"column":8},"end":{"line":181,"column":21}},"86":{"start":{"line":183,"column":4},"end":{"line":183,"column":53}},"87":{"start":{"line":184,"column":4},"end":{"line":184,"column":136}},"88":{"start":{"line":186,"column":4},"end":{"line":188,"column":13}},"89":{"start":{"line":191,"column":26},"end":{"line":211,"column":1}},"90":{"start":{"line":192,"column":4},"end":{"line":210,"column":5}},"91":{"start":{"line":193,"column":22},"end":{"line":195,"column":10}},"92":{"start":{"line":197,"column":8},"end":{"line":201,"column":9}},"93":{"start":{"line":198,"column":22},"end":{"line":198,"column":51}},"94":{"start":{"line":199,"column":12},"end":{"line":199,"column":28}},"95":{"start":{"line":200,"column":12},"end":{"line":200,"column":21}},"96":{"start":{"line":202,"column":8},"end":{"line":205,"column":10}},"97":{"start":{"line":207,"column":8},"end":{"line":209,"column":10}},"98":{"start":{"line":213,"column":19},"end":{"line":243,"column":3}},"99":{"start":{"line":214,"column":4},"end":{"line":242,"column":5}},"100":{"start":{"line":215,"column":28},"end":{"line":215,"column":36}},"101":{"start":{"line":218,"column":20},"end":{"line":218,"column":68}},"102":{"start":{"line":220,"column":6},"end":{"line":222,"column":7}},"103":{"start":{"line":221,"column":8},"end":{"line":221,"column":84}},"104":{"start":{"line":224,"column":28},"end":{"line":224,"column":61}},"105":{"start":{"line":226,"column":6},"end":{"line":228,"column":7}},"106":{"start":{"line":227,"column":8},"end":{"line":227,"column":108}},"107":{"start":{"line":230,"column":29},"end":{"line":230,"column":87}},"108":{"start":{"line":230,"column":66},"end":{"line":230,"column":86}},"109":{"start":{"line":232,"column":27},"end":{"line":236,"column":7}},"110":{"start":{"line":238,"column":6},"end":{"line":238,"column":77}},"111":{"start":{"line":240,"column":6},"end":{"line":240,"column":27}},"112":{"start":{"line":241,"column":6},"end":{"line":241,"column":65}},"113":{"start":{"line":244,"column":25},"end":{"line":275,"column":1}},"114":{"start":{"line":245,"column":4},"end":{"line":274,"column":5}},"115":{"start":{"line":246,"column":22},"end":{"line":248,"column":10}},"116":{"start":{"line":249,"column":34},"end":{"line":249,"column":42}},"117":{"start":{"line":250,"column":8},"end":{"line":254,"column":9}},"118":{"start":{"line":251,"column":22},"end":{"line":251,"column":51}},"119":{"start":{"line":252,"column":12},"end":{"line":252,"column":28}},"120":{"start":{"line":253,"column":12},"end":{"line":253,"column":21}},"121":{"start":{"line":257,"column":7},"end":{"line":257,"column":49}},"122":{"start":{"line":258,"column":7},"end":{"line":258,"column":47}},"123":{"start":{"line":260,"column":7},"end":{"line":260,"column":35}},"124":{"start":{"line":262,"column":29},"end":{"line":262,"column":121}},"125":{"start":{"line":264,"column":7},"end":{"line":269,"column":6}},"126":{"start":{"line":271,"column":8},"end":{"line":273,"column":10}},"127":{"start":{"line":277,"column":0},"end":{"line":277,"column":140}}},"fnMap":{"0":{"name":"(anonymous_0)","decl":{"start":{"line":12,"column":20},"end":{"line":12,"column":21}},"loc":{"start":{"line":12,"column":40},"end":{"line":84,"column":1}},"line":12},"1":{"name":"(anonymous_1)","decl":{"start":{"line":87,"column":24},"end":{"line":87,"column":25}},"loc":{"start":{"line":87,"column":44},"end":{"line":113,"column":1}},"line":87},"2":{"name":"(anonymous_2)","decl":{"start":{"line":115,"column":19},"end":{"line":115,"column":20}},"loc":{"start":{"line":115,"column":39},"end":{"line":135,"column":1}},"line":115},"3":{"name":"(anonymous_3)","decl":{"start":{"line":138,"column":25},"end":{"line":138,"column":26}},"loc":{"start":{"line":138,"column":78},"end":{"line":162,"column":1}},"line":138},"4":{"name":"(anonymous_4)","decl":{"start":{"line":165,"column":23},"end":{"line":165,"column":24}},"loc":{"start":{"line":165,"column":76},"end":{"line":189,"column":1}},"line":165},"5":{"name":"(anonymous_5)","decl":{"start":{"line":191,"column":26},"end":{"line":191,"column":27}},"loc":{"start":{"line":191,"column":44},"end":{"line":211,"column":1}},"line":191},"6":{"name":"(anonymous_6)","decl":{"start":{"line":213,"column":19},"end":{"line":213,"column":20}},"loc":{"start":{"line":213,"column":39},"end":{"line":243,"column":3}},"line":213},"7":{"name":"(anonymous_7)","decl":{"start":{"line":230,"column":50},"end":{"line":230,"column":51}},"loc":{"start":{"line":230,"column":66},"end":{"line":230,"column":86}},"line":230},"8":{"name":"(anonymous_8)","decl":{"start":{"line":244,"column":25},"end":{"line":244,"column":26}},"loc":{"start":{"line":244,"column":43},"end":{"line":275,"column":1}},"line":244}},"branchMap":{"0":{"loc":{"start":{"line":18,"column":4},"end":{"line":82,"column":5}},"type":"if","locations":[{"start":{"line":18,"column":4},"end":{"line":82,"column":5}},{"start":{"line":23,"column":11},"end":{"line":82,"column":5}}],"line":18},"1":{"loc":{"start":{"line":18,"column":7},"end":{"line":18,"column":80}},"type":"binary-expr","locations":[{"start":{"line":18,"column":7},"end":{"line":18,"column":16}},{"start":{"line":18,"column":19},"end":{"line":18,"column":33}},{"start":{"line":18,"column":37},"end":{"line":18,"column":54}},{"start":{"line":18,"column":58},"end":{"line":18,"column":80}}],"line":18},"2":{"loc":{"start":{"line":57,"column":16},"end":{"line":69,"column":17}},"type":"if","locations":[{"start":{"line":57,"column":16},"end":{"line":69,"column":17}},{"start":{},"end":{}}],"line":57},"3":{"loc":{"start":{"line":57,"column":20},"end":{"line":57,"column":38}},"type":"binary-expr","locations":[{"start":{"line":57,"column":20},"end":{"line":57,"column":24}},{"start":{"line":57,"column":28},"end":{"line":57,"column":38}}],"line":57},"4":{"loc":{"start":{"line":91,"column":4},"end":{"line":111,"column":5}},"type":"if","locations":[{"start":{"line":91,"column":4},"end":{"line":111,"column":5}},{"start":{"line":96,"column":10},"end":{"line":111,"column":5}}],"line":91},"5":{"loc":{"start":{"line":91,"column":7},"end":{"line":91,"column":35}},"type":"binary-expr","locations":[{"start":{"line":91,"column":7},"end":{"line":91,"column":16}},{"start":{"line":91,"column":20},"end":{"line":91,"column":35}}],"line":91},"6":{"loc":{"start":{"line":197,"column":8},"end":{"line":201,"column":9}},"type":"if","locations":[{"start":{"line":197,"column":8},"end":{"line":201,"column":9}},{"start":{},"end":{}}],"line":197},"7":{"loc":{"start":{"line":207,"column":19},"end":{"line":207,"column":36}},"type":"binary-expr","locations":[{"start":{"line":207,"column":19},"end":{"line":207,"column":29}},{"start":{"line":207,"column":33},"end":{"line":207,"column":36}}],"line":207},"8":{"loc":{"start":{"line":220,"column":6},"end":{"line":222,"column":7}},"type":"if","locations":[{"start":{"line":220,"column":6},"end":{"line":222,"column":7}},{"start":{},"end":{}}],"line":220},"9":{"loc":{"start":{"line":226,"column":6},"end":{"line":228,"column":7}},"type":"if","locations":[{"start":{"line":226,"column":6},"end":{"line":228,"column":7}},{"start":{},"end":{}}],"line":226},"10":{"loc":{"start":{"line":250,"column":8},"end":{"line":254,"column":9}},"type":"if","locations":[{"start":{"line":250,"column":8},"end":{"line":254,"column":9}},{"start":{},"end":{}}],"line":250},"11":{"loc":{"start":{"line":271,"column":19},"end":{"line":271,"column":36}},"type":"binary-expr","locations":[{"start":{"line":271,"column":19},"end":{"line":271,"column":29}},{"start":{"line":271,"column":33},"end":{"line":271,"column":36}}],"line":271}},"s":{"0":2,"1":2,"2":2,"3":2,"4":2,"5":2,"6":2,"7":2,"8":2,"9":2,"10":0,"11":0,"12":0,"13":0,"14":0,"15":0,"16":0,"17":0,"18":0,"19":0,"20":0,"21":0,"22":0,"23":0,"24":0,"25":0,"26":0,"27":0,"28":0,"29":0,"30":0,"31":0,"32":0,"33":0,"34":0,"35":0,"36":0,"37":0,"38":0,"39":0,"40":0,"41":2,"42":0,"43":0,"44":0,"45":0,"46":0,"47":0,"48":0,"49":0,"50":0,"51":0,"52":2,"53":0,"54":0,"55":0,"56":0,"57":0,"58":0,"59":0,"60":0,"61":2,"62":0,"63":0,"64":0,"65":0,"66":0,"67":0,"68":0,"69":0,"70":0,"71":0,"72":0,"73":0,"74":0,"75":2,"76":0,"77":0,"78":0,"79":0,"80":0,"81":0,"82":0,"83":0,"84":0,"85":0,"86":0,"87":0,"88":0,"89":2,"90":0,"91":0,"92":0,"93":0,"94":0,"95":0,"96":0,"97":0,"98":2,"99":0,"100":0,"101":0,"102":0,"103":0,"104":0,"105":0,"106":0,"107":0,"108":0,"109":0,"110":0,"111":0,"112":0,"113":2,"114":0,"115":0,"116":0,"117":0,"118":0,"119":0,"120":0,"121":0,"122":0,"123":0,"124":0,"125":0,"126":0,"127":2},"f":{"0":0,"1":0,"2":0,"3":0,"4":0,"5":0,"6":0,"7":0,"8":0},"b":{"0":[0,0],"1":[0,0,0,0],"2":[0,0],"3":[0,0],"4":[0,0],"5":[0,0],"6":[0,0],"7":[0,0],"8":[0,0],"9":[0,0],"10":[0,0],"11":[0,0]},"_coverageSchema":"1a1c01bbd47fc00a2c39e90264f33305004495a9","hash":"34591e07ab6bae47c21bc276cd3e107cdf4244e0"}
,"C:\\Users\\Sneh Patel\\Desktop\\DAL\\TERM 1\\ASDC\\Project\\Group01\\server\\Controller\\userController.js": {"path":"C:\\Users\\Sneh Patel\\Desktop\\DAL\\TERM 1\\ASDC\\Project\\Group01\\server\\Controller\\userController.js","statementMap":{"0":{"start":{"line":1,"column":13},"end":{"line":1,"column":43}},"1":{"start":{"line":2,"column":12},"end":{"line":2,"column":35}},"2":{"start":{"line":3,"column":19},"end":{"line":3,"column":40}},"3":{"start":{"line":4,"column":28},"end":{"line":4,"column":68}},"4":{"start":{"line":5,"column":18},"end":{"line":5,"column":58}},"5":{"start":{"line":7,"column":27},"end":{"line":7,"column":36}},"6":{"start":{"line":10,"column":20},"end":{"line":12,"column":1}},"7":{"start":{"line":11,"column":3},"end":{"line":11,"column":66}},"8":{"start":{"line":14,"column":18},"end":{"line":24,"column":1}},"9":{"start":{"line":15,"column":30},"end":{"line":15,"column":38}},"10":{"start":{"line":16,"column":4},"end":{"line":23,"column":5}},"11":{"start":{"line":17,"column":21},"end":{"line":17,"column":54}},"12":{"start":{"line":18,"column":21},"end":{"line":18,"column":42}},"13":{"start":{"line":19,"column":8},"end":{"line":19,"column":48}},"14":{"start":{"line":22,"column":8},"end":{"line":22,"column":52}},"15":{"start":{"line":26,"column":19},"end":{"line":49,"column":1}},"16":{"start":{"line":27,"column":36},"end":{"line":27,"column":44}},"17":{"start":{"line":28,"column":4},"end":{"line":28,"column":26}},"18":{"start":{"line":29,"column":4},"end":{"line":48,"column":5}},"19":{"start":{"line":30,"column":21},"end":{"line":30,"column":61}},"20":{"start":{"line":31,"column":8},"end":{"line":31,"column":26}},"21":{"start":{"line":32,"column":21},"end":{"line":32,"column":42}},"22":{"start":{"line":33,"column":20},"end":{"line":41,"column":21}},"23":{"start":{"line":42,"column":9},"end":{"line":42,"column":36}},"24":{"start":{"line":43,"column":8},"end":{"line":43,"column":48}},"25":{"start":{"line":47,"column":8},"end":{"line":47,"column":52}},"26":{"start":{"line":51,"column":22},"end":{"line":82,"column":1}},"27":{"start":{"line":52,"column":24},"end":{"line":52,"column":34}},"28":{"start":{"line":54,"column":23},"end":{"line":54,"column":31}},"29":{"start":{"line":55,"column":2},"end":{"line":81,"column":3}},"30":{"start":{"line":57,"column":15},"end":{"line":57,"column":49}},"31":{"start":{"line":59,"column":21},"end":{"line":59,"column":42}},"32":{"start":{"line":61,"column":4},"end":{"line":70,"column":5}},"33":{"start":{"line":71,"column":4},"end":{"line":71,"column":31}},"34":{"start":{"line":72,"column":4},"end":{"line":72,"column":32}},"35":{"start":{"line":74,"column":4},"end":{"line":80,"column":5}},"36":{"start":{"line":75,"column":6},"end":{"line":75,"column":55}},"37":{"start":{"line":76,"column":11},"end":{"line":80,"column":5}},"38":{"start":{"line":77,"column":6},"end":{"line":77,"column":55}},"39":{"start":{"line":79,"column":6},"end":{"line":79,"column":54}},"40":{"start":{"line":85,"column":23},"end":{"line":122,"column":1}},"41":{"start":{"line":86,"column":20},"end":{"line":86,"column":28}},"42":{"start":{"line":87,"column":4},"end":{"line":121,"column":5}},"43":{"start":{"line":88,"column":21},"end":{"line":88,"column":49}},"44":{"start":{"line":89,"column":21},"end":{"line":89,"column":42}},"45":{"start":{"line":90,"column":28},"end":{"line":101,"column":12}},"46":{"start":{"line":103,"column":28},"end":{"line":108,"column":11}},"47":{"start":{"line":110,"column":27},"end":{"line":110,"column":60}},"48":{"start":{"line":111,"column":10},"end":{"line":117,"column":11}},"49":{"start":{"line":113,"column":12},"end":{"line":113,"column":44}},"50":{"start":{"line":116,"column":12},"end":{"line":116,"column":65}},"51":{"start":{"line":120,"column":8},"end":{"line":120,"column":52}},"52":{"start":{"line":124,"column":23},"end":{"line":142,"column":1}},"53":{"start":{"line":125,"column":23},"end":{"line":125,"column":31}},"54":{"start":{"line":126,"column":2},"end":{"line":141,"column":3}},"55":{"start":{"line":127,"column":17},"end":{"line":127,"column":52}},"56":{"start":{"line":128,"column":17},"end":{"line":136,"column":17}},"57":{"start":{"line":137,"column":4},"end":{"line":137,"column":32}},"58":{"start":{"line":138,"column":4},"end":{"line":138,"column":73}},"59":{"start":{"line":140,"column":4},"end":{"line":140,"column":58}},"60":{"start":{"line":146,"column":23},"end":{"line":171,"column":1}},"61":{"start":{"line":147,"column":65},"end":{"line":147,"column":73}},"62":{"start":{"line":148,"column":2},"end":{"line":170,"column":3}},"63":{"start":{"line":149,"column":17},"end":{"line":149,"column":95}},"64":{"start":{"line":150,"column":16},"end":{"line":159,"column":5}},"65":{"start":{"line":160,"column":4},"end":{"line":160,"column":37}},"66":{"start":{"line":161,"column":4},"end":{"line":161,"column":35}},"67":{"start":{"line":163,"column":4},"end":{"line":169,"column":5}},"68":{"start":{"line":164,"column":6},"end":{"line":164,"column":55}},"69":{"start":{"line":165,"column":11},"end":{"line":169,"column":5}},"70":{"start":{"line":166,"column":6},"end":{"line":166,"column":55}},"71":{"start":{"line":168,"column":6},"end":{"line":168,"column":54}},"72":{"start":{"line":173,"column":16},"end":{"line":180,"column":1}},"73":{"start":{"line":174,"column":4},"end":{"line":178,"column":5}},"74":{"start":{"line":175,"column":19},"end":{"line":175,"column":39}},"75":{"start":{"line":176,"column":6},"end":{"line":176,"column":37}},"76":{"start":{"line":181,"column":29},"end":{"line":206,"column":1}},"77":{"start":{"line":182,"column":61},"end":{"line":182,"column":69}},"78":{"start":{"line":184,"column":2},"end":{"line":205,"column":3}},"79":{"start":{"line":185,"column":19},"end":{"line":185,"column":42}},"80":{"start":{"line":187,"column":6},"end":{"line":189,"column":7}},"81":{"start":{"line":188,"column":10},"end":{"line":188,"column":67}},"82":{"start":{"line":191,"column":6},"end":{"line":196,"column":8}},"83":{"start":{"line":199,"column":23},"end":{"line":199,"column":40}},"84":{"start":{"line":200,"column":5},"end":{"line":200,"column":77}},"85":{"start":{"line":202,"column":6},"end":{"line":202,"column":81}},"86":{"start":{"line":204,"column":6},"end":{"line":204,"column":63}},"87":{"start":{"line":210,"column":0},"end":{"line":210,"column":135}}},"fnMap":{"0":{"name":"(anonymous_0)","decl":{"start":{"line":10,"column":20},"end":{"line":10,"column":21}},"loc":{"start":{"line":10,"column":28},"end":{"line":12,"column":1}},"line":10},"1":{"name":"(anonymous_1)","decl":{"start":{"line":14,"column":18},"end":{"line":14,"column":19}},"loc":{"start":{"line":14,"column":38},"end":{"line":24,"column":1}},"line":14},"2":{"name":"(anonymous_2)","decl":{"start":{"line":26,"column":19},"end":{"line":26,"column":20}},"loc":{"start":{"line":26,"column":39},"end":{"line":49,"column":1}},"line":26},"3":{"name":"(anonymous_3)","decl":{"start":{"line":51,"column":22},"end":{"line":51,"column":23}},"loc":{"start":{"line":51,"column":42},"end":{"line":82,"column":1}},"line":51},"4":{"name":"(anonymous_4)","decl":{"start":{"line":85,"column":23},"end":{"line":85,"column":24}},"loc":{"start":{"line":85,"column":43},"end":{"line":122,"column":1}},"line":85},"5":{"name":"(anonymous_5)","decl":{"start":{"line":124,"column":23},"end":{"line":124,"column":24}},"loc":{"start":{"line":124,"column":43},"end":{"line":142,"column":1}},"line":124},"6":{"name":"(anonymous_6)","decl":{"start":{"line":146,"column":23},"end":{"line":146,"column":24}},"loc":{"start":{"line":146,"column":43},"end":{"line":171,"column":1}},"line":146},"7":{"name":"(anonymous_7)","decl":{"start":{"line":173,"column":16},"end":{"line":173,"column":17}},"loc":{"start":{"line":173,"column":35},"end":{"line":180,"column":1}},"line":173},"8":{"name":"(anonymous_8)","decl":{"start":{"line":181,"column":29},"end":{"line":181,"column":30}},"loc":{"start":{"line":181,"column":49},"end":{"line":206,"column":1}},"line":181}},"branchMap":{"0":{"loc":{"start":{"line":74,"column":4},"end":{"line":80,"column":5}},"type":"if","locations":[{"start":{"line":74,"column":4},"end":{"line":80,"column":5}},{"start":{"line":76,"column":11},"end":{"line":80,"column":5}}],"line":74},"1":{"loc":{"start":{"line":76,"column":11},"end":{"line":80,"column":5}},"type":"if","locations":[{"start":{"line":76,"column":11},"end":{"line":80,"column":5}},{"start":{"line":78,"column":11},"end":{"line":80,"column":5}}],"line":76},"2":{"loc":{"start":{"line":111,"column":10},"end":{"line":117,"column":11}},"type":"if","locations":[{"start":{"line":111,"column":10},"end":{"line":117,"column":11}},{"start":{"line":115,"column":14},"end":{"line":117,"column":11}}],"line":111},"3":{"loc":{"start":{"line":163,"column":4},"end":{"line":169,"column":5}},"type":"if","locations":[{"start":{"line":163,"column":4},"end":{"line":169,"column":5}},{"start":{"line":165,"column":11},"end":{"line":169,"column":5}}],"line":163},"4":{"loc":{"start":{"line":165,"column":11},"end":{"line":169,"column":5}},"type":"if","locations":[{"start":{"line":165,"column":11},"end":{"line":169,"column":5}},{"start":{"line":167,"column":11},"end":{"line":169,"column":5}}],"line":165},"5":{"loc":{"start":{"line":187,"column":6},"end":{"line":189,"column":7}},"type":"if","locations":[{"start":{"line":187,"column":6},"end":{"line":189,"column":7}},{"start":{},"end":{}}],"line":187}},"s":{"0":1,"1":1,"2":1,"3":1,"4":1,"5":1,"6":1,"7":2,"8":1,"9":2,"10":2,"11":2,"12":1,"13":1,"14":1,"15":1,"16":2,"17":2,"18":2,"19":2,"20":1,"21":1,"22":1,"23":1,"24":1,"25":1,"26":1,"27":0,"28":0,"29":0,"30":0,"31":0,"32":0,"33":0,"34":0,"35":0,"36":0,"37":0,"38":0,"39":0,"40":1,"41":1,"42":1,"43":1,"44":0,"45":0,"46":0,"47":0,"48":0,"49":0,"50":0,"51":1,"52":1,"53":2,"54":2,"55":2,"56":1,"57":1,"58":1,"59":1,"60":1,"61":3,"62":3,"63":3,"64":1,"65":1,"66":1,"67":2,"68":0,"69":2,"70":1,"71":1,"72":1,"73":0,"74":0,"75":0,"76":1,"77":1,"78":1,"79":1,"80":0,"81":0,"82":0,"83":0,"84":0,"85":0,"86":1,"87":1},"f":{"0":2,"1":2,"2":2,"3":0,"4":1,"5":2,"6":3,"7":0,"8":1},"b":{"0":[0,0],"1":[0,0],"2":[0,0],"3":[0,2],"4":[1,1],"5":[0,0]},"_coverageSchema":"1a1c01bbd47fc00a2c39e90264f33305004495a9","hash":"92e18801e9b1ac95fb6ca1d9267d939ebf18af3b"}
,"C:\\Users\\Sneh Patel\\Desktop\\DAL\\TERM 1\\ASDC\\Project\\Group01\\server\\Models\\expenseModel.js": {"path":"C:\\Users\\Sneh Patel\\Desktop\\DAL\\TERM 1\\ASDC\\Project\\Group01\\server\\Models\\expenseModel.js","statementMap":{"0":{"start":{"line":1,"column":17},"end":{"line":1,"column":36}},"1":{"start":{"line":3,"column":22},"end":{"line":47,"column":2}},"2":{"start":{"line":50,"column":0},"end":{"line":50,"column":58}}},"fnMap":{},"branchMap":{},"s":{"0":2,"1":2,"2":2},"f":{},"b":{},"_coverageSchema":"1a1c01bbd47fc00a2c39e90264f33305004495a9","hash":"1c7e8858dbaafe5d8adbd6060385da0b1bcbe877"}
,"C:\\Users\\Sneh Patel\\Desktop\\DAL\\TERM 1\\ASDC\\Project\\Group01\\server\\Models\\groupModel.js": {"path":"C:\\Users\\Sneh Patel\\Desktop\\DAL\\TERM 1\\ASDC\\Project\\Group01\\server\\Models\\groupModel.js","statementMap":{"0":{"start":{"line":1,"column":17},"end":{"line":1,"column":36}},"1":{"start":{"line":3,"column":20},"end":{"line":23,"column":2}},"2":{"start":{"line":25,"column":0},"end":{"line":25,"column":54}}},"fnMap":{},"branchMap":{},"s":{"0":3,"1":3,"2":3},"f":{},"b":{},"_coverageSchema":"1a1c01bbd47fc00a2c39e90264f33305004495a9","hash":"5afbda4a0747c9c6bf0c2f9000d396f8364d91dd"}
,"C:\\Users\\Sneh Patel\\Desktop\\DAL\\TERM 1\\ASDC\\Project\\Group01\\server\\Models\\userAccountModel.js": {"path":"C:\\Users\\Sneh Patel\\Desktop\\DAL\\TERM 1\\ASDC\\Project\\Group01\\server\\Models\\userAccountModel.js","statementMap":{"0":{"start":{"line":1,"column":17},"end":{"line":1,"column":36}},"1":{"start":{"line":5,"column":24},"end":{"line":22,"column":2}},"2":{"start":{"line":24,"column":26},"end":{"line":41,"column":2}},"3":{"start":{"line":43,"column":0},"end":{"line":43,"column":66}}},"fnMap":{},"branchMap":{},"s":{"0":3,"1":3,"2":3,"3":3},"f":{},"b":{},"_coverageSchema":"1a1c01bbd47fc00a2c39e90264f33305004495a9","hash":"6857ae2e689b9f9a57db342826ab8af4952d100a"}
,"C:\\Users\\Sneh Patel\\Desktop\\DAL\\TERM 1\\ASDC\\Project\\Group01\\server\\Models\\userModel.js": {"path":"C:\\Users\\Sneh Patel\\Desktop\\DAL\\TERM 1\\ASDC\\Project\\Group01\\server\\Models\\userModel.js","statementMap":{"0":{"start":{"line":1,"column":17},"end":{"line":1,"column":36}},"1":{"start":{"line":2,"column":18},"end":{"line":2,"column":38}},"2":{"start":{"line":3,"column":15},"end":{"line":3,"column":32}},"3":{"start":{"line":5,"column":24},"end":{"line":22,"column":2}},"4":{"start":{"line":24,"column":19},"end":{"line":48,"column":2}},"5":{"start":{"line":50,"column":0},"end":{"line":76,"column":1}},"6":{"start":{"line":51,"column":4},"end":{"line":51,"column":37}},"7":{"start":{"line":52,"column":4},"end":{"line":55,"column":5}},"8":{"start":{"line":54,"column":8},"end":{"line":54,"column":48}},"9":{"start":{"line":56,"column":4},"end":{"line":59,"column":5}},"10":{"start":{"line":58,"column":8},"end":{"line":58,"column":42}},"11":{"start":{"line":60,"column":4},"end":{"line":63,"column":5}},"12":{"start":{"line":62,"column":8},"end":{"line":62,"column":94}},"13":{"start":{"line":64,"column":19},"end":{"line":64,"column":48}},"14":{"start":{"line":65,"column":4},"end":{"line":65,"column":24}},"15":{"start":{"line":66,"column":4},"end":{"line":68,"column":5}},"16":{"start":{"line":67,"column":8},"end":{"line":67,"column":43}},"17":{"start":{"line":70,"column":17},"end":{"line":70,"column":41}},"18":{"start":{"line":71,"column":17},"end":{"line":71,"column":50}},"19":{"start":{"line":72,"column":4},"end":{"line":72,"column":22}},"20":{"start":{"line":73,"column":17},"end":{"line":73,"column":67}},"21":{"start":{"line":74,"column":4},"end":{"line":74,"column":22}},"22":{"start":{"line":75,"column":4},"end":{"line":75,"column":15}},"23":{"start":{"line":78,"column":0},"end":{"line":101,"column":1}},"24":{"start":{"line":79,"column":4},"end":{"line":82,"column":5}},"25":{"start":{"line":81,"column":8},"end":{"line":81,"column":48}},"26":{"start":{"line":83,"column":4},"end":{"line":86,"column":5}},"27":{"start":{"line":85,"column":8},"end":{"line":85,"column":42}},"28":{"start":{"line":87,"column":4},"end":{"line":90,"column":5}},"29":{"start":{"line":89,"column":8},"end":{"line":89,"column":94}},"30":{"start":{"line":91,"column":17},"end":{"line":91,"column":46}},"31":{"start":{"line":92,"column":4},"end":{"line":94,"column":5}},"32":{"start":{"line":93,"column":8},"end":{"line":93,"column":43}},"33":{"start":{"line":95,"column":18},"end":{"line":95,"column":63}},"34":{"start":{"line":96,"column":4},"end":{"line":99,"column":5}},"35":{"start":{"line":98,"column":8},"end":{"line":98,"column":41}},"36":{"start":{"line":100,"column":4},"end":{"line":100,"column":15}},"37":{"start":{"line":102,"column":0},"end":{"line":116,"column":1}},"38":{"start":{"line":103,"column":4},"end":{"line":106,"column":5}},"39":{"start":{"line":105,"column":8},"end":{"line":105,"column":48}},"40":{"start":{"line":107,"column":4},"end":{"line":110,"column":5}},"41":{"start":{"line":109,"column":8},"end":{"line":109,"column":42}},"42":{"start":{"line":111,"column":17},"end":{"line":111,"column":46}},"43":{"start":{"line":112,"column":4},"end":{"line":114,"column":5}},"44":{"start":{"line":113,"column":8},"end":{"line":113,"column":43}},"45":{"start":{"line":115,"column":4},"end":{"line":115,"column":15}},"46":{"start":{"line":118,"column":0},"end":{"line":131,"column":1}},"47":{"start":{"line":119,"column":4},"end":{"line":122,"column":5}},"48":{"start":{"line":121,"column":8},"end":{"line":121,"column":94}},"49":{"start":{"line":123,"column":17},"end":{"line":123,"column":41}},"50":{"start":{"line":124,"column":17},"end":{"line":124,"column":50}},"51":{"start":{"line":126,"column":17},"end":{"line":126,"column":75}},"52":{"start":{"line":127,"column":4},"end":{"line":129,"column":5}},"53":{"start":{"line":128,"column":8},"end":{"line":128,"column":43}},"54":{"start":{"line":130,"column":4},"end":{"line":130,"column":15}},"55":{"start":{"line":133,"column":0},"end":{"line":139,"column":2}},"56":{"start":{"line":134,"column":4},"end":{"line":136,"column":5}},"57":{"start":{"line":135,"column":8},"end":{"line":135,"column":43}},"58":{"start":{"line":137,"column":17},"end":{"line":137,"column":66}},"59":{"start":{"line":138,"column":4},"end":{"line":138,"column":16}},"60":{"start":{"line":141,"column":0},"end":{"line":160,"column":2}},"61":{"start":{"line":142,"column":16},"end":{"line":142,"column":45}},"62":{"start":{"line":143,"column":18},"end":{"line":143,"column":65}},"63":{"start":{"line":144,"column":4},"end":{"line":147,"column":5}},"64":{"start":{"line":146,"column":8},"end":{"line":146,"column":41}},"65":{"start":{"line":148,"column":4},"end":{"line":151,"column":5}},"66":{"start":{"line":150,"column":8},"end":{"line":150,"column":43}},"67":{"start":{"line":152,"column":17},"end":{"line":152,"column":41}},"68":{"start":{"line":153,"column":17},"end":{"line":153,"column":53}},"69":{"start":{"line":155,"column":17},"end":{"line":155,"column":74}},"70":{"start":{"line":157,"column":4},"end":{"line":157,"column":16}},"71":{"start":{"line":161,"column":0},"end":{"line":166,"column":2}},"72":{"start":{"line":162,"column":17},"end":{"line":162,"column":34}},"73":{"start":{"line":163,"column":4},"end":{"line":163,"column":16}},"74":{"start":{"line":170,"column":0},"end":{"line":170,"column":51}}},"fnMap":{"0":{"name":"(anonymous_0)","decl":{"start":{"line":50,"column":28},"end":{"line":50,"column":29}},"loc":{"start":{"line":50,"column":66},"end":{"line":76,"column":1}},"line":50},"1":{"name":"(anonymous_1)","decl":{"start":{"line":78,"column":27},"end":{"line":78,"column":28}},"loc":{"start":{"line":78,"column":59},"end":{"line":101,"column":1}},"line":78},"2":{"name":"(anonymous_2)","decl":{"start":{"line":102,"column":32},"end":{"line":102,"column":33}},"loc":{"start":{"line":102,"column":54},"end":{"line":116,"column":1}},"line":102},"3":{"name":"(anonymous_3)","decl":{"start":{"line":118,"column":31},"end":{"line":118,"column":32}},"loc":{"start":{"line":118,"column":60},"end":{"line":131,"column":1}},"line":118},"4":{"name":"(anonymous_4)","decl":{"start":{"line":133,"column":36},"end":{"line":133,"column":37}},"loc":{"start":{"line":133,"column":62},"end":{"line":139,"column":1}},"line":133},"5":{"name":"(anonymous_5)","decl":{"start":{"line":141,"column":36},"end":{"line":141,"column":37}},"loc":{"start":{"line":141,"column":104},"end":{"line":160,"column":1}},"line":141},"6":{"name":"(anonymous_6)","decl":{"start":{"line":161,"column":29},"end":{"line":161,"column":30}},"loc":{"start":{"line":161,"column":46},"end":{"line":166,"column":1}},"line":161}},"branchMap":{"0":{"loc":{"start":{"line":52,"column":4},"end":{"line":55,"column":5}},"type":"if","locations":[{"start":{"line":52,"column":4},"end":{"line":55,"column":5}},{"start":{},"end":{}}],"line":52},"1":{"loc":{"start":{"line":52,"column":7},"end":{"line":52,"column":35}},"type":"binary-expr","locations":[{"start":{"line":52,"column":7},"end":{"line":52,"column":13}},{"start":{"line":52,"column":17},"end":{"line":52,"column":26}},{"start":{"line":52,"column":30},"end":{"line":52,"column":35}}],"line":52},"2":{"loc":{"start":{"line":56,"column":4},"end":{"line":59,"column":5}},"type":"if","locations":[{"start":{"line":56,"column":4},"end":{"line":59,"column":5}},{"start":{},"end":{}}],"line":56},"3":{"loc":{"start":{"line":60,"column":4},"end":{"line":63,"column":5}},"type":"if","locations":[{"start":{"line":60,"column":4},"end":{"line":63,"column":5}},{"start":{},"end":{}}],"line":60},"4":{"loc":{"start":{"line":66,"column":4},"end":{"line":68,"column":5}},"type":"if","locations":[{"start":{"line":66,"column":4},"end":{"line":68,"column":5}},{"start":{},"end":{}}],"line":66},"5":{"loc":{"start":{"line":79,"column":4},"end":{"line":82,"column":5}},"type":"if","locations":[{"start":{"line":79,"column":4},"end":{"line":82,"column":5}},{"start":{},"end":{}}],"line":79},"6":{"loc":{"start":{"line":79,"column":7},"end":{"line":79,"column":26}},"type":"binary-expr","locations":[{"start":{"line":79,"column":7},"end":{"line":79,"column":13}},{"start":{"line":79,"column":17},"end":{"line":79,"column":26}}],"line":79},"7":{"loc":{"start":{"line":83,"column":4},"end":{"line":86,"column":5}},"type":"if","locations":[{"start":{"line":83,"column":4},"end":{"line":86,"column":5}},{"start":{},"end":{}}],"line":83},"8":{"loc":{"start":{"line":87,"column":4},"end":{"line":90,"column":5}},"type":"if","locations":[{"start":{"line":87,"column":4},"end":{"line":90,"column":5}},{"start":{},"end":{}}],"line":87},"9":{"loc":{"start":{"line":92,"column":4},"end":{"line":94,"column":5}},"type":"if","locations":[{"start":{"line":92,"column":4},"end":{"line":94,"column":5}},{"start":{},"end":{}}],"line":92},"10":{"loc":{"start":{"line":96,"column":4},"end":{"line":99,"column":5}},"type":"if","locations":[{"start":{"line":96,"column":4},"end":{"line":99,"column":5}},{"start":{},"end":{}}],"line":96},"11":{"loc":{"start":{"line":103,"column":4},"end":{"line":106,"column":5}},"type":"if","locations":[{"start":{"line":103,"column":4},"end":{"line":106,"column":5}},{"start":{},"end":{}}],"line":103},"12":{"loc":{"start":{"line":107,"column":4},"end":{"line":110,"column":5}},"type":"if","locations":[{"start":{"line":107,"column":4},"end":{"line":110,"column":5}},{"start":{},"end":{}}],"line":107},"13":{"loc":{"start":{"line":112,"column":4},"end":{"line":114,"column":5}},"type":"if","locations":[{"start":{"line":112,"column":4},"end":{"line":114,"column":5}},{"start":{},"end":{}}],"line":112},"14":{"loc":{"start":{"line":119,"column":4},"end":{"line":122,"column":5}},"type":"if","locations":[{"start":{"line":119,"column":4},"end":{"line":122,"column":5}},{"start":{},"end":{}}],"line":119},"15":{"loc":{"start":{"line":127,"column":4},"end":{"line":129,"column":5}},"type":"if","locations":[{"start":{"line":127,"column":4},"end":{"line":129,"column":5}},{"start":{},"end":{}}],"line":127},"16":{"loc":{"start":{"line":134,"column":4},"end":{"line":136,"column":5}},"type":"if","locations":[{"start":{"line":134,"column":4},"end":{"line":136,"column":5}},{"start":{},"end":{}}],"line":134},"17":{"loc":{"start":{"line":144,"column":4},"end":{"line":147,"column":5}},"type":"if","locations":[{"start":{"line":144,"column":4},"end":{"line":147,"column":5}},{"start":{},"end":{}}],"line":144},"18":{"loc":{"start":{"line":148,"column":4},"end":{"line":151,"column":5}},"type":"if","locations":[{"start":{"line":148,"column":4},"end":{"line":151,"column":5}},{"start":{},"end":{}}],"line":148}},"s":{"0":3,"1":3,"2":3,"3":3,"4":3,"5":3,"6":0,"7":0,"8":0,"9":0,"10":0,"11":0,"12":0,"13":0,"14":0,"15":0,"16":0,"17":0,"18":0,"19":0,"20":0,"21":0,"22":0,"23":3,"24":0,"25":0,"26":0,"27":0,"28":0,"29":0,"30":0,"31":0,"32":0,"33":0,"34":0,"35":0,"36":0,"37":3,"38":0,"39":0,"40":0,"41":0,"42":0,"43":0,"44":0,"45":0,"46":3,"47":0,"48":0,"49":0,"50":0,"51":0,"52":0,"53":0,"54":0,"55":3,"56":0,"57":0,"58":0,"59":0,"60":3,"61":0,"62":0,"63":0,"64":0,"65":0,"66":0,"67":0,"68":0,"69":0,"70":0,"71":3,"72":0,"73":0,"74":3},"f":{"0":0,"1":0,"2":0,"3":0,"4":0,"5":0,"6":0},"b":{"0":[0,0],"1":[0,0,0],"2":[0,0],"3":[0,0],"4":[0,0],"5":[0,0],"6":[0,0],"7":[0,0],"8":[0,0],"9":[0,0],"10":[0,0],"11":[0,0],"12":[0,0],"13":[0,0],"14":[0,0],"15":[0,0],"16":[0,0],"17":[0,0],"18":[0,0]},"_coverageSchema":"1a1c01bbd47fc00a2c39e90264f33305004495a9","hash":"83fdcdeee9b4d235103dfb7c5efd75521bfd6e78"}
,"C:\\Users\\Sneh Patel\\Desktop\\DAL\\TERM 1\\ASDC\\Project\\Group01\\server\\PaymentProcessor\\bankModel.js": {"path":"C:\\Users\\Sneh Patel\\Desktop\\DAL\\TERM 1\\ASDC\\Project\\Group01\\server\\PaymentProcessor\\bankModel.js","statementMap":{"0":{"start":{"line":8,"column":25},"end":{"line":8,"column":62}},"1":{"start":{"line":10,"column":26},"end":{"line":28,"column":1}},"2":{"start":{"line":11,"column":25},"end":{"line":11,"column":29}},"3":{"start":{"line":12,"column":4},"end":{"line":26,"column":5}},"4":{"start":{"line":13,"column":24},"end":{"line":18,"column":10}},"5":{"start":{"line":19,"column":23},"end":{"line":19,"column":43}},"6":{"start":{"line":20,"column":8},"end":{"line":22,"column":9}},"7":{"start":{"line":21,"column":12},"end":{"line":21,"column":25}},"8":{"start":{"line":24,"column":8},"end":{"line":24,"column":27}},"9":{"start":{"line":25,"column":8},"end":{"line":25,"column":21}},"10":{"start":{"line":27,"column":4},"end":{"line":27,"column":16}},"11":{"start":{"line":31,"column":18},"end":{"line":52,"column":1}},"12":{"start":{"line":32,"column":4},"end":{"line":50,"column":5}},"13":{"start":{"line":33,"column":24},"end":{"line":33,"column":99}},"14":{"start":{"line":34,"column":8},"end":{"line":36,"column":9}},"15":{"start":{"line":35,"column":12},"end":{"line":35,"column":25}},"16":{"start":{"line":39,"column":27},"end":{"line":39,"column":67}},"17":{"start":{"line":40,"column":28},"end":{"line":40,"column":38}},"18":{"start":{"line":42,"column":8},"end":{"line":46,"column":9}},"19":{"start":{"line":45,"column":12},"end":{"line":45,"column":25}},"20":{"start":{"line":48,"column":8},"end":{"line":48,"column":27}},"21":{"start":{"line":49,"column":8},"end":{"line":49,"column":21}},"22":{"start":{"line":51,"column":4},"end":{"line":51,"column":16}},"23":{"start":{"line":55,"column":25},"end":{"line":63,"column":1}},"24":{"start":{"line":56,"column":4},"end":{"line":62,"column":5}},"25":{"start":{"line":57,"column":24},"end":{"line":57,"column":99}},"26":{"start":{"line":58,"column":8},"end":{"line":58,"column":31}},"27":{"start":{"line":60,"column":8},"end":{"line":60,"column":27}},"28":{"start":{"line":61,"column":8},"end":{"line":61,"column":18}},"29":{"start":{"line":66,"column":28},"end":{"line":83,"column":1}},"30":{"start":{"line":67,"column":4},"end":{"line":80,"column":5}},"31":{"start":{"line":68,"column":31},"end":{"line":68,"column":59}},"32":{"start":{"line":70,"column":30},"end":{"line":70,"column":53}},"33":{"start":{"line":72,"column":23},"end":{"line":72,"column":126}},"34":{"start":{"line":73,"column":8},"end":{"line":76,"column":9}},"35":{"start":{"line":74,"column":12},"end":{"line":74,"column":38}},"36":{"start":{"line":75,"column":12},"end":{"line":75,"column":25}},"37":{"start":{"line":78,"column":8},"end":{"line":78,"column":27}},"38":{"start":{"line":79,"column":8},"end":{"line":79,"column":21}},"39":{"start":{"line":82,"column":4},"end":{"line":82,"column":16}},"40":{"start":{"line":86,"column":27},"end":{"line":102,"column":1}},"41":{"start":{"line":87,"column":4},"end":{"line":99,"column":5}},"42":{"start":{"line":88,"column":31},"end":{"line":88,"column":59}},"43":{"start":{"line":90,"column":30},"end":{"line":90,"column":53}},"44":{"start":{"line":91,"column":23},"end":{"line":91,"column":126}},"45":{"start":{"line":92,"column":8},"end":{"line":95,"column":9}},"46":{"start":{"line":93,"column":12},"end":{"line":93,"column":38}},"47":{"start":{"line":94,"column":12},"end":{"line":94,"column":25}},"48":{"start":{"line":97,"column":8},"end":{"line":97,"column":27}},"49":{"start":{"line":98,"column":8},"end":{"line":98,"column":21}},"50":{"start":{"line":101,"column":4},"end":{"line":101,"column":16}},"51":{"start":{"line":105,"column":0},"end":{"line":105,"column":107}}},"fnMap":{"0":{"name":"(anonymous_0)","decl":{"start":{"line":10,"column":26},"end":{"line":10,"column":27}},"loc":{"start":{"line":10,"column":62},"end":{"line":28,"column":1}},"line":10},"1":{"name":"(anonymous_1)","decl":{"start":{"line":31,"column":18},"end":{"line":31,"column":19}},"loc":{"start":{"line":31,"column":34},"end":{"line":52,"column":1}},"line":31},"2":{"name":"(anonymous_2)","decl":{"start":{"line":55,"column":25},"end":{"line":55,"column":26}},"loc":{"start":{"line":55,"column":41},"end":{"line":63,"column":1}},"line":55},"3":{"name":"(anonymous_3)","decl":{"start":{"line":66,"column":28},"end":{"line":66,"column":29}},"loc":{"start":{"line":66,"column":52},"end":{"line":83,"column":1}},"line":66},"4":{"name":"(anonymous_4)","decl":{"start":{"line":86,"column":27},"end":{"line":86,"column":28}},"loc":{"start":{"line":86,"column":51},"end":{"line":102,"column":1}},"line":86}},"branchMap":{"0":{"loc":{"start":{"line":20,"column":8},"end":{"line":22,"column":9}},"type":"if","locations":[{"start":{"line":20,"column":8},"end":{"line":22,"column":9}},{"start":{},"end":{}}],"line":20},"1":{"loc":{"start":{"line":34,"column":8},"end":{"line":36,"column":9}},"type":"if","locations":[{"start":{"line":34,"column":8},"end":{"line":36,"column":9}},{"start":{},"end":{}}],"line":34},"2":{"loc":{"start":{"line":42,"column":8},"end":{"line":46,"column":9}},"type":"if","locations":[{"start":{"line":42,"column":8},"end":{"line":46,"column":9}},{"start":{},"end":{}}],"line":42},"3":{"loc":{"start":{"line":42,"column":11},"end":{"line":44,"column":62}},"type":"binary-expr","locations":[{"start":{"line":42,"column":11},"end":{"line":42,"column":63}},{"start":{"line":43,"column":13},"end":{"line":43,"column":67}},{"start":{"line":44,"column":15},"end":{"line":44,"column":61}}],"line":42},"4":{"loc":{"start":{"line":73,"column":8},"end":{"line":76,"column":9}},"type":"if","locations":[{"start":{"line":73,"column":8},"end":{"line":76,"column":9}},{"start":{},"end":{}}],"line":73},"5":{"loc":{"start":{"line":92,"column":8},"end":{"line":95,"column":9}},"type":"if","locations":[{"start":{"line":92,"column":8},"end":{"line":95,"column":9}},{"start":{},"end":{}}],"line":92}},"s":{"0":4,"1":4,"2":0,"3":0,"4":0,"5":0,"6":0,"7":0,"8":0,"9":0,"10":0,"11":4,"12":3,"13":3,"14":3,"15":1,"16":2,"17":2,"18":2,"19":1,"20":0,"21":0,"22":1,"23":4,"24":6,"25":6,"26":6,"27":1,"28":1,"29":4,"30":2,"31":2,"32":2,"33":2,"34":2,"35":1,"36":1,"37":0,"38":0,"39":1,"40":4,"41":2,"42":2,"43":2,"44":2,"45":2,"46":1,"47":1,"48":0,"49":0,"50":1,"51":4},"f":{"0":0,"1":3,"2":6,"3":2,"4":2},"b":{"0":[0,0],"1":[1,2],"2":[1,1],"3":[2,1,0],"4":[1,1],"5":[1,1]},"_coverageSchema":"1a1c01bbd47fc00a2c39e90264f33305004495a9","hash":"5f891dd76282296f56a09cba6a586b505d72a1a4"}
,"C:\\Users\\Sneh Patel\\Desktop\\DAL\\TERM 1\\ASDC\\Project\\Group01\\server\\PaymentProcessor\\processor.js": {"path":"C:\\Users\\Sneh Patel\\Desktop\\DAL\\TERM 1\\ASDC\\Project\\Group01\\server\\PaymentProcessor\\processor.js","statementMap":{"0":{"start":{"line":1,"column":17},"end":{"line":1,"column":36}},"1":{"start":{"line":2,"column":18},"end":{"line":2,"column":48}},"2":{"start":{"line":3,"column":18},"end":{"line":3,"column":58}},"3":{"start":{"line":4,"column":79},"end":{"line":4,"column":88}},"4":{"start":{"line":7,"column":23},"end":{"line":121,"column":1}},"5":{"start":{"line":8,"column":4},"end":{"line":8,"column":25}},"6":{"start":{"line":9,"column":14},"end":{"line":9,"column":16}},"7":{"start":{"line":11,"column":4},"end":{"line":19,"column":5}},"8":{"start":{"line":12,"column":8},"end":{"line":17,"column":10}},"9":{"start":{"line":18,"column":8},"end":{"line":18,"column":19}},"10":{"start":{"line":21,"column":17},"end":{"line":21,"column":25}},"11":{"start":{"line":22,"column":19},"end":{"line":22,"column":30}},"12":{"start":{"line":23,"column":21},"end":{"line":23,"column":34}},"13":{"start":{"line":24,"column":25},"end":{"line":24,"column":36}},"14":{"start":{"line":27,"column":23},"end":{"line":27,"column":46}},"15":{"start":{"line":28,"column":25},"end":{"line":28,"column":50}},"16":{"start":{"line":31,"column":28},"end":{"line":31,"column":55}},"17":{"start":{"line":32,"column":4},"end":{"line":42,"column":5}},"18":{"start":{"line":33,"column":8},"end":{"line":40,"column":10}},"19":{"start":{"line":41,"column":8},"end":{"line":41,"column":19}},"20":{"start":{"line":44,"column":30},"end":{"line":44,"column":59}},"21":{"start":{"line":45,"column":4},"end":{"line":55,"column":5}},"22":{"start":{"line":46,"column":8},"end":{"line":53,"column":10}},"23":{"start":{"line":54,"column":8},"end":{"line":54,"column":19}},"24":{"start":{"line":58,"column":31},"end":{"line":58,"column":75}},"25":{"start":{"line":59,"column":4},"end":{"line":69,"column":5}},"26":{"start":{"line":60,"column":8},"end":{"line":67,"column":10}},"27":{"start":{"line":68,"column":8},"end":{"line":68,"column":19}},"28":{"start":{"line":71,"column":4},"end":{"line":71,"column":50}},"29":{"start":{"line":72,"column":27},"end":{"line":72,"column":78}},"30":{"start":{"line":73,"column":4},"end":{"line":73,"column":49}},"31":{"start":{"line":75,"column":4},"end":{"line":113,"column":5}},"32":{"start":{"line":76,"column":8},"end":{"line":76,"column":57}},"33":{"start":{"line":77,"column":32},"end":{"line":77,"column":84}},"34":{"start":{"line":78,"column":8},"end":{"line":78,"column":54}},"35":{"start":{"line":80,"column":8},"end":{"line":101,"column":9}},"36":{"start":{"line":81,"column":12},"end":{"line":81,"column":50}},"37":{"start":{"line":83,"column":12},"end":{"line":83,"column":58}},"38":{"start":{"line":85,"column":37},"end":{"line":85,"column":87}},"39":{"start":{"line":88,"column":12},"end":{"line":90,"column":13}},"40":{"start":{"line":89,"column":16},"end":{"line":89,"column":87}},"41":{"start":{"line":92,"column":12},"end":{"line":99,"column":14}},"42":{"start":{"line":100,"column":12},"end":{"line":100,"column":23}},"43":{"start":{"line":104,"column":8},"end":{"line":111,"column":10}},"44":{"start":{"line":112,"column":8},"end":{"line":112,"column":19}},"45":{"start":{"line":115,"column":4},"end":{"line":119,"column":6}},"46":{"start":{"line":120,"column":4},"end":{"line":120,"column":15}},"47":{"start":{"line":125,"column":4},"end":{"line":138,"column":5}},"48":{"start":{"line":126,"column":21},"end":{"line":126,"column":64}},"49":{"start":{"line":128,"column":8},"end":{"line":131,"column":9}},"50":{"start":{"line":129,"column":12},"end":{"line":129,"column":65}},"51":{"start":{"line":130,"column":12},"end":{"line":130,"column":22}},"52":{"start":{"line":133,"column":28},"end":{"line":133,"column":50}},"53":{"start":{"line":134,"column":8},"end":{"line":134,"column":27}},"54":{"start":{"line":136,"column":8},"end":{"line":136,"column":27}},"55":{"start":{"line":137,"column":8},"end":{"line":137,"column":18}},"56":{"start":{"line":144,"column":20},"end":{"line":144,"column":48}},"57":{"start":{"line":145,"column":4},"end":{"line":148,"column":5}},"58":{"start":{"line":146,"column":8},"end":{"line":146,"column":44}},"59":{"start":{"line":147,"column":8},"end":{"line":147,"column":21}},"60":{"start":{"line":149,"column":4},"end":{"line":149,"column":16}},"61":{"start":{"line":152,"column":0},"end":{"line":152,"column":34}}},"fnMap":{"0":{"name":"(anonymous_0)","decl":{"start":{"line":7,"column":23},"end":{"line":7,"column":24}},"loc":{"start":{"line":7,"column":38},"end":{"line":121,"column":1}},"line":7},"1":{"name":"fetchCard","decl":{"start":{"line":124,"column":15},"end":{"line":124,"column":24}},"loc":{"start":{"line":124,"column":35},"end":{"line":139,"column":1}},"line":124},"2":{"name":"checkBalance","decl":{"start":{"line":143,"column":15},"end":{"line":143,"column":27}},"loc":{"start":{"line":143,"column":41},"end":{"line":150,"column":1}},"line":143}},"branchMap":{"0":{"loc":{"start":{"line":11,"column":4},"end":{"line":19,"column":5}},"type":"if","locations":[{"start":{"line":11,"column":4},"end":{"line":19,"column":5}},{"start":{},"end":{}}],"line":11},"1":{"loc":{"start":{"line":11,"column":7},"end":{"line":11,"column":86}},"type":"binary-expr","locations":[{"start":{"line":11,"column":7},"end":{"line":11,"column":11}},{"start":{"line":11,"column":15},"end":{"line":11,"column":24}},{"start":{"line":11,"column":28},"end":{"line":11,"column":44}},{"start":{"line":11,"column":48},"end":{"line":11,"column":66}},{"start":{"line":11,"column":70},"end":{"line":11,"column":86}}],"line":11},"2":{"loc":{"start":{"line":32,"column":4},"end":{"line":42,"column":5}},"type":"if","locations":[{"start":{"line":32,"column":4},"end":{"line":42,"column":5}},{"start":{},"end":{}}],"line":32},"3":{"loc":{"start":{"line":45,"column":4},"end":{"line":55,"column":5}},"type":"if","locations":[{"start":{"line":45,"column":4},"end":{"line":55,"column":5}},{"start":{},"end":{}}],"line":45},"4":{"loc":{"start":{"line":59,"column":4},"end":{"line":69,"column":5}},"type":"if","locations":[{"start":{"line":59,"column":4},"end":{"line":69,"column":5}},{"start":{},"end":{}}],"line":59},"5":{"loc":{"start":{"line":75,"column":4},"end":{"line":113,"column":5}},"type":"if","locations":[{"start":{"line":75,"column":4},"end":{"line":113,"column":5}},{"start":{"line":103,"column":8},"end":{"line":113,"column":5}}],"line":75},"6":{"loc":{"start":{"line":80,"column":8},"end":{"line":101,"column":9}},"type":"if","locations":[{"start":{"line":80,"column":8},"end":{"line":101,"column":9}},{"start":{},"end":{}}],"line":80},"7":{"loc":{"start":{"line":128,"column":8},"end":{"line":131,"column":9}},"type":"if","locations":[{"start":{"line":128,"column":8},"end":{"line":131,"column":9}},{"start":{},"end":{}}],"line":128},"8":{"loc":{"start":{"line":128,"column":11},"end":{"line":128,"column":31}},"type":"binary-expr","locations":[{"start":{"line":128,"column":11},"end":{"line":128,"column":16}},{"start":{"line":128,"column":20},"end":{"line":128,"column":31}}],"line":128},"9":{"loc":{"start":{"line":145,"column":4},"end":{"line":148,"column":5}},"type":"if","locations":[{"start":{"line":145,"column":4},"end":{"line":148,"column":5}},{"start":{},"end":{}}],"line":145}},"s":{"0":3,"1":3,"2":3,"3":3,"4":3,"5":7,"6":7,"7":7,"8":0,"9":0,"10":7,"11":7,"12":7,"13":7,"14":7,"15":7,"16":7,"17":7,"18":2,"19":2,"20":5,"21":5,"22":1,"23":1,"24":4,"25":4,"26":1,"27":1,"28":3,"29":3,"30":3,"31":3,"32":2,"33":2,"34":2,"35":2,"36":1,"37":1,"38":1,"39":1,"40":0,"41":1,"42":1,"43":1,"44":1,"45":1,"46":1,"47":14,"48":14,"49":12,"50":0,"51":0,"52":12,"53":12,"54":2,"55":2,"56":4,"57":4,"58":1,"59":1,"60":3,"61":3},"f":{"0":7,"1":14,"2":4},"b":{"0":[0,7],"1":[7,7,7,7,7],"2":[2,5],"3":[1,4],"4":[1,3],"5":[2,1],"6":[1,1],"7":[0,12],"8":[12,12],"9":[1,3]},"_coverageSchema":"1a1c01bbd47fc00a2c39e90264f33305004495a9","hash":"17b01ea185b12aeaaf5ba466b7b2c4ce923bcf70"}
,"C:\\Users\\Sneh Patel\\Desktop\\DAL\\TERM 1\\ASDC\\Project\\Group01\\server\\Routes\\expense.js": {"path":"C:\\Users\\Sneh Patel\\Desktop\\DAL\\TERM 1\\ASDC\\Project\\Group01\\server\\Routes\\expense.js","statementMap":{"0":{"start":{"line":1,"column":16},"end":{"line":1,"column":34}},"1":{"start":{"line":2,"column":219},"end":{"line":2,"column":261}},"2":{"start":{"line":4,"column":15},"end":{"line":4,"column":31}},"3":{"start":{"line":7,"column":0},"end":{"line":7,"column":31}},"4":{"start":{"line":8,"column":0},"end":{"line":8,"column":37}},"5":{"start":{"line":9,"column":0},"end":{"line":9,"column":46}},"6":{"start":{"line":10,"column":0},"end":{"line":10,"column":44}},"7":{"start":{"line":11,"column":0},"end":{"line":11,"column":33}},"8":{"start":{"line":12,"column":0},"end":{"line":12,"column":59}},"9":{"start":{"line":13,"column":0},"end":{"line":13,"column":46}},"10":{"start":{"line":14,"column":0},"end":{"line":14,"column":45}},"11":{"start":{"line":15,"column":0},"end":{"line":15,"column":48}},"12":{"start":{"line":16,"column":0},"end":{"line":16,"column":50}},"13":{"start":{"line":17,"column":0},"end":{"line":17,"column":49}},"14":{"start":{"line":18,"column":0},"end":{"line":18,"column":46}},"15":{"start":{"line":20,"column":0},"end":{"line":20,"column":24}}},"fnMap":{},"branchMap":{},"s":{"0":1,"1":1,"2":1,"3":1,"4":1,"5":1,"6":1,"7":1,"8":1,"9":1,"10":1,"11":1,"12":1,"13":1,"14":1,"15":1},"f":{},"b":{},"_coverageSchema":"1a1c01bbd47fc00a2c39e90264f33305004495a9","hash":"37c35425f3239f11d7f18c4e0b44686d3d2551c6"}
,"C:\\Users\\Sneh Patel\\Desktop\\DAL\\TERM 1\\ASDC\\Project\\Group01\\server\\Routes\\groupRoutes.js": {"path":"C:\\Users\\Sneh Patel\\Desktop\\DAL\\TERM 1\\ASDC\\Project\\Group01\\server\\Routes\\groupRoutes.js","statementMap":{"0":{"start":{"line":1,"column":15},"end":{"line":1,"column":42}},"1":{"start":{"line":2,"column":117},"end":{"line":2,"column":157}},"2":{"start":{"line":5,"column":0},"end":{"line":5,"column":41}},"3":{"start":{"line":6,"column":0},"end":{"line":6,"column":49}},"4":{"start":{"line":7,"column":0},"end":{"line":7,"column":35}},"5":{"start":{"line":8,"column":0},"end":{"line":8,"column":47}},"6":{"start":{"line":9,"column":0},"end":{"line":9,"column":32}},"7":{"start":{"line":10,"column":0},"end":{"line":10,"column":37}},"8":{"start":{"line":13,"column":0},"end":{"line":13,"column":24}}},"fnMap":{},"branchMap":{},"s":{"0":1,"1":1,"2":1,"3":1,"4":1,"5":1,"6":1,"7":1,"8":1},"f":{},"b":{},"_coverageSchema":"1a1c01bbd47fc00a2c39e90264f33305004495a9","hash":"2e6e5e9affb0d4b52264537e119449bc572e7955"}
,"C:\\Users\\Sneh Patel\\Desktop\\DAL\\TERM 1\\ASDC\\Project\\Group01\\server\\Routes\\user.js": {"path":"C:\\Users\\Sneh Patel\\Desktop\\DAL\\TERM 1\\ASDC\\Project\\Group01\\server\\Routes\\user.js","statementMap":{"0":{"start":{"line":1,"column":16},"end":{"line":1,"column":34}},"1":{"start":{"line":3,"column":126},"end":{"line":3,"column":165}},"2":{"start":{"line":4,"column":18},"end":{"line":4,"column":62}},"3":{"start":{"line":7,"column":15},"end":{"line":7,"column":31}},"4":{"start":{"line":9,"column":0},"end":{"line":9,"column":33}},"5":{"start":{"line":10,"column":0},"end":{"line":10,"column":35}},"6":{"start":{"line":11,"column":0},"end":{"line":11,"column":43}},"7":{"start":{"line":12,"column":0},"end":{"line":12,"column":57}},"8":{"start":{"line":13,"column":0},"end":{"line":13,"column":47}},"9":{"start":{"line":14,"column":0},"end":{"line":14,"column":47}},"10":{"start":{"line":15,"column":0},"end":{"line":15,"column":32}},"11":{"start":{"line":16,"column":0},"end":{"line":16,"column":50}},"12":{"start":{"line":17,"column":0},"end":{"line":17,"column":35}},"13":{"start":{"line":21,"column":0},"end":{"line":21,"column":24}}},"fnMap":{},"branchMap":{},"s":{"0":1,"1":1,"2":1,"3":1,"4":1,"5":1,"6":1,"7":1,"8":1,"9":1,"10":1,"11":1,"12":1,"13":1},"f":{},"b":{},"_coverageSchema":"1a1c01bbd47fc00a2c39e90264f33305004495a9","hash":"34b4c48723a56bf15e48e8bb3492eafc5755116f"}
,"C:\\Users\\Sneh Patel\\Desktop\\DAL\\TERM 1\\ASDC\\Project\\Group01\\server\\helper\\NotificationHandler.js": {"path":"C:\\Users\\Sneh Patel\\Desktop\\DAL\\TERM 1\\ASDC\\Project\\Group01\\server\\helper\\NotificationHandler.js","statementMap":{"0":{"start":{"line":1,"column":19},"end":{"line":1,"column":40}},"1":{"start":{"line":2,"column":23},"end":{"line":2,"column":56}},"2":{"start":{"line":4,"column":28},"end":{"line":50,"column":1}},"3":{"start":{"line":5,"column":71},"end":{"line":5,"column":77}},"4":{"start":{"line":6,"column":4},"end":{"line":6,"column":24}},"5":{"start":{"line":7,"column":24},"end":{"line":18,"column":6}},"6":{"start":{"line":20,"column":21},"end":{"line":20,"column":43}},"7":{"start":{"line":22,"column":4},"end":{"line":27,"column":5}},"8":{"start":{"line":23,"column":8},"end":{"line":26,"column":10}},"9":{"start":{"line":29,"column":24},"end":{"line":34,"column":5}},"10":{"start":{"line":36,"column":4},"end":{"line":49,"column":5}},"11":{"start":{"line":37,"column":25},"end":{"line":37,"column":64}},"12":{"start":{"line":38,"column":8},"end":{"line":38,"column":45}},"13":{"start":{"line":40,"column":8},"end":{"line":43,"column":10}},"14":{"start":{"line":45,"column":8},"end":{"line":48,"column":10}},"15":{"start":{"line":53,"column":0},"end":{"line":53,"column":37}}},"fnMap":{"0":{"name":"(anonymous_0)","decl":{"start":{"line":4,"column":28},"end":{"line":4,"column":29}},"loc":{"start":{"line":4,"column":46},"end":{"line":50,"column":1}},"line":4}},"branchMap":{"0":{"loc":{"start":{"line":22,"column":4},"end":{"line":27,"column":5}},"type":"if","locations":[{"start":{"line":22,"column":4},"end":{"line":27,"column":5}},{"start":{},"end":{}}],"line":22}},"s":{"0":2,"1":2,"2":2,"3":0,"4":0,"5":0,"6":0,"7":0,"8":0,"9":0,"10":0,"11":0,"12":0,"13":0,"14":0,"15":2},"f":{"0":0},"b":{"0":[0,0]},"_coverageSchema":"1a1c01bbd47fc00a2c39e90264f33305004495a9","hash":"703971313650c8ae3cf930f1c4f6a5d37ca79262"}
[...]
,"C:\\Users\\Sneh Patel\\Desktop\\DAL\\TERM 1\\ASDC\\Project\\Group01\\server\\helper\\scheduler.js": {"path":"C:\\Users\\Sneh Patel\\Desktop\\DAL\\TERM 1\\ASDC\\Project\\Group01\\server\\helper\\scheduler.js","statementMap":{"0":{"start":{"line":1,"column":17},"end":{"line":1,"column":41}},"1":{"start":{"line":3,"column":25},"end":{"line":3,"column":52}},"2":{"start":{"line":4,"column":14},"end":{"line":4,"column":35}},"3":{"start":{"line":5,"column":25},"end":{"line":5,"column":65}},"4":{"start":{"line":6,"column":19},"end":{"line":6,"column":49}},"5":{"start":{"line":7,"column":45},"end":{"line":7,"column":72}},"6":{"start":{"line":9,"column":13},"end":{"line":9,"column":43}},"7":{"start":{"line":10,"column":14},"end":{"line":10,"column":45}},"8":{"start":{"line":11,"column":28},"end":{"line":11,"column":60}},"9":{"start":{"line":14,"column":25},"end":{"line":136,"column":1}},"10":{"start":{"line":16,"column":21},"end":{"line":16,"column":64}},"11":{"start":{"line":17,"column":8},"end":{"line":17,"column":36}},"12":{"start":{"line":18,"column":20},"end":{"line":135,"column":6}},"13":{"start":{"line":19,"column":8},"end":{"line":19,"column":46}},"14":{"start":{"line":20,"column":8},"end":{"line":20,"column":49}},"15":{"start":{"line":23,"column":8},"end":{"line":29,"column":9}},"16":{"start":{"line":24,"column":12},"end":{"line":24,"column":47}},"17":{"start":{"line":25,"column":12},"end":{"line":25,"column":46}},"18":{"start":{"line":27,"column":12},"end":{"line":27,"column":25}},"19":{"start":{"line":28,"column":12},"end":{"line":28,"column":19}},"20":{"start":{"line":32,"column":8},"end":{"line":38,"column":9}},"21":{"start":{"line":33,"column":12},"end":{"line":33,"column":65}},"22":{"start":{"line":34,"column":12},"end":{"line":34,"column":72}},"23":{"start":{"line":36,"column":12},"end":{"line":36,"column":25}},"24":{"start":{"line":37,"column":12},"end":{"line":37,"column":19}},"25":{"start":{"line":41,"column":8},"end":{"line":41,"column":69}},"26":{"start":{"line":44,"column":8},"end":{"line":134,"column":11}},"27":{"start":{"line":46,"column":27},"end":{"line":46,"column":39}},"28":{"start":{"line":47,"column":25},"end":{"line":47,"column":37}},"29":{"start":{"line":49,"column":32},"end":{"line":49,"column":49}},"30":{"start":{"line":50,"column":34},"end":{"line":50,"column":51}},"31":{"start":{"line":51,"column":27},"end":{"line":51,"column":44}},"32":{"start":{"line":53,"column":31},"end":{"line":53,"column":66}},"33":{"start":{"line":54,"column":33},"end":{"line":54,"column":70}},"34":{"start":{"line":57,"column":12},"end":{"line":59,"column":13}},"35":{"start":{"line":58,"column":16},"end":{"line":58,"column":23}},"36":{"start":{"line":62,"column":29},"end":{"line":68,"column":13}},"37":{"start":{"line":69,"column":29},"end":{"line":69,"column":61}},"38":{"start":{"line":71,"column":12},"end":{"line":71,"column":51}},"39":{"start":{"line":73,"column":12},"end":{"line":94,"column":13}},"40":{"start":{"line":74,"column":16},"end":{"line":74,"column":58}},"41":{"start":{"line":76,"column":33},"end":{"line":76,"column":34}},"42":{"start":{"line":77,"column":16},"end":{"line":77,"column":48}},"43":{"start":{"line":78,"column":16},"end":{"line":84,"column":17}},"44":{"start":{"line":79,"column":20},"end":{"line":79,"column":33}},"45":{"start":{"line":80,"column":20},"end":{"line":80,"column":66}},"46":{"start":{"line":81,"column":20},"end":{"line":83,"column":21}},"47":{"start":{"line":82,"column":24},"end":{"line":82,"column":30}},"48":{"start":{"line":86,"column":16},"end":{"line":93,"column":17}},"49":{"start":{"line":87,"column":20},"end":{"line":87,"column":50}},"50":{"start":{"line":88,"column":20},"end":{"line":88,"column":38}},"51":{"start":{"line":91,"column":20},"end":{"line":91,"column":130}},"52":{"start":{"line":92,"column":20},"end":{"line":92,"column":27}},"53":{"start":{"line":96,"column":12},"end":{"line":96,"column":88}},"54":{"start":{"line":98,"column":32},"end":{"line":105,"column":13}},"55":{"start":{"line":107,"column":32},"end":{"line":107,"column":61}},"56":{"start":{"line":110,"column":12},"end":{"line":121,"column":13}},"57":{"start":{"line":111,"column":16},"end":{"line":111,"column":58}},"58":{"start":{"line":112,"column":16},"end":{"line":112,"column":31}},"59":{"start":{"line":113,"column":16},"end":{"line":120,"column":17}},"60":{"start":{"line":114,"column":20},"end":{"line":114,"column":33}},"61":{"start":{"line":115,"column":20},"end":{"line":115,"column":55}},"62":{"start":{"line":116,"column":20},"end":{"line":116,"column":66}},"63":{"start":{"line":117,"column":20},"end":{"line":119,"column":21}},"64":{"start":{"line":118,"column":24},"end":{"line":118,"column":30}},"65":{"start":{"line":123,"column":12},"end":{"line":130,"column":13}},"66":{"start":{"line":124,"column":16},"end":{"line":124,"column":53}},"67":{"start":{"line":125,"column":16},"end":{"line":125,"column":38}},"68":{"start":{"line":128,"column":16},"end":{"line":128,"column":49}},"69":{"start":{"line":129,"column":16},"end":{"line":129,"column":34}},"70":{"start":{"line":133,"column":12},"end":{"line":133,"column":121}},"71":{"start":{"line":141,"column":32},"end":{"line":186,"column":1}},"72":{"start":{"line":143,"column":17},"end":{"line":143,"column":43}},"73":{"start":{"line":144,"column":18},"end":{"line":185,"column":6}},"74":{"start":{"line":145,"column":22},"end":{"line":145,"column":51}},"75":{"start":{"line":146,"column":5},"end":{"line":146,"column":66}},"76":{"start":{"line":147,"column":8},"end":{"line":147,"column":80}},"77":{"start":{"line":149,"column":8},"end":{"line":155,"column":9}},"78":{"start":{"line":150,"column":12},"end":{"line":150,"column":47}},"79":{"start":{"line":151,"column":12},"end":{"line":151,"column":46}},"80":{"start":{"line":153,"column":12},"end":{"line":153,"column":27}},"81":{"start":{"line":154,"column":12},"end":{"line":154,"column":19}},"82":{"start":{"line":158,"column":8},"end":{"line":164,"column":9}},"83":{"start":{"line":159,"column":12},"end":{"line":159,"column":65}},"84":{"start":{"line":160,"column":12},"end":{"line":160,"column":72}},"85":{"start":{"line":162,"column":12},"end":{"line":162,"column":27}},"86":{"start":{"line":163,"column":12},"end":{"line":163,"column":19}},"87":{"start":{"line":167,"column":8},"end":{"line":167,"column":69}},"88":{"start":{"line":169,"column":8},"end":{"line":184,"column":11}},"89":{"start":{"line":170,"column":32},"end":{"line":170,"column":49}},"90":{"start":{"line":171,"column":34},"end":{"line":171,"column":51}},"91":{"start":{"line":172,"column":27},"end":{"line":172,"column":44}},"92":{"start":{"line":174,"column":12},"end":{"line":176,"column":13}},"93":{"start":{"line":175,"column":16},"end":{"line":175,"column":23}},"94":{"start":{"line":177,"column":31},"end":{"line":177,"column":66}},"95":{"start":{"line":178,"column":33},"end":{"line":178,"column":70}},"96":{"start":{"line":180,"column":27},"end":{"line":180,"column":47}},"97":{"start":{"line":183,"column":12},"end":{"line":183,"column":120}},"98":{"start":{"line":189,"column":4},"end":{"line":189,"column":27}},"99":{"start":{"line":190,"column":20},"end":{"line":190,"column":58}},"100":{"start":{"line":191,"column":4},"end":{"line":191,"column":31}},"101":{"start":{"line":192,"column":4},"end":{"line":194,"column":5}},"102":{"start":{"line":193,"column":8},"end":{"line":193,"column":20}},"103":{"start":{"line":195,"column":4},"end":{"line":195,"column":24}},"104":{"start":{"line":200,"column":4},"end":{"line":209,"column":7}},"105":{"start":{"line":212,"column":4},"end":{"line":221,"column":7}},"106":{"start":{"line":224,"column":0},"end":{"line":224,"column":61}}},"fnMap":{"0":{"name":"(anonymous_0)","decl":{"start":{"line":14,"column":25},"end":{"line":14,"column":26}},"loc":{"start":{"line":14,"column":62},"end":{"line":136,"column":1}},"line":14},"1":{"name":"(anonymous_1)","decl":{"start":{"line":18,"column":47},"end":{"line":18,"column":48}},"loc":{"start":{"line":18,"column":63},"end":{"line":135,"column":5}},"line":18},"2":{"name":"(anonymous_2)","decl":{"start":{"line":44,"column":38},"end":{"line":44,"column":39}},"loc":{"start":{"line":44,"column":68},"end":{"line":134,"column":9}},"line":44},"3":{"name":"(anonymous_3)","decl":{"start":{"line":141,"column":32},"end":{"line":141,"column":33}},"loc":{"start":{"line":141,"column":70},"end":{"line":186,"column":1}},"line":141},"4":{"name":"(anonymous_4)","decl":{"start":{"line":144,"column":45},"end":{"line":144,"column":46}},"loc":{"start":{"line":144,"column":61},"end":{"line":185,"column":5}},"line":144},"5":{"name":"(anonymous_5)","decl":{"start":{"line":169,"column":38},"end":{"line":169,"column":39}},"loc":{"start":{"line":169,"column":68},"end":{"line":184,"column":9}},"line":169},"6":{"name":"getUserFromEmail","decl":{"start":{"line":188,"column":15},"end":{"line":188,"column":31}},"loc":{"start":{"line":188,"column":42},"end":{"line":196,"column":1}},"line":188},"7":{"name":"pushNotification","decl":{"start":{"line":198,"column":15},"end":{"line":198,"column":31}},"loc":{"start":{"line":198,"column":120},"end":{"line":222,"column":1}},"line":198}},"branchMap":{"0":{"loc":{"start":{"line":23,"column":8},"end":{"line":29,"column":9}},"type":"if","locations":[{"start":{"line":23,"column":8},"end":{"line":29,"column":9}},{"start":{},"end":{}}],"line":23},"1":{"loc":{"start":{"line":32,"column":8},"end":{"line":38,"column":9}},"type":"if","locations":[{"start":{"line":32,"column":8},"end":{"line":38,"column":9}},{"start":{},"end":{}}],"line":32},"2":{"loc":{"start":{"line":57,"column":12},"end":{"line":59,"column":13}},"type":"if","locations":[{"start":{"line":57,"column":12},"end":{"line":59,"column":13}},{"start":{},"end":{}}],"line":57},"3":{"loc":{"start":{"line":73,"column":12},"end":{"line":94,"column":13}},"type":"if","locations":[{"start":{"line":73,"column":12},"end":{"line":94,"column":13}},{"start":{},"end":{}}],"line":73},"4":{"loc":{"start":{"line":81,"column":20},"end":{"line":83,"column":21}},"type":"if","locations":[{"start":{"line":81,"column":20},"end":{"line":83,"column":21}},{"start":{},"end":{}}],"line":81},"5":{"loc":{"start":{"line":86,"column":16},"end":{"line":93,"column":17}},"type":"if","locations":[{"start":{"line":86,"column":16},"end":{"line":93,"column":17}},{"start":{},"end":{}}],"line":86},"6":{"loc":{"start":{"line":110,"column":12},"end":{"line":121,"column":13}},"type":"if","locations":[{"start":{"line":110,"column":12},"end":{"line":121,"column":13}},{"start":{},"end":{}}],"line":110},"7":{"loc":{"start":{"line":117,"column":20},"end":{"line":119,"column":21}},"type":"if","locations":[{"start":{"line":117,"column":20},"end":{"line":119,"column":21}},{"start":{},"end":{}}],"line":117},"8":{"loc":{"start":{"line":123,"column":12},"end":{"line":130,"column":13}},"type":"if","locations":[{"start":{"line":123,"column":12},"end":{"line":130,"column":13}},{"start":{"line":127,"column":16},"end":{"line":130,"column":13}}],"line":123},"9":{"loc":{"start":{"line":149,"column":8},"end":{"line":155,"column":9}},"type":"if","locations":[{"start":{"line":149,"column":8},"end":{"line":155,"column":9}},{"start":{},"end":{}}],"line":149},"10":{"loc":{"start":{"line":158,"column":8},"end":{"line":164,"column":9}},"type":"if","locations":[{"start":{"line":158,"column":8},"end":{"line":164,"column":9}},{"start":{},"end":{}}],"line":158},"11":{"loc":{"start":{"line":174,"column":12},"end":{"line":176,"column":13}},"type":"if","locations":[{"start":{"line":174,"column":12},"end":{"line":176,"column":13}},{"start":{},"end":{}}],"line":174},"12":{"loc":{"start":{"line":192,"column":4},"end":{"line":194,"column":5}},"type":"if","locations":[{"start":{"line":192,"column":4},"end":{"line":194,"column":5}},{"start":{},"end":{}}],"line":192}},"s":{"0":2,"1":2,"2":2,"3":2,"4":2,"5":2,"6":2,"7":2,"8":2,"9":2,"10":0,"11":0,"12":0,"13":0,"14":0,"15":0,"16":0,"17":0,"18":0,"19":0,"20":0,"21":0,"22":0,"23":0,"24":0,"25":0,"26":0,"27":0,"28":0,"29":0,"30":0,"31":0,"32":0,"33":0,"34":0,"35":0,"36":0,"37":0,"38":0,"39":0,"40":0,"41":0,"42":0,"43":0,"44":0,"45":0,"46":0,"47":0,"48":0,"49":0,"50":0,"51":0,"52":0,"53":0,"54":0,"55":0,"56":0,"57":0,"58":0,"59":0,"60":0,"61":0,"62":0,"63":0,"64":0,"65":0,"66":0,"67":0,"68":0,"69":0,"70":0,"71":2,"72":0,"73":0,"74":0,"75":0,"76":0,"77":0,"78":0,"79":0,"80":0,"81":0,"82":0,"83":0,"84":0,"85":0,"86":0,"87":0,"88":0,"89":0,"90":0,"91":0,"92":0,"93":0,"94":0,"95":0,"96":0,"97":0,"98":0,"99":0,"100":0,"101":0,"102":0,"103":0,"104":0,"105":0,"106":2},"f":{"0":0,"1":0,"2":0,"3":0,"4":0,"5":0,"6":0,"7":0},"b":{"0":[0,0],"1":[0,0],"2":[0,0],"3":[0,0],"4":[0,0],"5":[0,0],"6":[0,0],"7":[0,0],"8":[0,0],"9":[0,0],"10":[0,0],"11":[0,0],"12":[0,0]},"_coverageSchema":"1a1c01bbd47fc00a2c39e90264f33305004495a9","hash":"34d69d3d6497e42c0ca673a93d5c5b4fe532d158"}
,"C:\\Users\\Sneh Patel\\Desktop\\DAL\\TERM 1\\ASDC\\Project\\Group01\\server\\helper\\spliting.js": {"path":"C:\\Users\\Sneh Patel\\Desktop\\DAL\\TERM 1\\ASDC\\Project\\Group01\\server\\helper\\spliting.js","statementMap":{"0":{"start":{"line":3,"column":17},"end":{"line":3,"column":28}},"1":{"start":{"line":4,"column":26},"end":{"line":4,"column":63}},"2":{"start":{"line":7,"column":18},"end":{"line":7,"column":27}},"3":{"start":{"line":8,"column":8},"end":{"line":23,"column":9}},"4":{"start":{"line":9,"column":12},"end":{"line":9,"column":28}},"5":{"start":{"line":10,"column":12},"end":{"line":22,"column":13}},"6":{"start":{"line":11,"column":16},"end":{"line":21,"column":17}},"7":{"start":{"line":12,"column":20},"end":{"line":20,"column":21}},"8":{"start":{"line":13,"column":24},"end":{"line":17,"column":25}},"9":{"start":{"line":14,"column":28},"end":{"line":14,"column":77}},"10":{"start":{"line":16,"column":28},"end":{"line":16,"column":77}},"11":{"start":{"line":18,"column":24},"end":{"line":18,"column":51}},"12":{"start":{"line":19,"column":24},"end":{"line":19,"column":51}},"13":{"start":{"line":27,"column":34},"end":{"line":27,"column":50}},"14":{"start":{"line":27,"column":58},"end":{"line":27,"column":74}},"15":{"start":{"line":28,"column":8},"end":{"line":37,"column":9}},"16":{"start":{"line":29,"column":12},"end":{"line":32,"column":13}},"17":{"start":{"line":30,"column":16},"end":{"line":30,"column":45}},"18":{"start":{"line":31,"column":16},"end":{"line":31,"column":27}},"19":{"start":{"line":33,"column":12},"end":{"line":36,"column":13}},"20":{"start":{"line":34,"column":16},"end":{"line":34,"column":45}},"21":{"start":{"line":35,"column":16},"end":{"line":35,"column":27}},"22":{"start":{"line":38,"column":8},"end":{"line":38,"column":32}},"23":{"start":{"line":42,"column":8},"end":{"line":58,"column":9}},"24":{"start":{"line":43,"column":25},"end":{"line":43,"column":42}},"25":{"start":{"line":44,"column":12},"end":{"line":46,"column":13}},"26":{"start":{"line":45,"column":16},"end":{"line":45,"column":22}},"27":{"start":{"line":48,"column":28},"end":{"line":48,"column":101}},"28":{"start":{"line":49,"column":12},"end":{"line":51,"column":13}},"29":{"start":{"line":50,"column":16},"end":{"line":50,"column":22}},"30":{"start":{"line":53,"column":12},"end":{"line":53,"column":87}},"31":{"start":{"line":54,"column":12},"end":{"line":54,"column":87}},"32":{"start":{"line":55,"column":12},"end":{"line":55,"column":77}},"33":{"start":{"line":56,"column":22},"end":{"line":56,"column":55}},"34":{"start":{"line":57,"column":12},"end":{"line":57,"column":29}},"35":{"start":{"line":62,"column":4},"end":{"line":62,"column":27}},"36":{"start":{"line":63,"column":4},"end":{"line":63,"column":13}},"37":{"start":{"line":65,"column":4},"end":{"line":65,"column":18}},"38":{"start":{"line":68,"column":0},"end":{"line":68,"column":31}}},"fnMap":{"0":{"name":"simplifyDebts","decl":{"start":{"line":2,"column":9},"end":{"line":2,"column":22}},"loc":{"start":{"line":2,"column":36},"end":{"line":66,"column":1}},"line":2},"1":{"name":"settleSimilarFigures","decl":{"start":{"line":6,"column":13},"end":{"line":6,"column":33}},"loc":{"start":{"line":6,"column":35},"end":{"line":24,"column":5}},"line":6},"2":{"name":"getMaxMinCredit","decl":{"start":{"line":26,"column":13},"end":{"line":26,"column":28}},"loc":{"start":{"line":26,"column":30},"end":{"line":39,"column":5}},"line":26},"3":{"name":"helper","decl":{"start":{"line":41,"column":13},"end":{"line":41,"column":19}},"loc":{"start":{"line":41,"column":22},"end":{"line":59,"column":5}},"line":41}},"branchMap":{"0":{"loc":{"start":{"line":11,"column":16},"end":{"line":21,"column":17}},"type":"if","locations":[{"start":{"line":11,"column":16},"end":{"line":21,"column":17}},{"start":{},"end":{}}],"line":11},"1":{"loc":{"start":{"line":11,"column":19},"end":{"line":11,"column":46}},"type":"binary-expr","locations":[{"start":{"line":11,"column":19},"end":{"line":11,"column":32}},{"start":{"line":11,"column":36},"end":{"line":11,"column":46}}],"line":11},"2":{"loc":{"start":{"line":12,"column":20},"end":{"line":20,"column":21}},"type":"if","locations":[{"start":{"line":12,"column":20},"end":{"line":20,"column":21}},{"start":{},"end":{}}],"line":12},"3":{"loc":{"start":{"line":13,"column":24},"end":{"line":17,"column":25}},"type":"if","locations":[{"start":{"line":13,"column":24},"end":{"line":17,"column":25}},{"start":{"line":15,"column":29},"end":{"line":17,"column":25}}],"line":13},"4":{"loc":{"start":{"line":29,"column":12},"end":{"line":32,"column":13}},"type":"if","locations":[{"start":{"line":29,"column":12},"end":{"line":32,"column":13}},{"start":{},"end":{}}],"line":29},"5":{"loc":{"start":{"line":33,"column":12},"end":{"line":36,"column":13}},"type":"if","locations":[{"start":{"line":33,"column":12},"end":{"line":36,"column":13}},{"start":{},"end":{}}],"line":33},"6":{"loc":{"start":{"line":44,"column":12},"end":{"line":46,"column":13}},"type":"if","locations":[{"start":{"line":44,"column":12},"end":{"line":46,"column":13}},{"start":{},"end":{}}],"line":44},"7":{"loc":{"start":{"line":44,"column":16},"end":{"line":44,"column":120}},"type":"binary-expr","locations":[{"start":{"line":44,"column":16},"end":{"line":44,"column":26}},{"start":{"line":44,"column":30},"end":{"line":44,"column":40}},{"start":{"line":44,"column":44},"end":{"line":44,"column":80}},{"start":{"line":44,"column":84},"end":{"line":44,"column":120}}],"line":44},"8":{"loc":{"start":{"line":49,"column":12},"end":{"line":51,"column":13}},"type":"if","locations":[{"start":{"line":49,"column":12},"end":{"line":51,"column":13}},{"start":{},"end":{}}],"line":49}},"s":{"0":5,"1":5,"2":5,"3":5,"4":12,"5":12,"6":38,"7":13,"8":2,"9":0,"10":2,"11":2,"12":2,"13":10,"14":10,"15":10,"16":28,"17":18,"18":18,"19":28,"20":7,"21":7,"22":10,"23":5,"24":10,"25":10,"26":5,"27":5,"28":5,"29":0,"30":5,"31":5,"32":5,"33":5,"34":5,"35":5,"36":5,"37":5,"38":3},"f":{"0":5,"1":5,"2":10,"3":5},"b":{"0":[13,25],"1":[38,13],"2":[2,11],"3":[0,2],"4":[18,10],"5":[7,21],"6":[5,5],"7":[10,9,7,5],"8":[0,5]},"_coverageSchema":"1a1c01bbd47fc00a2c39e90264f33305004495a9","hash":"4482dffb8b0275f017cee87b3e28e241adc94c8b"}
}
