TN:
SF:index.js
FN:14,(anonymous_0)
FN:23,(anonymous_1)
FN:24,(anonymous_2)
FN:28,(anonymous_3)
FNF:4
FNH:0
FNDA:0,(anonymous_0)
FNDA:0,(anonymous_1)
FNDA:0,(anonymous_2)
FNDA:0,(anonymous_3)
DA:1,1
DA:2,1
DA:3,1
DA:4,1
DA:5,1
DA:7,1
DA:8,1
DA:9,1
DA:10,1
DA:11,1
DA:12,1
DA:14,1
DA:15,0
DA:18,1
DA:19,1
DA:20,1
DA:22,1
DA:24,0
DA:25,0
DA:29,0
LF:20
LH:16
BRF:0
BRH:0
end_of_record
TN:
SF:Controller\contactUsController.js
FN:3,(anonymous_0)
FN:26,(anonymous_1)
FNF:2
FNH:0
FNDA:0,(anonymous_0)
FNDA:0,(anonymous_1)
DA:1,1
DA:3,1
DA:4,0
DA:6,0
DA:19,0
DA:26,0
DA:27,0
DA:28,0
DA:30,0
DA:31,0
DA:37,1
LF:11
LH:3
BRDA:27,0,0,0
BRDA:27,0,1,0
BRF:2
BRH:0
end_of_record
TN:
SF:Controller\expenseController.js
FN:6,(anonymous_0)
FN:45,(anonymous_1)
FN:73,(anonymous_2)
FN:101,(anonymous_3)
FN:131,(anonymous_4)
FN:164,(anonymous_5)
FN:186,(anonymous_6)
FN:215,(anonymous_7)
FN:251,(anonymous_8)
FN:301,(anonymous_9)
FN:341,(anonymous_10)
FN:364,(anonymous_11)
FNF:12
FNH:10
FNDA:4,(anonymous_0)
FNDA:0,(anonymous_1)
FNDA:0,(anonymous_2)
FNDA:3,(anonymous_3)
FNDA:3,(anonymous_4)
FNDA:1,(anonymous_5)
FNDA:2,(anonymous_6)
FNDA:2,(anonymous_7)
FNDA:2,(anonymous_8)
FNDA:2,(anonymous_9)
FNDA:2,(anonymous_10)
FNDA:1,(anonymous_11)
DA:1,2
DA:2,2
DA:3,2
DA:6,2
DA:7,4
DA:8,4
DA:9,4
DA:13,4
DA:14,1
DA:15,1
DA:16,1
DA:19,3
DA:21,3
DA:22,3
DA:24,2
DA:32,1
DA:39,3
DA:45,2
DA:46,0
DA:47,0
DA:50,0
DA:51,0
DA:52,0
DA:53,0
DA:55,0
DA:59,0
DA:61,0
DA:67,0
DA:73,2
DA:74,0
DA:75,0
DA:80,0
DA:81,0
DA:82,0
DA:83,0
DA:85,0
DA:86,0
DA:87,0
DA:89,0
DA:95,0
DA:101,2
DA:102,3
DA:103,3
DA:110,2
DA:111,1
DA:112,1
DA:113,1
DA:115,1
DA:116,1
DA:117,2
DA:119,1
DA:126,2
DA:131,2
DA:133,3
DA:134,3
DA:143,2
DA:144,1
DA:145,1
DA:146,1
DA:148,1
DA:149,1
DA:150,1
DA:152,1
DA:159,2
DA:164,2
DA:165,1
DA:166,1
DA:169,1
DA:170,0
DA:171,0
DA:172,0
DA:174,1
DA:180,0
DA:186,2
DA:187,2
DA:188,2
DA:203,1
DA:209,1
DA:215,2
DA:216,2
DA:217,2
DA:239,1
DA:245,1
DA:251,2
DA:252,2
DA:253,2
DA:288,1
DA:293,1
DA:301,2
DA:302,2
DA:303,2
DA:330,1
DA:335,1
DA:341,2
DA:342,2
DA:343,2
DA:352,0
DA:357,2
DA:358,2
DA:364,2
DA:366,1
DA:367,1
DA:400,1
DA:405,0
DA:413,2
LF:105
LH:78
BRDA:13,0,0,1
BRDA:13,0,1,3
BRDA:39,1,0,3
BRDA:39,1,1,2
BRDA:50,2,0,0
BRDA:50,2,1,0
BRDA:67,3,0,0
BRDA:67,3,1,0
BRDA:80,4,0,0
BRDA:80,4,1,0
BRDA:95,5,0,0
BRDA:95,5,1,0
BRDA:110,6,0,1
BRDA:110,6,1,1
BRDA:126,7,0,2
BRDA:126,7,1,1
BRDA:143,8,0,1
BRDA:143,8,1,1
BRDA:159,9,0,2
BRDA:159,9,1,1
BRDA:169,10,0,0
BRDA:169,10,1,1
BRDA:180,11,0,0
BRDA:180,11,1,0
BRDA:209,12,0,1
BRDA:209,12,1,1
BRDA:245,13,0,1
BRDA:245,13,1,1
BRDA:293,14,0,1
BRDA:293,14,1,1
BRDA:335,15,0,1
BRDA:335,15,1,1
BRDA:358,16,0,2
BRDA:358,16,1,2
BRDA:405,17,0,0
BRDA:405,17,1,0
BRF:36
BRH:23
end_of_record
TN:
SF:Controller\groupController.js
FN:10,(anonymous_0)
FN:73,(anonymous_1)
FN:101,(anonymous_2)
FN:124,(anonymous_3)
FN:151,(anonymous_4)
FN:177,(anonymous_5)
FN:199,(anonymous_6)
FN:216,(anonymous_7)
FN:230,(anonymous_8)
FNF:9
FNH:0
FNDA:0,(anonymous_0)
FNDA:0,(anonymous_1)
FNDA:0,(anonymous_2)
FNDA:0,(anonymous_3)
FNDA:0,(anonymous_4)
FNDA:0,(anonymous_5)
FNDA:0,(anonymous_6)
FNDA:0,(anonymous_7)
FNDA:0,(anonymous_8)
DA:1,2
DA:2,2
DA:3,2
DA:4,2
DA:5,2
DA:6,2
DA:7,2
DA:10,2
DA:11,0
DA:13,0
DA:14,0
DA:15,0
DA:16,0
DA:17,0
DA:21,0
DA:26,0
DA:28,0
DA:29,0
DA:31,0
DA:34,0
DA:35,0
DA:37,0
DA:38,0
DA:39,0
DA:41,0
DA:42,0
DA:43,0
DA:44,0
DA:54,0
DA:58,0
DA:61,0
DA:62,0
DA:69,0
DA:73,2
DA:75,0
DA:77,0
DA:78,0
DA:79,0
DA:83,0
DA:84,0
DA:85,0
DA:90,0
DA:91,0
DA:98,0
DA:101,2
DA:102,0
DA:103,0
DA:105,0
DA:106,0
DA:107,0
DA:113,0
DA:114,0
DA:120,0
DA:124,2
DA:125,0
DA:128,0
DA:129,0
DA:130,0
DA:131,0
DA:133,0
DA:134,0
DA:137,0
DA:138,0
DA:140,0
DA:142,0
DA:143,0
DA:145,0
DA:151,2
DA:152,0
DA:155,0
DA:156,0
DA:157,0
DA:158,0
DA:160,0
DA:161,0
DA:164,0
DA:165,0
DA:167,0
DA:169,0
DA:170,0
DA:172,0
DA:177,2
DA:178,0
DA:179,0
DA:183,0
DA:184,0
DA:185,0
DA:186,0
DA:188,0
DA:193,0
DA:199,2
DA:200,0
DA:201,0
DA:204,0
DA:206,0
DA:207,0
DA:210,0
DA:212,0
DA:213,0
DA:216,0
DA:218,0
DA:224,0
DA:226,0
DA:227,0
DA:230,2
DA:231,0
DA:232,0
DA:235,0
DA:236,0
DA:237,0
DA:238,0
DA:239,0
DA:243,0
DA:244,0
DA:246,0
DA:248,0
DA:250,0
DA:257,0
DA:263,2
LF:119
LH:16
BRDA:15,0,0,0
BRDA:15,0,1,0
BRDA:15,1,0,0
BRDA:15,1,1,0
BRDA:15,1,2,0
BRDA:15,1,3,0
BRDA:43,2,0,0
BRDA:43,2,1,0
BRDA:43,3,0,0
BRDA:43,3,1,0
BRDA:77,4,0,0
BRDA:77,4,1,0
BRDA:77,5,0,0
BRDA:77,5,1,0
BRDA:183,6,0,0
BRDA:183,6,1,0
BRDA:193,7,0,0
BRDA:193,7,1,0
BRDA:206,8,0,0
BRDA:206,8,1,0
BRDA:212,9,0,0
BRDA:212,9,1,0
BRDA:236,10,0,0
BRDA:236,10,1,0
BRDA:257,11,0,0
BRDA:257,11,1,0
BRF:26
BRH:0
end_of_record
TN:
SF:Controller\userController.js
FN:10,(anonymous_0)
FN:14,(anonymous_1)
FN:26,(anonymous_2)
FN:49,(anonymous_3)
FN:83,(anonymous_4)
FN:122,(anonymous_5)
FN:144,(anonymous_6)
FN:171,(anonymous_7)
FN:179,(anonymous_8)
FNF:9
FNH:7
FNDA:2,(anonymous_0)
FNDA:2,(anonymous_1)
FNDA:2,(anonymous_2)
FNDA:0,(anonymous_3)
FNDA:1,(anonymous_4)
FNDA:2,(anonymous_5)
FNDA:3,(anonymous_6)
FNDA:0,(anonymous_7)
FNDA:1,(anonymous_8)
DA:1,1
DA:2,1
DA:3,1
DA:4,1
DA:5,1
DA:7,1
DA:10,1
DA:11,2
DA:14,1
DA:15,2
DA:16,2
DA:17,2
DA:18,1
DA:19,1
DA:22,1
DA:26,1
DA:27,2
DA:28,2
DA:29,2
DA:30,1
DA:31,1
DA:40,1
DA:41,1
DA:45,1
DA:49,1
DA:50,0
DA:52,0
DA:53,0
DA:55,0
DA:57,0
DA:59,0
DA:69,0
DA:70,0
DA:72,0
DA:73,0
DA:74,0
DA:75,0
DA:77,0
DA:83,1
DA:84,1
DA:85,1
DA:86,1
DA:87,0
DA:88,0
DA:101,0
DA:108,0
DA:109,0
DA:111,0
DA:114,0
DA:118,1
DA:122,1
DA:123,2
DA:124,2
DA:125,2
DA:126,1
DA:135,1
DA:136,1
DA:138,1
DA:144,1
DA:145,3
DA:146,3
DA:147,3
DA:148,1
DA:158,1
DA:159,1
DA:161,2
DA:162,0
DA:163,2
DA:164,1
DA:166,1
DA:171,1
DA:172,0
DA:173,0
DA:174,0
DA:179,1
DA:180,1
DA:182,1
DA:183,1
DA:185,0
DA:186,0
DA:190,0
DA:198,0
DA:199,0
DA:201,0
DA:203,1
DA:204,1
DA:210,1
LF:87
LH:57
BRDA:72,0,0,0
BRDA:72,0,1,0
BRDA:74,1,0,0
BRDA:74,1,1,0
BRDA:109,2,0,0
BRDA:109,2,1,0
BRDA:161,3,0,0
BRDA:161,3,1,2
BRDA:163,4,0,1
BRDA:163,4,1,1
BRDA:185,5,0,0
BRDA:185,5,1,0
BRF:12
BRH:3
end_of_record
TN:
SF:Models\expenseModel.js
FNF:0
FNH:0
DA:1,2
DA:3,2
DA:50,2
LF:3
LH:3
BRF:0
BRH:0
end_of_record
TN:
SF:Models\groupModel.js
FNF:0
FNH:0
DA:1,2
DA:3,2
DA:25,2
LF:3
LH:3
BRF:0
BRH:0
end_of_record
TN:
SF:Models\userAccountModel.js
FNF:0
FNH:0
DA:1,2
DA:5,2
DA:24,2
DA:43,2
LF:4
LH:4
BRF:0
BRH:0
end_of_record
TN:
SF:Models\userModel.js
FN:50,(anonymous_0)
FN:76,(anonymous_1)
FN:100,(anonymous_2)
FN:116,(anonymous_3)
FN:131,(anonymous_4)
FN:139,(anonymous_5)
FN:159,(anonymous_6)
FNF:7
FNH:0
FNDA:0,(anonymous_0)
FNDA:0,(anonymous_1)
FNDA:0,(anonymous_2)
FNDA:0,(anonymous_3)
FNDA:0,(anonymous_4)
FNDA:0,(anonymous_5)
FNDA:0,(anonymous_6)
DA:1,2
DA:2,2
DA:3,2
DA:5,2
DA:24,2
DA:50,2
DA:51,0
DA:53,0
DA:55,0
DA:57,0
DA:59,0
DA:61,0
DA:64,0
DA:65,0
DA:66,0
DA:69,0
DA:70,0
DA:72,0
DA:73,0
DA:76,2
DA:77,0
DA:79,0
DA:81,0
DA:83,0
DA:85,0
DA:87,0
DA:89,0
DA:90,0
DA:91,0
DA:93,0
DA:94,0
DA:96,0
DA:98,0
DA:100,2
DA:101,0
DA:103,0
DA:105,0
DA:107,0
DA:109,0
DA:110,0
DA:111,0
DA:113,0
DA:116,2
DA:117,0
DA:119,0
DA:121,0
DA:122,0
DA:124,0
DA:125,0
DA:126,0
DA:128,0
DA:131,2
DA:132,0
DA:133,0
DA:135,0
DA:136,0
DA:139,2
DA:140,0
DA:141,0
DA:142,0
DA:144,0
DA:146,0
DA:148,0
DA:150,0
DA:151,0
DA:153,0
DA:155,0
DA:159,2
DA:160,0
DA:161,0
DA:168,2
LF:71
LH:13
BRDA:51,0,0,0
BRDA:51,0,1,0
BRDA:51,1,0,0
BRDA:51,1,1,0
BRDA:51,1,2,0
BRDA:55,2,0,0
BRDA:55,2,1,0
BRDA:59,3,0,0
BRDA:59,3,1,0
BRDA:65,4,0,0
BRDA:65,4,1,0
BRDA:77,5,0,0
BRDA:77,5,1,0
BRDA:77,6,0,0
BRDA:77,6,1,0
BRDA:81,7,0,0
BRDA:81,7,1,0
BRDA:85,8,0,0
BRDA:85,8,1,0
BRDA:90,9,0,0
BRDA:90,9,1,0
BRDA:94,10,0,0
BRDA:94,10,1,0
BRDA:101,11,0,0
BRDA:101,11,1,0
BRDA:105,12,0,0
BRDA:105,12,1,0
BRDA:110,13,0,0
BRDA:110,13,1,0
BRDA:117,14,0,0
BRDA:117,14,1,0
BRDA:125,15,0,0
BRDA:125,15,1,0
BRDA:132,16,0,0
BRDA:132,16,1,0
BRDA:142,17,0,0
BRDA:142,17,1,0
BRDA:146,18,0,0
BRDA:146,18,1,0
BRF:39
BRH:0
end_of_record
TN:
SF:PaymentProcessor\bankModel.js
FN:10,(anonymous_0)
FN:31,(anonymous_1)
FN:55,(anonymous_2)
FN:67,(anonymous_3)
FN:89,(anonymous_4)
FNF:5
FNH:0
FNDA:0,(anonymous_0)
FNDA:0,(anonymous_1)
FNDA:0,(anonymous_2)
FNDA:0,(anonymous_3)
FNDA:0,(anonymous_4)
DA:8,2
DA:10,2
DA:11,0
DA:12,0
DA:13,0
DA:19,0
DA:20,0
DA:21,0
DA:24,0
DA:25,0
DA:27,0
DA:31,2
DA:32,0
DA:33,0
DA:34,0
DA:35,0
DA:39,0
DA:40,0
DA:42,0
DA:45,0
DA:48,0
DA:49,0
DA:51,0
DA:55,2
DA:56,0
DA:57,0
DA:58,0
DA:59,0
DA:61,0
DA:62,0
DA:67,2
DA:68,0
DA:69,0
DA:71,0
DA:72,0
DA:73,0
DA:74,0
DA:75,0
DA:76,0
DA:77,0
DA:78,0
DA:81,0
DA:82,0
DA:85,0
DA:89,2
DA:90,0
DA:91,0
DA:93,0
DA:94,0
DA:95,0
DA:97,0
DA:98,0
DA:99,0
DA:100,0
DA:101,0
DA:104,0
DA:105,0
DA:108,0
DA:112,2
LF:59
LH:7
BRDA:20,0,0,0
BRDA:20,0,1,0
BRDA:34,1,0,0
BRDA:34,1,1,0
BRDA:42,2,0,0
BRDA:42,2,1,0
BRDA:42,3,0,0
BRDA:42,3,1,0
BRDA:42,3,2,0
BRDA:76,4,0,0
BRDA:76,4,1,0
BRDA:99,5,0,0
BRDA:99,5,1,0
BRF:13
BRH:0
end_of_record
TN:
SF:PaymentProcessor\processor.js
FN:7,(anonymous_0)
FN:124,fetchCard
FN:143,checkBalance
FNF:3
FNH:0
FNDA:0,(anonymous_0)
FNDA:0,fetchCard
FNDA:0,checkBalance
DA:1,2
DA:2,2
DA:3,2
DA:4,2
DA:7,2
DA:8,0
DA:9,0
DA:11,0
DA:12,0
DA:18,0
DA:21,0
DA:22,0
DA:23,0
DA:24,0
DA:27,0
DA:28,0
DA:31,0
DA:32,0
DA:33,0
DA:41,0
DA:44,0
DA:45,0
DA:46,0
DA:54,0
DA:58,0
DA:59,0
DA:60,0
DA:68,0
DA:71,0
DA:72,0
DA:73,0
DA:75,0
DA:76,0
DA:77,0
DA:78,0
DA:80,0
DA:81,0
DA:83,0
DA:85,0
DA:88,0
DA:89,0
DA:92,0
DA:100,0
DA:104,0
DA:112,0
DA:115,0
DA:120,0
DA:125,0
DA:126,0
DA:128,0
DA:129,0
DA:130,0
DA:133,0
DA:134,0
DA:136,0
DA:137,0
DA:144,0
DA:145,0
DA:146,0
DA:147,0
DA:149,0
DA:152,2
LF:62
LH:6
BRDA:11,0,0,0
BRDA:11,0,1,0
BRDA:11,1,0,0
BRDA:11,1,1,0
BRDA:11,1,2,0
BRDA:11,1,3,0
BRDA:11,1,4,0
BRDA:32,2,0,0
BRDA:32,2,1,0
BRDA:45,3,0,0
BRDA:45,3,1,0
BRDA:59,4,0,0
BRDA:59,4,1,0
BRDA:75,5,0,0
BRDA:75,5,1,0
BRDA:80,6,0,0
BRDA:80,6,1,0
BRDA:128,7,0,0
BRDA:128,7,1,0
BRDA:128,8,0,0
BRDA:128,8,1,0
BRDA:145,9,0,0
BRDA:145,9,1,0
BRF:23
BRH:0
end_of_record
TN:
SF:Routes\expense.js
FNF:0
FNH:0
DA:1,1
DA:2,1
DA:4,1
DA:7,1
DA:8,1
DA:9,1
DA:10,1
DA:11,1
DA:12,1
DA:13,1
DA:14,1
DA:15,1
DA:16,1
DA:17,1
DA:18,1
DA:20,1
LF:16
LH:16
BRF:0
BRH:0
end_of_record
TN:
SF:Routes\groupRoutes.js
FNF:0
FNH:0
DA:1,1
DA:2,1
DA:5,1
DA:6,1
DA:7,1
DA:8,1
DA:9,1
DA:10,1
DA:13,1
LF:9
LH:9
BRF:0
BRH:0
end_of_record
TN:
SF:Routes\user.js
FNF:0
FNH:0
DA:1,1
DA:3,1
DA:4,1
DA:7,1
DA:9,1
DA:10,1
DA:11,1
DA:12,1
DA:13,1
DA:14,1
DA:15,1
DA:16,1
DA:17,1
DA:21,1
LF:14
LH:14
BRF:0
BRH:0
end_of_record
TN:
SF:helper\NotificationHandler.js
FN:4,(anonymous_0)
FNF:1
FNH:1
FNDA:1,(anonymous_0)
DA:1,3
DA:2,3
DA:4,3
DA:5,1
DA:6,1
DA:7,1
DA:20,1
DA:22,1
DA:23,0
DA:24,0
DA:30,1
DA:37,1
DA:38,1
DA:39,1
DA:41,1
DA:46,0
DA:47,0
DA:55,3
LF:18
LH:14
BRDA:22,0,0,0
BRDA:22,0,1,1
BRF:2
BRH:1
end_of_record
TN:
SF:helper\makeSettlement.js
FN:3,(anonymous_0)
FNF:1
FNH:0
FNDA:0,(anonymous_0)
DA:1,2
DA:3,2
DA:4,0
DA:5,0
DA:6,0
DA:11,0
DA:12,0
DA:13,0
DA:14,0
DA:17,0
DA:18,0
DA:20,0
DA:22,0
DA:30,0
DA:34,0
DA:37,2
LF:16
LH:3
BRDA:11,0,0,0
BRDA:11,0,1,0
BRF:2
BRH:0
end_of_record
TN:
SF:helper\moveMemberToSettled.js
FN:3,(anonymous_0)
FN:11,(anonymous_1)
FNF:2
FNH:0
FNDA:0,(anonymous_0)
FNDA:0,(anonymous_1)
DA:1,2
DA:3,2
DA:4,0
DA:5,0
DA:7,0
DA:8,0
DA:10,0
DA:11,0
DA:13,0
DA:17,0
DA:18,0
DA:19,0
DA:20,0
DA:24,0
DA:26,0
DA:30,2
LF:16
LH:3
BRDA:8,0,0,0
BRDA:8,0,1,0
BRDA:17,1,0,0
BRDA:17,1,1,0
BRDA:17,2,0,0
BRDA:17,2,1,0
BRDA:17,2,2,0
BRF:7
BRH:0
end_of_record
TN:
SF:helper\scheduler.js
FN:11,(anonymous_0)
FN:14,(anonymous_1)
FN:40,(anonymous_2)
FN:104,calculatePeriodFromString
FNF:4
FNH:0
FNDA:0,(anonymous_0)
FNDA:0,(anonymous_1)
FNDA:0,(anonymous_2)
FNDA:0,calculatePeriodFromString
DA:1,2
DA:3,2
DA:4,2
DA:5,2
DA:6,2
DA:8,2
DA:11,2
DA:12,0
DA:13,0
DA:14,0
DA:15,0
DA:16,0
DA:19,0
DA:20,0
DA:21,0
DA:23,0
DA:24,0
DA:28,0
DA:29,0
DA:30,0
DA:32,0
DA:33,0
DA:37,0
DA:40,0
DA:42,0
DA:49,0
DA:51,0
DA:53,0
DA:54,0
DA:56,0
DA:57,0
DA:58,0
DA:59,0
DA:60,0
DA:61,0
DA:62,0
DA:66,0
DA:67,0
DA:68,0
DA:72,0
DA:74,0
DA:83,0
DA:86,0
DA:87,0
DA:88,0
DA:89,0
DA:90,0
DA:91,0
DA:92,0
DA:93,0
DA:94,0
DA:105,0
DA:106,0
DA:107,0
DA:109,0
DA:110,0
DA:111,0
DA:113,0
DA:114,0
DA:117,0
DA:118,0
DA:121,0
DA:122,0
DA:125,0
DA:128,0
DA:129,0
DA:132,0
DA:134,0
DA:136,0
DA:139,2
LF:70
LH:8
BRDA:19,0,0,0
BRDA:19,0,1,0
BRDA:28,1,0,0
BRDA:28,1,1,0
BRDA:53,2,0,0
BRDA:53,2,1,0
BRDA:61,3,0,0
BRDA:61,3,1,0
BRDA:66,4,0,0
BRDA:66,4,1,0
BRDA:86,5,0,0
BRDA:86,5,1,0
BRDA:93,6,0,0
BRDA:93,6,1,0
BRDA:114,7,0,0
BRDA:114,7,1,0
BRDA:114,7,2,0
BRDA:114,7,3,0
BRDA:114,7,4,0
BRDA:114,7,5,0
BRDA:114,7,6,0
BRDA:114,7,7,0
BRDA:114,7,8,0
BRDA:114,7,9,0
BRDA:114,7,10,0
BRF:25
BRH:0
end_of_record
TN:
SF:helper\spliting.js
FN:2,simplifyDebts
FN:6,settleSimilarFigures
FN:26,getMaxMinCredit
FN:41,helper
FNF:4
FNH:4
FNDA:5,simplifyDebts
FNDA:5,settleSimilarFigures
FNDA:10,getMaxMinCredit
FNDA:5,helper
DA:3,5
DA:4,5
DA:7,5
DA:8,5
DA:9,12
DA:10,12
DA:11,38
DA:12,13
DA:13,2
DA:14,0
DA:16,2
DA:18,2
DA:19,2
DA:27,10
DA:28,10
DA:29,28
DA:30,18
DA:31,18
DA:33,28
DA:34,7
DA:35,7
DA:38,10
DA:42,5
DA:43,10
DA:44,10
DA:45,5
DA:48,5
DA:49,5
DA:50,0
DA:53,5
DA:54,5
DA:55,5
DA:56,5
DA:57,5
DA:62,5
DA:63,5
DA:65,5
DA:68,3
LF:38
LH:36
BRDA:11,0,0,13
BRDA:11,0,1,25
BRDA:11,1,0,38
BRDA:11,1,1,13
BRDA:12,2,0,2
BRDA:12,2,1,11
BRDA:13,3,0,0
BRDA:13,3,1,2
BRDA:29,4,0,18
BRDA:29,4,1,10
BRDA:33,5,0,7
BRDA:33,5,1,21
BRDA:44,6,0,5
BRDA:44,6,1,5
BRDA:44,7,0,10
BRDA:44,7,1,9
BRDA:44,7,2,7
BRDA:44,7,3,5
BRDA:49,8,0,0
BRDA:49,8,1,5
BRF:20
BRH:18
end_of_record
