TN:
SF:index.js
FN:14,(anonymous_0)
FN:23,(anonymous_1)
FN:24,(anonymous_2)
FN:28,(anonymous_3)
FNF:4
FNH:0
FNDA:0,(anonymous_0)
FNDA:0,(anonymous_1)
FNDA:0,(anonymous_2)
FNDA:0,(anonymous_3)
DA:1,1
DA:2,1
DA:3,1
DA:4,1
DA:5,1
DA:7,1
DA:8,1
DA:9,1
DA:10,1
DA:11,1
DA:12,1
DA:14,1
DA:15,0
DA:18,1
DA:19,1
DA:20,1
DA:22,1
DA:24,0
DA:25,0
DA:29,0
LF:20
LH:16
BRF:0
BRH:0
end_of_record
TN:
SF:Controller\contactUsController.js
FN:3,(anonymous_0)
FN:26,(anonymous_1)
FNF:2
FNH:0
FNDA:0,(anonymous_0)
FNDA:0,(anonymous_1)
DA:1,1
DA:3,1
DA:4,0
DA:6,0
DA:19,0
DA:26,0
DA:27,0
DA:28,0
DA:30,0
DA:31,0
DA:37,1
LF:11
LH:3
BRDA:27,0,0,0
BRDA:27,0,1,0
BRF:2
BRH:0
end_of_record
TN:
SF:Controller\expenseController.js
FN:6,(anonymous_0)
FN:48,(anonymous_1)
FN:76,(anonymous_2)
FN:104,(anonymous_3)
FN:135,(anonymous_4)
FN:169,(anonymous_5)
FN:191,(anonymous_6)
FN:220,(anonymous_7)
FN:256,(anonymous_8)
FN:293,(anonymous_9)
FN:333,(anonymous_10)
FN:355,(anonymous_11)
FNF:12
FNH:10
FNDA:4,(anonymous_0)
FNDA:0,(anonymous_1)
FNDA:0,(anonymous_2)
FNDA:3,(anonymous_3)
FNDA:3,(anonymous_4)
FNDA:1,(anonymous_5)
FNDA:2,(anonymous_6)
FNDA:2,(anonymous_7)
FNDA:2,(anonymous_8)
FNDA:2,(anonymous_9)
FNDA:2,(anonymous_10)
FNDA:1,(anonymous_11)
DA:1,2
DA:2,2
DA:3,2
DA:6,2
DA:7,4
DA:8,4
DA:9,4
DA:10,4
DA:14,4
DA:15,1
DA:16,1
DA:17,1
DA:20,3
DA:22,3
DA:23,3
DA:24,2
DA:26,2
DA:32,1
DA:35,1
DA:42,3
DA:48,2
DA:49,0
DA:50,0
DA:53,0
DA:54,0
DA:55,0
DA:56,0
DA:58,0
DA:62,0
DA:64,0
DA:70,0
DA:76,2
DA:77,0
DA:78,0
DA:83,0
DA:84,0
DA:85,0
DA:86,0
DA:88,0
DA:89,0
DA:90,0
DA:92,0
DA:98,0
DA:104,2
DA:105,3
DA:106,3
DA:113,2
DA:114,1
DA:115,1
DA:116,1
DA:118,1
DA:119,1
DA:120,2
DA:122,1
DA:129,2
DA:135,2
DA:137,3
DA:138,3
DA:147,2
DA:148,1
DA:149,1
DA:150,1
DA:152,1
DA:153,1
DA:154,1
DA:156,1
DA:163,2
DA:169,2
DA:170,1
DA:171,1
DA:174,1
DA:175,0
DA:176,0
DA:177,0
DA:179,1
DA:185,0
DA:191,2
DA:192,2
DA:193,2
DA:208,1
DA:214,1
DA:220,2
DA:221,2
DA:222,2
DA:244,1
DA:250,1
DA:256,2
DA:257,2
DA:258,2
DA:280,1
DA:282,1
DA:287,1
DA:293,2
DA:294,2
DA:295,2
DA:322,1
DA:327,1
DA:333,2
DA:334,2
DA:335,2
DA:344,0
DA:349,2
DA:355,2
DA:357,1
DA:358,1
DA:391,1
DA:396,0
DA:404,2
LF:108
LH:81
BRDA:14,0,0,1
BRDA:14,0,1,3
BRDA:42,1,0,3
BRDA:42,1,1,2
BRDA:53,2,0,0
BRDA:53,2,1,0
BRDA:70,3,0,0
BRDA:70,3,1,0
BRDA:83,4,0,0
BRDA:83,4,1,0
BRDA:98,5,0,0
BRDA:98,5,1,0
BRDA:113,6,0,1
BRDA:113,6,1,1
BRDA:129,7,0,2
BRDA:129,7,1,1
BRDA:147,8,0,1
BRDA:147,8,1,1
BRDA:163,9,0,2
BRDA:163,9,1,1
BRDA:174,10,0,0
BRDA:174,10,1,1
BRDA:185,11,0,0
BRDA:185,11,1,0
BRDA:214,12,0,1
BRDA:214,12,1,1
BRDA:250,13,0,1
BRDA:250,13,1,1
BRDA:287,14,0,1
BRDA:287,14,1,1
BRDA:327,15,0,1
BRDA:327,15,1,1
BRDA:349,16,0,2
BRDA:349,16,1,2
BRDA:396,17,0,0
BRDA:396,17,1,0
BRF:36
BRH:23
end_of_record
TN:
SF:Controller\groupController.js
FN:12,(anonymous_0)
FN:87,(anonymous_1)
FN:115,(anonymous_2)
FN:138,(anonymous_3)
FN:165,(anonymous_4)
FN:191,(anonymous_5)
FN:213,(anonymous_6)
FN:230,(anonymous_7)
FN:244,(anonymous_8)
FNF:9
FNH:0
FNDA:0,(anonymous_0)
FNDA:0,(anonymous_1)
FNDA:0,(anonymous_2)
FNDA:0,(anonymous_3)
FNDA:0,(anonymous_4)
FNDA:0,(anonymous_5)
FNDA:0,(anonymous_6)
FNDA:0,(anonymous_7)
FNDA:0,(anonymous_8)
DA:1,2
DA:2,2
DA:3,2
DA:4,2
DA:5,2
DA:6,2
DA:7,2
DA:8,2
DA:9,2
DA:12,2
DA:13,0
DA:14,0
DA:16,0
DA:17,0
DA:18,0
DA:19,0
DA:20,0
DA:24,0
DA:29,0
DA:31,0
DA:32,0
DA:34,0
DA:37,0
DA:38,0
DA:40,0
DA:43,0
DA:44,0
DA:47,0
DA:48,0
DA:49,0
DA:52,0
DA:53,0
DA:55,0
DA:56,0
DA:57,0
DA:58,0
DA:68,0
DA:72,0
DA:75,0
DA:76,0
DA:83,0
DA:87,2
DA:89,0
DA:91,0
DA:92,0
DA:93,0
DA:97,0
DA:98,0
DA:99,0
DA:104,0
DA:105,0
DA:112,0
DA:115,2
DA:116,0
DA:117,0
DA:119,0
DA:120,0
DA:121,0
DA:127,0
DA:128,0
DA:134,0
DA:138,2
DA:139,0
DA:142,0
DA:143,0
DA:144,0
DA:145,0
DA:147,0
DA:148,0
DA:151,0
DA:152,0
DA:154,0
DA:156,0
DA:157,0
DA:159,0
DA:165,2
DA:166,0
DA:169,0
DA:170,0
DA:171,0
DA:172,0
DA:174,0
DA:175,0
DA:178,0
DA:179,0
DA:181,0
DA:183,0
DA:184,0
DA:186,0
DA:191,2
DA:192,0
DA:193,0
DA:197,0
DA:198,0
DA:199,0
DA:200,0
DA:202,0
DA:207,0
DA:213,2
DA:214,0
DA:215,0
DA:218,0
DA:220,0
DA:221,0
DA:224,0
DA:226,0
DA:227,0
DA:230,0
DA:232,0
DA:238,0
DA:240,0
DA:241,0
DA:244,2
DA:245,0
DA:246,0
DA:249,0
DA:250,0
DA:251,0
DA:252,0
DA:253,0
DA:257,0
DA:258,0
DA:260,0
DA:262,0
DA:264,0
DA:271,0
DA:277,2
LF:127
LH:18
BRDA:18,0,0,0
BRDA:18,0,1,0
BRDA:18,1,0,0
BRDA:18,1,1,0
BRDA:18,1,2,0
BRDA:18,1,3,0
BRDA:57,2,0,0
BRDA:57,2,1,0
BRDA:57,3,0,0
BRDA:57,3,1,0
BRDA:91,4,0,0
BRDA:91,4,1,0
BRDA:91,5,0,0
BRDA:91,5,1,0
BRDA:197,6,0,0
BRDA:197,6,1,0
BRDA:207,7,0,0
BRDA:207,7,1,0
BRDA:220,8,0,0
BRDA:220,8,1,0
BRDA:226,9,0,0
BRDA:226,9,1,0
BRDA:250,10,0,0
BRDA:250,10,1,0
BRDA:271,11,0,0
BRDA:271,11,1,0
BRF:26
BRH:0
end_of_record
TN:
SF:Controller\userController.js
FN:10,(anonymous_0)
FN:14,(anonymous_1)
FN:26,(anonymous_2)
FN:51,(anonymous_3)
FN:85,(anonymous_4)
FN:124,(anonymous_5)
FN:146,(anonymous_6)
FN:173,(anonymous_7)
FN:181,(anonymous_8)
FNF:9
FNH:7
FNDA:2,(anonymous_0)
FNDA:2,(anonymous_1)
FNDA:2,(anonymous_2)
FNDA:0,(anonymous_3)
FNDA:1,(anonymous_4)
FNDA:2,(anonymous_5)
FNDA:3,(anonymous_6)
FNDA:0,(anonymous_7)
FNDA:1,(anonymous_8)
DA:1,1
DA:2,1
DA:3,1
DA:4,1
DA:5,1
DA:7,1
DA:10,1
DA:11,2
DA:14,1
DA:15,2
DA:16,2
DA:17,2
DA:18,1
DA:19,1
DA:22,1
DA:26,1
DA:27,2
DA:28,2
DA:29,2
DA:30,2
DA:31,1
DA:32,1
DA:33,1
DA:42,1
DA:43,1
DA:47,1
DA:51,1
DA:52,0
DA:54,0
DA:55,0
DA:57,0
DA:59,0
DA:61,0
DA:71,0
DA:72,0
DA:74,0
DA:75,0
DA:76,0
DA:77,0
DA:79,0
DA:85,1
DA:86,1
DA:87,1
DA:88,1
DA:89,0
DA:90,0
DA:103,0
DA:110,0
DA:111,0
DA:113,0
DA:116,0
DA:120,1
DA:124,1
DA:125,2
DA:126,2
DA:127,2
DA:128,1
DA:137,1
DA:138,1
DA:140,1
DA:146,1
DA:147,3
DA:148,3
DA:149,3
DA:150,1
DA:160,1
DA:161,1
DA:163,2
DA:164,0
DA:165,2
DA:166,1
DA:168,1
DA:173,1
DA:174,0
DA:175,0
DA:176,0
DA:181,1
DA:182,1
DA:184,1
DA:185,1
DA:187,0
DA:188,0
DA:191,0
DA:199,0
DA:200,0
DA:202,0
DA:204,1
DA:210,1
LF:88
LH:58
BRDA:74,0,0,0
BRDA:74,0,1,0
BRDA:76,1,0,0
BRDA:76,1,1,0
BRDA:111,2,0,0
BRDA:111,2,1,0
BRDA:163,3,0,0
BRDA:163,3,1,2
BRDA:165,4,0,1
BRDA:165,4,1,1
BRDA:187,5,0,0
BRDA:187,5,1,0
BRF:12
BRH:3
end_of_record
TN:
SF:Models\expenseModel.js
FNF:0
FNH:0
DA:1,2
DA:3,2
DA:50,2
LF:3
LH:3
BRF:0
BRH:0
end_of_record
TN:
SF:Models\groupModel.js
FNF:0
FNH:0
DA:1,3
DA:3,3
DA:25,3
LF:3
LH:3
BRF:0
BRH:0
end_of_record
TN:
SF:Models\userAccountModel.js
FNF:0
FNH:0
DA:1,3
DA:5,3
DA:24,3
DA:43,3
LF:4
LH:4
BRF:0
BRH:0
end_of_record
TN:
SF:Models\userModel.js
FN:50,(anonymous_0)
FN:78,(anonymous_1)
FN:102,(anonymous_2)
FN:118,(anonymous_3)
FN:133,(anonymous_4)
FN:141,(anonymous_5)
FN:161,(anonymous_6)
FNF:7
FNH:0
FNDA:0,(anonymous_0)
FNDA:0,(anonymous_1)
FNDA:0,(anonymous_2)
FNDA:0,(anonymous_3)
FNDA:0,(anonymous_4)
FNDA:0,(anonymous_5)
FNDA:0,(anonymous_6)
DA:1,3
DA:2,3
DA:3,3
DA:5,3
DA:24,3
DA:50,3
DA:51,0
DA:52,0
DA:54,0
DA:56,0
DA:58,0
DA:60,0
DA:62,0
DA:64,0
DA:65,0
DA:66,0
DA:67,0
DA:70,0
DA:71,0
DA:72,0
DA:73,0
DA:74,0
DA:75,0
DA:78,3
DA:79,0
DA:81,0
DA:83,0
DA:85,0
DA:87,0
DA:89,0
DA:91,0
DA:92,0
DA:93,0
DA:95,0
DA:96,0
DA:98,0
DA:100,0
DA:102,3
DA:103,0
DA:105,0
DA:107,0
DA:109,0
DA:111,0
DA:112,0
DA:113,0
DA:115,0
DA:118,3
DA:119,0
DA:121,0
DA:123,0
DA:124,0
DA:126,0
DA:127,0
DA:128,0
DA:130,0
DA:133,3
DA:134,0
DA:135,0
DA:137,0
DA:138,0
DA:141,3
DA:142,0
DA:143,0
DA:144,0
DA:146,0
DA:148,0
DA:150,0
DA:152,0
DA:153,0
DA:155,0
DA:157,0
DA:161,3
DA:162,0
DA:163,0
DA:170,3
LF:75
LH:13
BRDA:52,0,0,0
BRDA:52,0,1,0
BRDA:52,1,0,0
BRDA:52,1,1,0
BRDA:52,1,2,0
BRDA:56,2,0,0
BRDA:56,2,1,0
BRDA:60,3,0,0
BRDA:60,3,1,0
BRDA:66,4,0,0
BRDA:66,4,1,0
BRDA:79,5,0,0
BRDA:79,5,1,0
BRDA:79,6,0,0
BRDA:79,6,1,0
BRDA:83,7,0,0
BRDA:83,7,1,0
BRDA:87,8,0,0
BRDA:87,8,1,0
BRDA:92,9,0,0
BRDA:92,9,1,0
BRDA:96,10,0,0
BRDA:96,10,1,0
BRDA:103,11,0,0
BRDA:103,11,1,0
BRDA:107,12,0,0
BRDA:107,12,1,0
BRDA:112,13,0,0
BRDA:112,13,1,0
BRDA:119,14,0,0
BRDA:119,14,1,0
BRDA:127,15,0,0
BRDA:127,15,1,0
BRDA:134,16,0,0
BRDA:134,16,1,0
BRDA:144,17,0,0
BRDA:144,17,1,0
BRDA:148,18,0,0
BRDA:148,18,1,0
BRF:39
BRH:0
end_of_record
TN:
SF:PaymentProcessor\bankModel.js
FN:10,(anonymous_0)
FN:31,(anonymous_1)
FN:55,(anonymous_2)
FN:66,(anonymous_3)
FN:86,(anonymous_4)
FNF:5
FNH:4
FNDA:0,(anonymous_0)
FNDA:3,(anonymous_1)
FNDA:6,(anonymous_2)
FNDA:2,(anonymous_3)
FNDA:2,(anonymous_4)
DA:8,4
DA:10,4
DA:11,0
DA:12,0
DA:13,0
DA:19,0
DA:20,0
DA:21,0
DA:24,0
DA:25,0
DA:27,0
DA:31,4
DA:32,3
DA:33,3
DA:34,3
DA:35,1
DA:39,2
DA:40,2
DA:42,2
DA:45,1
DA:48,0
DA:49,0
DA:51,1
DA:55,4
DA:56,6
DA:57,6
DA:58,6
DA:60,1
DA:61,1
DA:66,4
DA:67,2
DA:68,2
DA:70,2
DA:72,2
DA:73,2
DA:74,1
DA:75,1
DA:78,0
DA:79,0
DA:82,1
DA:86,4
DA:87,2
DA:88,2
DA:90,2
DA:91,2
DA:92,2
DA:93,1
DA:94,1
DA:97,0
DA:98,0
DA:101,1
DA:105,4
LF:52
LH:37
BRDA:20,0,0,0
BRDA:20,0,1,0
BRDA:34,1,0,1
BRDA:34,1,1,2
BRDA:42,2,0,1
BRDA:42,2,1,1
BRDA:42,3,0,2
BRDA:42,3,1,1
BRDA:42,3,2,0
BRDA:73,4,0,1
BRDA:73,4,1,1
BRDA:92,5,0,1
BRDA:92,5,1,1
BRF:13
BRH:10
end_of_record
TN:
SF:PaymentProcessor\processor.js
FN:7,(anonymous_0)
FN:124,fetchCard
FN:143,checkBalance
FNF:3
FNH:3
FNDA:7,(anonymous_0)
FNDA:14,fetchCard
FNDA:4,checkBalance
DA:1,3
DA:2,3
DA:3,3
DA:4,3
DA:7,3
DA:8,7
DA:9,7
DA:11,7
DA:12,0
DA:18,0
DA:21,7
DA:22,7
DA:23,7
DA:24,7
DA:27,7
DA:28,7
DA:31,7
DA:32,7
DA:33,2
DA:41,2
DA:44,5
DA:45,5
DA:46,1
DA:54,1
DA:58,4
DA:59,4
DA:60,1
DA:68,1
DA:71,3
DA:72,3
DA:73,3
DA:75,3
DA:76,2
DA:77,2
DA:78,2
DA:80,2
DA:81,1
DA:83,1
DA:85,1
DA:88,1
DA:89,0
DA:92,1
DA:100,1
DA:104,1
DA:112,1
DA:115,1
DA:120,1
DA:125,14
DA:126,14
DA:128,12
DA:129,0
DA:130,0
DA:133,12
DA:134,12
DA:136,2
DA:137,2
DA:144,4
DA:145,4
DA:146,1
DA:147,1
DA:149,3
DA:152,3
LF:62
LH:57
BRDA:11,0,0,0
BRDA:11,0,1,7
BRDA:11,1,0,7
BRDA:11,1,1,7
BRDA:11,1,2,7
BRDA:11,1,3,7
BRDA:11,1,4,7
BRDA:32,2,0,2
BRDA:32,2,1,5
BRDA:45,3,0,1
BRDA:45,3,1,4
BRDA:59,4,0,1
BRDA:59,4,1,3
BRDA:75,5,0,2
BRDA:75,5,1,1
BRDA:80,6,0,1
BRDA:80,6,1,1
BRDA:128,7,0,0
BRDA:128,7,1,12
BRDA:128,8,0,12
BRDA:128,8,1,12
BRDA:145,9,0,1
BRDA:145,9,1,3
BRF:23
BRH:21
end_of_record
TN:
SF:Routes\expense.js
FNF:0
FNH:0
DA:1,1
DA:2,1
DA:4,1
DA:7,1
DA:8,1
DA:9,1
DA:10,1
DA:11,1
DA:12,1
DA:13,1
DA:14,1
DA:15,1
DA:16,1
DA:17,1
DA:18,1
DA:20,1
LF:16
LH:16
BRF:0
BRH:0
end_of_record
TN:
SF:Routes\groupRoutes.js
FNF:0
FNH:0
DA:1,1
DA:2,1
DA:5,1
DA:6,1
DA:7,1
DA:8,1
DA:9,1
DA:10,1
DA:13,1
LF:9
LH:9
BRF:0
BRH:0
end_of_record
TN:
SF:Routes\user.js
FNF:0
FNH:0
DA:1,1
DA:3,1
DA:4,1
DA:7,1
DA:9,1
DA:10,1
DA:11,1
DA:12,1
DA:13,1
DA:14,1
DA:15,1
DA:16,1
DA:17,1
DA:21,1
LF:14
LH:14
BRF:0
BRH:0
end_of_record
TN:
SF:helper\NotificationHandler.js
FN:4,(anonymous_0)
FNF:1
FNH:0
FNDA:0,(anonymous_0)
DA:1,2
DA:2,2
DA:4,2
DA:5,0
DA:6,0
DA:7,0
DA:20,0
DA:22,0
DA:23,0
DA:29,0
DA:36,0
DA:37,0
DA:38,0
DA:40,0
DA:45,0
DA:53,2
LF:16
LH:4
BRDA:22,0,0,0
BRDA:22,0,1,0
BRF:2
BRH:0
end_of_record
TN:
SF:helper\dateConversion.js
FN:3,calculatePeriodFromString
FN:20,getDate
FN:33,isValidUnit
FN:42,getNumberOfDays
FNF:4
FNH:4
FNDA:9,calculatePeriodFromString
FNDA:14,getDate
FNDA:45,isValidUnit
FNDA:24,getNumberOfDays
DA:1,3
DA:4,9
DA:5,9
DA:6,9
DA:8,9
DA:11,9
DA:12,3
DA:15,6
DA:16,6
DA:17,6
DA:21,14
DA:22,14
DA:23,4
DA:25,10
DA:26,4
DA:28,6
DA:30,10
DA:34,45
DA:35,45
DA:36,37
DA:38,8
DA:43,24
DA:44,24
DA:45,24
DA:47,24
DA:48,3
DA:51,21
DA:52,21
DA:55,4
DA:56,4
DA:59,4
DA:60,4
DA:63,4
DA:64,4
DA:66,9
DA:67,9
DA:69,21
DA:72,3
LF:38
LH:38
BRDA:11,0,0,3
BRDA:11,0,1,6
BRDA:11,1,0,9
BRDA:11,1,1,8
BRDA:11,1,2,7
BRDA:22,2,0,4
BRDA:22,2,1,10
BRDA:25,3,0,4
BRDA:25,3,1,6
BRDA:25,4,0,10
BRDA:25,4,1,9
BRDA:35,5,0,37
BRDA:35,5,1,8
BRDA:47,6,0,3
BRDA:47,6,1,21
BRDA:52,7,0,1
BRDA:52,7,1,4
BRDA:52,7,2,1
BRDA:52,7,3,4
BRDA:52,7,4,3
BRDA:52,7,5,4
BRDA:52,7,6,9
BRF:22
BRH:22
end_of_record
TN:
SF:helper\makeSettlement.js
FN:3,(anonymous_0)
FNF:1
FNH:1
FNDA:2,(anonymous_0)
DA:1,3
DA:3,3
DA:4,2
DA:5,2
DA:6,2
DA:11,1
DA:12,1
DA:13,1
DA:14,1
DA:17,0
DA:18,0
DA:20,0
DA:22,0
DA:30,2
DA:34,2
DA:37,3
LF:16
LH:12
BRDA:11,0,0,1
BRDA:11,0,1,0
BRF:2
BRH:1
end_of_record
TN:
SF:helper\moveMemberToSettled.js
FN:3,(anonymous_0)
FN:11,(anonymous_1)
FNF:2
FNH:0
FNDA:0,(anonymous_0)
FNDA:0,(anonymous_1)
DA:1,2
DA:3,2
DA:4,0
DA:5,0
DA:7,0
DA:8,0
DA:10,0
DA:11,0
DA:13,0
DA:17,0
DA:18,0
DA:19,0
DA:20,0
DA:24,0
DA:26,0
DA:30,2
LF:16
LH:3
BRDA:8,0,0,0
BRDA:8,0,1,0
BRDA:17,1,0,0
BRDA:17,1,1,0
BRDA:17,2,0,0
BRDA:17,2,1,0
BRDA:17,2,2,0
BRF:7
BRH:0
end_of_record
TN:
SF:helper\scheduler.js
FN:14,(anonymous_0)
FN:18,(anonymous_1)
FN:44,(anonymous_2)
FN:141,(anonymous_3)
FN:144,(anonymous_4)
FN:169,(anonymous_5)
FN:188,getUserFromEmail
FN:198,pushNotification
FNF:8
FNH:0
FNDA:0,(anonymous_0)
FNDA:0,(anonymous_1)
FNDA:0,(anonymous_2)
FNDA:0,(anonymous_3)
FNDA:0,(anonymous_4)
FNDA:0,(anonymous_5)
FNDA:0,getUserFromEmail
FNDA:0,pushNotification
DA:1,2
DA:3,2
DA:4,2
DA:5,2
DA:6,2
DA:7,2
DA:9,2
DA:10,2
DA:11,2
DA:14,2
DA:16,0
DA:17,0
DA:18,0
DA:19,0
DA:20,0
DA:23,0
DA:24,0
DA:25,0
DA:27,0
DA:28,0
DA:32,0
DA:33,0
DA:34,0
DA:36,0
DA:37,0
DA:41,0
DA:44,0
DA:46,0
DA:47,0
DA:49,0
DA:50,0
DA:51,0
DA:53,0
DA:54,0
DA:57,0
DA:58,0
DA:62,0
DA:69,0
DA:71,0
DA:73,0
DA:74,0
DA:76,0
DA:77,0
DA:78,0
DA:79,0
DA:80,0
DA:81,0
DA:82,0
DA:86,0
DA:87,0
DA:88,0
DA:91,0
DA:92,0
DA:96,0
DA:98,0
DA:107,0
DA:110,0
DA:111,0
DA:112,0
DA:113,0
DA:114,0
DA:115,0
DA:116,0
DA:117,0
DA:118,0
DA:123,0
DA:124,0
DA:125,0
DA:128,0
DA:129,0
DA:133,0
DA:141,2
DA:143,0
DA:144,0
DA:145,0
DA:146,0
DA:147,0
DA:149,0
DA:150,0
DA:151,0
DA:153,0
DA:154,0
DA:158,0
DA:159,0
DA:160,0
DA:162,0
DA:163,0
DA:167,0
DA:169,0
DA:170,0
DA:171,0
DA:172,0
DA:174,0
DA:175,0
DA:177,0
DA:178,0
DA:180,0
DA:183,0
DA:189,0
DA:190,0
DA:191,0
DA:192,0
DA:193,0
DA:195,0
DA:200,0
DA:212,0
DA:224,2
LF:107
LH:12
BRDA:23,0,0,0
BRDA:23,0,1,0
BRDA:32,1,0,0
BRDA:32,1,1,0
BRDA:57,2,0,0
BRDA:57,2,1,0
BRDA:73,3,0,0
BRDA:73,3,1,0
BRDA:81,4,0,0
BRDA:81,4,1,0
BRDA:86,5,0,0
BRDA:86,5,1,0
BRDA:110,6,0,0
BRDA:110,6,1,0
BRDA:117,7,0,0
BRDA:117,7,1,0
BRDA:123,8,0,0
BRDA:123,8,1,0
BRDA:149,9,0,0
BRDA:149,9,1,0
BRDA:158,10,0,0
BRDA:158,10,1,0
BRDA:174,11,0,0
BRDA:174,11,1,0
BRDA:192,12,0,0
BRDA:192,12,1,0
BRF:26
BRH:0
end_of_record
TN:
SF:helper\spliting.js
FN:2,simplifyDebts
FN:6,settleSimilarFigures
FN:26,getMaxMinCredit
FN:41,helper
FNF:4
FNH:4
FNDA:5,simplifyDebts
FNDA:5,settleSimilarFigures
FNDA:10,getMaxMinCredit
FNDA:5,helper
DA:3,5
DA:4,5
DA:7,5
DA:8,5
DA:9,12
DA:10,12
DA:11,38
DA:12,13
DA:13,2
DA:14,0
DA:16,2
DA:18,2
DA:19,2
DA:27,10
DA:28,10
DA:29,28
DA:30,18
DA:31,18
DA:33,28
DA:34,7
DA:35,7
DA:38,10
DA:42,5
DA:43,10
DA:44,10
DA:45,5
DA:48,5
DA:49,5
DA:50,0
DA:53,5
DA:54,5
DA:55,5
DA:56,5
DA:57,5
DA:62,5
DA:63,5
DA:65,5
DA:68,3
LF:38
LH:36
BRDA:11,0,0,13
BRDA:11,0,1,25
BRDA:11,1,0,38
BRDA:11,1,1,13
BRDA:12,2,0,2
BRDA:12,2,1,11
BRDA:13,3,0,0
BRDA:13,3,1,2
BRDA:29,4,0,18
BRDA:29,4,1,10
BRDA:33,5,0,7
BRDA:33,5,1,21
BRDA:44,6,0,5
BRDA:44,6,1,5
BRDA:44,7,0,10
BRDA:44,7,1,9
BRDA:44,7,2,7
BRDA:44,7,3,5
BRDA:49,8,0,0
BRDA:49,8,1,5
BRF:20
BRH:18
end_of_record
