<?xml version="1.0" encoding="UTF-8"?>
<coverage generated="1700704067054" clover="3.2.0">
  <project timestamp="1700704067054" name="All files">
    <metrics statements="38" coveredstatements="36" conditionals="20" coveredconditionals="18" methods="4" coveredmethods="4" elements="62" coveredelements="58" complexity="0" loc="38" ncloc="38" packages="1" files="1" classes="1"/>
    <file name="spliting.js" path="C:\Users\Sneh Patel\Desktop\DAL\TERM 1\ASDC\Project\Group01\server\helper\spliting.js">
      <metrics statements="38" coveredstatements="36" conditionals="20" coveredconditionals="18" methods="4" coveredmethods="4"/>
      <line num="3" count="5" type="stmt"/>
      <line num="4" count="5" type="stmt"/>
      <line num="7" count="5" type="stmt"/>
      <line num="8" count="5" type="stmt"/>
      <line num="9" count="12" type="stmt"/>
      <line num="10" count="12" type="stmt"/>
      <line num="11" count="38" type="cond" truecount="4" falsecount="0"/>
      <line num="12" count="13" type="cond" truecount="2" falsecount="0"/>
      <line num="13" count="2" type="cond" truecount="1" falsecount="1"/>
      <line num="14" count="0" type="stmt"/>
      <line num="16" count="2" type="stmt"/>
      <line num="18" count="2" type="stmt"/>
      <line num="19" count="2" type="stmt"/>
      <line num="27" count="10" type="stmt"/>
      <line num="28" count="10" type="stmt"/>
      <line num="29" count="28" type="cond" truecount="2" falsecount="0"/>
      <line num="30" count="18" type="stmt"/>
      <line num="31" count="18" type="stmt"/>
      <line num="33" count="28" type="cond" truecount="2" falsecount="0"/>
      <line num="34" count="7" type="stmt"/>
      <line num="35" count="7" type="stmt"/>
      <line num="38" count="10" type="stmt"/>
      <line num="42" count="5" type="stmt"/>
      <line num="43" count="10" type="stmt"/>
      <line num="44" count="10" type="cond" truecount="6" falsecount="0"/>
      <line num="45" count="5" type="stmt"/>
      <line num="48" count="5" type="stmt"/>
      <line num="49" count="5" type="cond" truecount="1" falsecount="1"/>
      <line num="50" count="0" type="stmt"/>
      <line num="53" count="5" type="stmt"/>
      <line num="54" count="5" type="stmt"/>
      <line num="55" count="5" type="stmt"/>
      <line num="56" count="5" type="stmt"/>
      <line num="57" count="5" type="stmt"/>
      <line num="62" count="5" type="stmt"/>
      <line num="63" count="5" type="stmt"/>
      <line num="65" count="5" type="stmt"/>
      <line num="68" count="1" type="stmt"/>
    </file>
  </project>
</coverage>
