{"C:\\Users\\Sneh Patel\\Desktop\\DAL\\TERM 1\\ASDC\\Project\\Group01\\server\\helper\\spliting.js": {"path":"C:\\Users\\Sneh Patel\\Desktop\\DAL\\TERM 1\\ASDC\\Project\\Group01\\server\\helper\\spliting.js","statementMap":{"0":{"start":{"line":3,"column":17},"end":{"line":3,"column":28}},"1":{"start":{"line":4,"column":26},"end":{"line":4,"column":63}},"2":{"start":{"line":7,"column":18},"end":{"line":7,"column":27}},"3":{"start":{"line":8,"column":8},"end":{"line":23,"column":9}},"4":{"start":{"line":9,"column":12},"end":{"line":9,"column":28}},"5":{"start":{"line":10,"column":12},"end":{"line":22,"column":13}},"6":{"start":{"line":11,"column":16},"end":{"line":21,"column":17}},"7":{"start":{"line":12,"column":20},"end":{"line":20,"column":21}},"8":{"start":{"line":13,"column":24},"end":{"line":17,"column":25}},"9":{"start":{"line":14,"column":28},"end":{"line":14,"column":77}},"10":{"start":{"line":16,"column":28},"end":{"line":16,"column":77}},"11":{"start":{"line":18,"column":24},"end":{"line":18,"column":51}},"12":{"start":{"line":19,"column":24},"end":{"line":19,"column":51}},"13":{"start":{"line":27,"column":34},"end":{"line":27,"column":50}},"14":{"start":{"line":27,"column":58},"end":{"line":27,"column":74}},"15":{"start":{"line":28,"column":8},"end":{"line":37,"column":9}},"16":{"start":{"line":29,"column":12},"end":{"line":32,"column":13}},"17":{"start":{"line":30,"column":16},"end":{"line":30,"column":45}},"18":{"start":{"line":31,"column":16},"end":{"line":31,"column":27}},"19":{"start":{"line":33,"column":12},"end":{"line":36,"column":13}},"20":{"start":{"line":34,"column":16},"end":{"line":34,"column":45}},"21":{"start":{"line":35,"column":16},"end":{"line":35,"column":27}},"22":{"start":{"line":38,"column":8},"end":{"line":38,"column":32}},"23":{"start":{"line":42,"column":8},"end":{"line":58,"column":9}},"24":{"start":{"line":43,"column":25},"end":{"line":43,"column":42}},"25":{"start":{"line":44,"column":12},"end":{"line":46,"column":13}},"26":{"start":{"line":45,"column":16},"end":{"line":45,"column":22}},"27":{"start":{"line":48,"column":28},"end":{"line":48,"column":101}},"28":{"start":{"line":49,"column":12},"end":{"line":51,"column":13}},"29":{"start":{"line":50,"column":16},"end":{"line":50,"column":22}},"30":{"start":{"line":53,"column":12},"end":{"line":53,"column":87}},"31":{"start":{"line":54,"column":12},"end":{"line":54,"column":87}},"32":{"start":{"line":55,"column":12},"end":{"line":55,"column":77}},"33":{"start":{"line":56,"column":22},"end":{"line":56,"column":55}},"34":{"start":{"line":57,"column":12},"end":{"line":57,"column":29}},"35":{"start":{"line":62,"column":4},"end":{"line":62,"column":27}},"36":{"start":{"line":63,"column":4},"end":{"line":63,"column":13}},"37":{"start":{"line":65,"column":4},"end":{"line":65,"column":18}},"38":{"start":{"line":68,"column":0},"end":{"line":68,"column":31}}},"fnMap":{"0":{"name":"simplifyDebts","decl":{"start":{"line":2,"column":9},"end":{"line":2,"column":22}},"loc":{"start":{"line":2,"column":36},"end":{"line":66,"column":1}},"line":2},"1":{"name":"settleSimilarFigures","decl":{"start":{"line":6,"column":13},"end":{"line":6,"column":33}},"loc":{"start":{"line":6,"column":35},"end":{"line":24,"column":5}},"line":6},"2":{"name":"getMaxMinCredit","decl":{"start":{"line":26,"column":13},"end":{"line":26,"column":28}},"loc":{"start":{"line":26,"column":30},"end":{"line":39,"column":5}},"line":26},"3":{"name":"helper","decl":{"start":{"line":41,"column":13},"end":{"line":41,"column":19}},"loc":{"start":{"line":41,"column":22},"end":{"line":59,"column":5}},"line":41}},"branchMap":{"0":{"loc":{"start":{"line":11,"column":16},"end":{"line":21,"column":17}},"type":"if","locations":[{"start":{"line":11,"column":16},"end":{"line":21,"column":17}},{"start":{},"end":{}}],"line":11},"1":{"loc":{"start":{"line":11,"column":19},"end":{"line":11,"column":46}},"type":"binary-expr","locations":[{"start":{"line":11,"column":19},"end":{"line":11,"column":32}},{"start":{"line":11,"column":36},"end":{"line":11,"column":46}}],"line":11},"2":{"loc":{"start":{"line":12,"column":20},"end":{"line":20,"column":21}},"type":"if","locations":[{"start":{"line":12,"column":20},"end":{"line":20,"column":21}},{"start":{},"end":{}}],"line":12},"3":{"loc":{"start":{"line":13,"column":24},"end":{"line":17,"column":25}},"type":"if","locations":[{"start":{"line":13,"column":24},"end":{"line":17,"column":25}},{"start":{"line":15,"column":29},"end":{"line":17,"column":25}}],"line":13},"4":{"loc":{"start":{"line":29,"column":12},"end":{"line":32,"column":13}},"type":"if","locations":[{"start":{"line":29,"column":12},"end":{"line":32,"column":13}},{"start":{},"end":{}}],"line":29},"5":{"loc":{"start":{"line":33,"column":12},"end":{"line":36,"column":13}},"type":"if","locations":[{"start":{"line":33,"column":12},"end":{"line":36,"column":13}},{"start":{},"end":{}}],"line":33},"6":{"loc":{"start":{"line":44,"column":12},"end":{"line":46,"column":13}},"type":"if","locations":[{"start":{"line":44,"column":12},"end":{"line":46,"column":13}},{"start":{},"end":{}}],"line":44},"7":{"loc":{"start":{"line":44,"column":16},"end":{"line":44,"column":120}},"type":"binary-expr","locations":[{"start":{"line":44,"column":16},"end":{"line":44,"column":26}},{"start":{"line":44,"column":30},"end":{"line":44,"column":40}},{"start":{"line":44,"column":44},"end":{"line":44,"column":80}},{"start":{"line":44,"column":84},"end":{"line":44,"column":120}}],"line":44},"8":{"loc":{"start":{"line":49,"column":12},"end":{"line":51,"column":13}},"type":"if","locations":[{"start":{"line":49,"column":12},"end":{"line":51,"column":13}},{"start":{},"end":{}}],"line":49}},"s":{"0":5,"1":5,"2":5,"3":5,"4":12,"5":12,"6":38,"7":13,"8":2,"9":0,"10":2,"11":2,"12":2,"13":10,"14":10,"15":10,"16":28,"17":18,"18":18,"19":28,"20":7,"21":7,"22":10,"23":5,"24":10,"25":10,"26":5,"27":5,"28":5,"29":0,"30":5,"31":5,"32":5,"33":5,"34":5,"35":5,"36":5,"37":5,"38":1},"f":{"0":5,"1":5,"2":10,"3":5},"b":{"0":[13,25],"1":[38,13],"2":[2,11],"3":[0,2],"4":[18,10],"5":[7,21],"6":[5,5],"7":[10,9,7,5],"8":[0,5]},"_coverageSchema":"1a1c01bbd47fc00a2c39e90264f33305004495a9","hash":"4482dffb8b0275f017cee87b3e28e241adc94c8b"}
}
