{"C:\\Users\\Sneh Patel\\Desktop\\DAL\\TERM 1\\ASDC\\Project\\Group01\\server\\index.js": {"path":"C:\\Users\\Sneh Patel\\Desktop\\DAL\\TERM 1\\ASDC\\Project\\Group01\\server\\index.js","statementMap":{"0":{"start":{"line":1,"column":16},"end":{"line":1,"column":34}},"1":{"start":{"line":2,"column":0},"end":{"line":2,"column":27}},"2":{"start":{"line":3,"column":19},"end":{"line":3,"column":43}},"3":{"start":{"line":4,"column":22},"end":{"line":4,"column":49}},"4":{"start":{"line":5,"column":20},"end":{"line":5,"column":51}},"5":{"start":{"line":7,"column":17},"end":{"line":7,"column":36}},"6":{"start":{"line":8,"column":12},"end":{"line":8,"column":21}},"7":{"start":{"line":9,"column":13},"end":{"line":9,"column":28}},"8":{"start":{"line":10,"column":13},"end":{"line":10,"column":29}},"9":{"start":{"line":11,"column":0},"end":{"line":11,"column":24}},"10":{"start":{"line":12,"column":0},"end":{"line":12,"column":16}},"11":{"start":{"line":14,"column":0},"end":{"line":16,"column":3}},"12":{"start":{"line":15,"column":2},"end":{"line":15,"column":9}},"13":{"start":{"line":18,"column":0},"end":{"line":18,"column":33}},"14":{"start":{"line":19,"column":0},"end":{"line":19,"column":35}},"15":{"start":{"line":20,"column":0},"end":{"line":20,"column":39}},"16":{"start":{"line":22,"column":0},"end":{"line":30,"column":5}},"17":{"start":{"line":24,"column":4},"end":{"line":26,"column":7}},"18":{"start":{"line":25,"column":6},"end":{"line":25,"column":75}},"19":{"start":{"line":29,"column":4},"end":{"line":29,"column":62}}},"fnMap":{"0":{"name":"(anonymous_0)","decl":{"start":{"line":14,"column":8},"end":{"line":14,"column":9}},"loc":{"start":{"line":14,"column":28},"end":{"line":16,"column":1}},"line":14},"1":{"name":"(anonymous_1)","decl":{"start":{"line":23,"column":8},"end":{"line":23,"column":9}},"loc":{"start":{"line":23,"column":14},"end":{"line":27,"column":3}},"line":23},"2":{"name":"(anonymous_2)","decl":{"start":{"line":24,"column":21},"end":{"line":24,"column":22}},"loc":{"start":{"line":24,"column":27},"end":{"line":26,"column":5}},"line":24},"3":{"name":"(anonymous_3)","decl":{"start":{"line":28,"column":9},"end":{"line":28,"column":10}},"loc":{"start":{"line":28,"column":20},"end":{"line":30,"column":3}},"line":28}},"branchMap":{},"s":{"0":1,"1":1,"2":1,"3":1,"4":1,"5":1,"6":1,"7":1,"8":1,"9":1,"10":1,"11":1,"12":0,"13":1,"14":1,"15":1,"16":1,"17":0,"18":0,"19":1},"f":{"0":0,"1":0,"2":0,"3":1},"b":{},"_coverageSchema":"1a1c01bbd47fc00a2c39e90264f33305004495a9","hash":"6c0072eb42e8d5796c5799ccfd825e578e32cbaa"}
,"C:\\Users\\Sneh Patel\\Desktop\\DAL\\TERM 1\\ASDC\\Project\\Group01\\server\\Controller\\contactUsController.js": {"path":"C:\\Users\\Sneh Patel\\Desktop\\DAL\\TERM 1\\ASDC\\Project\\Group01\\server\\Controller\\contactUsController.js","statementMap":{"0":{"start":{"line":1,"column":19},"end":{"line":1,"column":40}},"1":{"start":{"line":3,"column":18},"end":{"line":35,"column":1}},"2":{"start":{"line":4,"column":44},"end":{"line":4,"column":52}},"3":{"start":{"line":6,"column":24},"end":{"line":17,"column":6}},"4":{"start":{"line":19,"column":22},"end":{"line":24,"column":5}},"5":{"start":{"line":26,"column":4},"end":{"line":33,"column":7}},"6":{"start":{"line":27,"column":8},"end":{"line":32,"column":9}},"7":{"start":{"line":28,"column":12},"end":{"line":28,"column":49}},"8":{"start":{"line":30,"column":12},"end":{"line":30,"column":56}},"9":{"start":{"line":31,"column":12},"end":{"line":31,"column":58}},"10":{"start":{"line":37,"column":0},"end":{"line":37,"column":29}}},"fnMap":{"0":{"name":"(anonymous_0)","decl":{"start":{"line":3,"column":18},"end":{"line":3,"column":19}},"loc":{"start":{"line":3,"column":32},"end":{"line":35,"column":1}},"line":3},"1":{"name":"(anonymous_1)","decl":{"start":{"line":26,"column":38},"end":{"line":26,"column":39}},"loc":{"start":{"line":26,"column":59},"end":{"line":33,"column":5}},"line":26}},"branchMap":{"0":{"loc":{"start":{"line":27,"column":8},"end":{"line":32,"column":9}},"type":"if","locations":[{"start":{"line":27,"column":8},"end":{"line":32,"column":9}},{"start":{"line":29,"column":15},"end":{"line":32,"column":9}}],"line":27}},"s":{"0":1,"1":1,"2":0,"3":0,"4":0,"5":0,"6":0,"7":0,"8":0,"9":0,"10":1},"f":{"0":0,"1":0},"b":{"0":[0,0]},"_coverageSchema":"1a1c01bbd47fc00a2c39e90264f33305004495a9","hash":"0402ee29b7661b62296c702509fa81311d248031"}
,"C:\\Users\\Sneh Patel\\Desktop\\DAL\\TERM 1\\ASDC\\Project\\Group01\\server\\Controller\\expenseController.js": {"path":"C:\\Users\\Sneh Patel\\Desktop\\DAL\\TERM 1\\ASDC\\Project\\Group01\\server\\Controller\\expenseController.js","statementMap":{"0":{"start":{"line":1,"column":14},"end":{"line":1,"column":54}},"1":{"start":{"line":2,"column":17},"end":{"line":2,"column":48}},"2":{"start":{"line":3,"column":16},"end":{"line":3,"column":49}},"3":{"start":{"line":6,"column":19},"end":{"line":43,"column":1}},"4":{"start":{"line":7,"column":4},"end":{"line":42,"column":5}},"5":{"start":{"line":8,"column":22},"end":{"line":8,"column":30}},"6":{"start":{"line":9,"column":20},"end":{"line":11,"column":10}},"7":{"start":{"line":13,"column":8},"end":{"line":17,"column":9}},"8":{"start":{"line":14,"column":22},"end":{"line":14,"column":51}},"9":{"start":{"line":15,"column":12},"end":{"line":15,"column":29}},"10":{"start":{"line":16,"column":12},"end":{"line":16,"column":22}},"11":{"start":{"line":19,"column":8},"end":{"line":19,"column":79}},"12":{"start":{"line":21,"column":21},"end":{"line":21,"column":41}},"13":{"start":{"line":22,"column":25},"end":{"line":22,"column":53}},"14":{"start":{"line":24,"column":30},"end":{"line":29,"column":9}},"15":{"start":{"line":32,"column":8},"end":{"line":37,"column":11}},"16":{"start":{"line":39,"column":8},"end":{"line":41,"column":11}},"17":{"start":{"line":45,"column":22},"end":{"line":71,"column":1}},"18":{"start":{"line":46,"column":4},"end":{"line":70,"column":5}},"19":{"start":{"line":47,"column":22},"end":{"line":49,"column":10}},"20":{"start":{"line":50,"column":8},"end":{"line":54,"column":9}},"21":{"start":{"line":51,"column":22},"end":{"line":51,"column":53}},"22":{"start":{"line":52,"column":12},"end":{"line":52,"column":28}},"23":{"start":{"line":53,"column":12},"end":{"line":53,"column":21}},"24":{"start":{"line":55,"column":24},"end":{"line":57,"column":10}},"25":{"start":{"line":59,"column":8},"end":{"line":59,"column":111}},"26":{"start":{"line":61,"column":8},"end":{"line":65,"column":10}},"27":{"start":{"line":67,"column":8},"end":{"line":69,"column":10}},"28":{"start":{"line":73,"column":25},"end":{"line":99,"column":1}},"29":{"start":{"line":74,"column":4},"end":{"line":98,"column":5}},"30":{"start":{"line":75,"column":27},"end":{"line":79,"column":10}},"31":{"start":{"line":80,"column":8},"end":{"line":84,"column":9}},"32":{"start":{"line":81,"column":22},"end":{"line":81,"column":67}},"33":{"start":{"line":82,"column":12},"end":{"line":82,"column":28}},"34":{"start":{"line":83,"column":12},"end":{"line":83,"column":21}},"35":{"start":{"line":85,"column":26},"end":{"line":85,"column":27}},"36":{"start":{"line":86,"column":8},"end":{"line":88,"column":9}},"37":{"start":{"line":87,"column":12},"end":{"line":87,"column":51}},"38":{"start":{"line":89,"column":8},"end":{"line":93,"column":10}},"39":{"start":{"line":95,"column":8},"end":{"line":97,"column":10}},"40":{"start":{"line":101,"column":24},"end":{"line":130,"column":1}},"41":{"start":{"line":102,"column":4},"end":{"line":129,"column":5}},"42":{"start":{"line":103,"column":28},"end":{"line":109,"column":10}},"43":{"start":{"line":110,"column":8},"end":{"line":114,"column":9}},"44":{"start":{"line":111,"column":24},"end":{"line":111,"column":55}},"45":{"start":{"line":112,"column":12},"end":{"line":112,"column":28}},"46":{"start":{"line":113,"column":12},"end":{"line":113,"column":21}},"47":{"start":{"line":115,"column":26},"end":{"line":115,"column":27}},"48":{"start":{"line":116,"column":8},"end":{"line":118,"column":9}},"49":{"start":{"line":117,"column":12},"end":{"line":117,"column":57}},"50":{"start":{"line":119,"column":8},"end":{"line":123,"column":10}},"51":{"start":{"line":126,"column":8},"end":{"line":128,"column":10}},"52":{"start":{"line":131,"column":29},"end":{"line":163,"column":1}},"53":{"start":{"line":133,"column":4},"end":{"line":162,"column":5}},"54":{"start":{"line":134,"column":28},"end":{"line":141,"column":10}},"55":{"start":{"line":143,"column":8},"end":{"line":147,"column":9}},"56":{"start":{"line":144,"column":24},"end":{"line":144,"column":55}},"57":{"start":{"line":145,"column":12},"end":{"line":145,"column":28}},"58":{"start":{"line":146,"column":12},"end":{"line":146,"column":21}},"59":{"start":{"line":148,"column":26},"end":{"line":148,"column":27}},"60":{"start":{"line":149,"column":8},"end":{"line":151,"column":9}},"61":{"start":{"line":150,"column":12},"end":{"line":150,"column":57}},"62":{"start":{"line":152,"column":8},"end":{"line":156,"column":10}},"63":{"start":{"line":159,"column":8},"end":{"line":161,"column":10}},"64":{"start":{"line":164,"column":20},"end":{"line":184,"column":1}},"65":{"start":{"line":165,"column":4},"end":{"line":183,"column":5}},"66":{"start":{"line":166,"column":22},"end":{"line":168,"column":10}},"67":{"start":{"line":169,"column":8},"end":{"line":173,"column":9}},"68":{"start":{"line":170,"column":22},"end":{"line":170,"column":64}},"69":{"start":{"line":171,"column":12},"end":{"line":171,"column":28}},"70":{"start":{"line":172,"column":12},"end":{"line":172,"column":21}},"71":{"start":{"line":174,"column":8},"end":{"line":177,"column":10}},"72":{"start":{"line":180,"column":8},"end":{"line":182,"column":10}},"73":{"start":{"line":186,"column":24},"end":{"line":213,"column":1}},"74":{"start":{"line":187,"column":4},"end":{"line":212,"column":5}},"75":{"start":{"line":188,"column":30},"end":{"line":201,"column":10}},"76":{"start":{"line":203,"column":8},"end":{"line":206,"column":10}},"77":{"start":{"line":209,"column":8},"end":{"line":211,"column":10}},"78":{"start":{"line":215,"column":23},"end":{"line":249,"column":1}},"79":{"start":{"line":216,"column":4},"end":{"line":248,"column":5}},"80":{"start":{"line":217,"column":29},"end":{"line":238,"column":10}},"81":{"start":{"line":239,"column":8},"end":{"line":242,"column":10}},"82":{"start":{"line":245,"column":8},"end":{"line":247,"column":10}},"83":{"start":{"line":251,"column":28},"end":{"line":297,"column":1}},"84":{"start":{"line":252,"column":4},"end":{"line":296,"column":5}},"85":{"start":{"line":253,"column":30},"end":{"line":286,"column":10}},"86":{"start":{"line":288,"column":8},"end":{"line":291,"column":11}},"87":{"start":{"line":293,"column":8},"end":{"line":295,"column":11}},"88":{"start":{"line":301,"column":27},"end":{"line":339,"column":1}},"89":{"start":{"line":302,"column":4},"end":{"line":338,"column":5}},"90":{"start":{"line":303,"column":29},"end":{"line":329,"column":10}},"91":{"start":{"line":330,"column":8},"end":{"line":333,"column":10}},"92":{"start":{"line":335,"column":8},"end":{"line":337,"column":10}},"93":{"start":{"line":341,"column":27},"end":{"line":362,"column":1}},"94":{"start":{"line":342,"column":4},"end":{"line":361,"column":5}},"95":{"start":{"line":343,"column":28},"end":{"line":350,"column":19}},"96":{"start":{"line":352,"column":8},"end":{"line":355,"column":10}},"97":{"start":{"line":357,"column":8},"end":{"line":357,"column":27}},"98":{"start":{"line":358,"column":8},"end":{"line":360,"column":10}},"99":{"start":{"line":364,"column":25},"end":{"line":409,"column":1}},"100":{"start":{"line":366,"column":4},"end":{"line":408,"column":5}},"101":{"start":{"line":367,"column":27},"end":{"line":398,"column":10}},"102":{"start":{"line":400,"column":8},"end":{"line":403,"column":10}},"103":{"start":{"line":405,"column":8},"end":{"line":407,"column":10}},"104":{"start":{"line":413,"column":0},"end":{"line":413,"column":229}}},"fnMap":{"0":{"name":"(anonymous_0)","decl":{"start":{"line":6,"column":19},"end":{"line":6,"column":20}},"loc":{"start":{"line":6,"column":39},"end":{"line":43,"column":1}},"line":6},"1":{"name":"(anonymous_1)","decl":{"start":{"line":45,"column":22},"end":{"line":45,"column":23}},"loc":{"start":{"line":45,"column":42},"end":{"line":71,"column":1}},"line":45},"2":{"name":"(anonymous_2)","decl":{"start":{"line":73,"column":25},"end":{"line":73,"column":26}},"loc":{"start":{"line":73,"column":45},"end":{"line":99,"column":1}},"line":73},"3":{"name":"(anonymous_3)","decl":{"start":{"line":101,"column":24},"end":{"line":101,"column":25}},"loc":{"start":{"line":101,"column":44},"end":{"line":130,"column":1}},"line":101},"4":{"name":"(anonymous_4)","decl":{"start":{"line":131,"column":29},"end":{"line":131,"column":30}},"loc":{"start":{"line":131,"column":49},"end":{"line":163,"column":1}},"line":131},"5":{"name":"(anonymous_5)","decl":{"start":{"line":164,"column":20},"end":{"line":164,"column":21}},"loc":{"start":{"line":164,"column":40},"end":{"line":184,"column":1}},"line":164},"6":{"name":"(anonymous_6)","decl":{"start":{"line":186,"column":24},"end":{"line":186,"column":25}},"loc":{"start":{"line":186,"column":44},"end":{"line":213,"column":1}},"line":186},"7":{"name":"(anonymous_7)","decl":{"start":{"line":215,"column":23},"end":{"line":215,"column":24}},"loc":{"start":{"line":215,"column":43},"end":{"line":249,"column":1}},"line":215},"8":{"name":"(anonymous_8)","decl":{"start":{"line":251,"column":28},"end":{"line":251,"column":29}},"loc":{"start":{"line":251,"column":48},"end":{"line":297,"column":1}},"line":251},"9":{"name":"(anonymous_9)","decl":{"start":{"line":301,"column":27},"end":{"line":301,"column":28}},"loc":{"start":{"line":301,"column":47},"end":{"line":339,"column":1}},"line":301},"10":{"name":"(anonymous_10)","decl":{"start":{"line":341,"column":27},"end":{"line":341,"column":28}},"loc":{"start":{"line":341,"column":47},"end":{"line":362,"column":1}},"line":341},"11":{"name":"(anonymous_11)","decl":{"start":{"line":364,"column":25},"end":{"line":364,"column":26}},"loc":{"start":{"line":364,"column":45},"end":{"line":409,"column":1}},"line":364}},"branchMap":{"0":{"loc":{"start":{"line":13,"column":8},"end":{"line":17,"column":9}},"type":"if","locations":[{"start":{"line":13,"column":8},"end":{"line":17,"column":9}},{"start":{},"end":{}}],"line":13},"1":{"loc":{"start":{"line":39,"column":19},"end":{"line":39,"column":36}},"type":"binary-expr","locations":[{"start":{"line":39,"column":19},"end":{"line":39,"column":29}},{"start":{"line":39,"column":33},"end":{"line":39,"column":36}}],"line":39},"2":{"loc":{"start":{"line":50,"column":8},"end":{"line":54,"column":9}},"type":"if","locations":[{"start":{"line":50,"column":8},"end":{"line":54,"column":9}},{"start":{},"end":{}}],"line":50},"3":{"loc":{"start":{"line":67,"column":19},"end":{"line":67,"column":36}},"type":"binary-expr","locations":[{"start":{"line":67,"column":19},"end":{"line":67,"column":29}},{"start":{"line":67,"column":33},"end":{"line":67,"column":36}}],"line":67},"4":{"loc":{"start":{"line":80,"column":8},"end":{"line":84,"column":9}},"type":"if","locations":[{"start":{"line":80,"column":8},"end":{"line":84,"column":9}},{"start":{},"end":{}}],"line":80},"5":{"loc":{"start":{"line":95,"column":19},"end":{"line":95,"column":36}},"type":"binary-expr","locations":[{"start":{"line":95,"column":19},"end":{"line":95,"column":29}},{"start":{"line":95,"column":33},"end":{"line":95,"column":36}}],"line":95},"6":{"loc":{"start":{"line":110,"column":8},"end":{"line":114,"column":9}},"type":"if","locations":[{"start":{"line":110,"column":8},"end":{"line":114,"column":9}},{"start":{},"end":{}}],"line":110},"7":{"loc":{"start":{"line":126,"column":19},"end":{"line":126,"column":36}},"type":"binary-expr","locations":[{"start":{"line":126,"column":19},"end":{"line":126,"column":29}},{"start":{"line":126,"column":33},"end":{"line":126,"column":36}}],"line":126},"8":{"loc":{"start":{"line":143,"column":8},"end":{"line":147,"column":9}},"type":"if","locations":[{"start":{"line":143,"column":8},"end":{"line":147,"column":9}},{"start":{},"end":{}}],"line":143},"9":{"loc":{"start":{"line":159,"column":19},"end":{"line":159,"column":36}},"type":"binary-expr","locations":[{"start":{"line":159,"column":19},"end":{"line":159,"column":29}},{"start":{"line":159,"column":33},"end":{"line":159,"column":36}}],"line":159},"10":{"loc":{"start":{"line":169,"column":8},"end":{"line":173,"column":9}},"type":"if","locations":[{"start":{"line":169,"column":8},"end":{"line":173,"column":9}},{"start":{},"end":{}}],"line":169},"11":{"loc":{"start":{"line":180,"column":19},"end":{"line":180,"column":36}},"type":"binary-expr","locations":[{"start":{"line":180,"column":19},"end":{"line":180,"column":29}},{"start":{"line":180,"column":33},"end":{"line":180,"column":36}}],"line":180},"12":{"loc":{"start":{"line":209,"column":19},"end":{"line":209,"column":36}},"type":"binary-expr","locations":[{"start":{"line":209,"column":19},"end":{"line":209,"column":29}},{"start":{"line":209,"column":33},"end":{"line":209,"column":36}}],"line":209},"13":{"loc":{"start":{"line":245,"column":19},"end":{"line":245,"column":36}},"type":"binary-expr","locations":[{"start":{"line":245,"column":19},"end":{"line":245,"column":29}},{"start":{"line":245,"column":33},"end":{"line":245,"column":36}}],"line":245},"14":{"loc":{"start":{"line":293,"column":19},"end":{"line":293,"column":36}},"type":"binary-expr","locations":[{"start":{"line":293,"column":19},"end":{"line":293,"column":29}},{"start":{"line":293,"column":33},"end":{"line":293,"column":36}}],"line":293},"15":{"loc":{"start":{"line":335,"column":19},"end":{"line":335,"column":36}},"type":"binary-expr","locations":[{"start":{"line":335,"column":19},"end":{"line":335,"column":29}},{"start":{"line":335,"column":33},"end":{"line":335,"column":36}}],"line":335},"16":{"loc":{"start":{"line":358,"column":19},"end":{"line":358,"column":36}},"type":"binary-expr","locations":[{"start":{"line":358,"column":19},"end":{"line":358,"column":29}},{"start":{"line":358,"column":33},"end":{"line":358,"column":36}}],"line":358},"17":{"loc":{"start":{"line":405,"column":19},"end":{"line":405,"column":36}},"type":"binary-expr","locations":[{"start":{"line":405,"column":19},"end":{"line":405,"column":29}},{"start":{"line":405,"column":33},"end":{"line":405,"column":36}}],"line":405}},"s":{"0":2,"1":2,"2":2,"3":2,"4":4,"5":4,"6":4,"7":4,"8":1,"9":1,"10":1,"11":3,"12":3,"13":3,"14":2,"15":1,"16":3,"17":2,"18":0,"19":0,"20":0,"21":0,"22":0,"23":0,"24":0,"25":0,"26":0,"27":0,"28":2,"29":0,"30":0,"31":0,"32":0,"33":0,"34":0,"35":0,"36":0,"37":0,"38":0,"39":0,"40":2,"41":3,"42":3,"43":2,"44":1,"45":1,"46":1,"47":1,"48":1,"49":2,"50":1,"51":2,"52":2,"53":3,"54":3,"55":2,"56":1,"57":1,"58":1,"59":1,"60":1,"61":1,"62":1,"63":2,"64":2,"65":1,"66":1,"67":1,"68":0,"69":0,"70":0,"71":1,"72":0,"73":2,"74":2,"75":2,"76":1,"77":1,"78":2,"79":2,"80":2,"81":1,"82":1,"83":2,"84":2,"85":2,"86":1,"87":1,"88":2,"89":2,"90":2,"91":1,"92":1,"93":2,"94":2,"95":2,"96":0,"97":2,"98":2,"99":2,"100":1,"101":1,"102":1,"103":0,"104":2},"f":{"0":4,"1":0,"2":0,"3":3,"4":3,"5":1,"6":2,"7":2,"8":2,"9":2,"10":2,"11":1},"b":{"0":[1,3],"1":[3,2],"2":[0,0],"3":[0,0],"4":[0,0],"5":[0,0],"6":[1,1],"7":[2,1],"8":[1,1],"9":[2,1],"10":[0,1],"11":[0,0],"12":[1,1],"13":[1,1],"14":[1,1],"15":[1,1],"16":[2,2],"17":[0,0]},"_coverageSchema":"1a1c01bbd47fc00a2c39e90264f33305004495a9","hash":"4747c46a976dac1e52e410e7b5a7a303e73f7af3"}
,"C:\\Users\\Sneh Patel\\Desktop\\DAL\\TERM 1\\ASDC\\Project\\Group01\\server\\Controller\\groupController.js": {"path":"C:\\Users\\Sneh Patel\\Desktop\\DAL\\TERM 1\\ASDC\\Project\\Group01\\server\\Controller\\groupController.js","statementMap":{"0":{"start":{"line":1,"column":14},"end":{"line":1,"column":45}},"1":{"start":{"line":2,"column":16},"end":{"line":2,"column":49}},"2":{"start":{"line":3,"column":13},"end":{"line":3,"column":43}},"3":{"start":{"line":4,"column":28},"end":{"line":4,"column":68}},"4":{"start":{"line":5,"column":24},"end":{"line":5,"column":53}},"5":{"start":{"line":6,"column":28},"end":{"line":6,"column":68}},"6":{"start":{"line":7,"column":18},"end":{"line":7,"column":48}},"7":{"start":{"line":10,"column":20},"end":{"line":70,"column":1}},"8":{"start":{"line":11,"column":29},"end":{"line":11,"column":38}},"9":{"start":{"line":13,"column":25},"end":{"line":13,"column":28}},"10":{"start":{"line":14,"column":19},"end":{"line":14,"column":21}},"11":{"start":{"line":15,"column":4},"end":{"line":68,"column":5}},"12":{"start":{"line":16,"column":8},"end":{"line":16,"column":29}},"13":{"start":{"line":17,"column":8},"end":{"line":19,"column":10}},"14":{"start":{"line":21,"column":22},"end":{"line":25,"column":10}},"15":{"start":{"line":26,"column":24},"end":{"line":26,"column":26}},"16":{"start":{"line":28,"column":12},"end":{"line":30,"column":13}},"17":{"start":{"line":29,"column":16},"end":{"line":29,"column":35}},"18":{"start":{"line":31,"column":12},"end":{"line":31,"column":47}},"19":{"start":{"line":34,"column":8},"end":{"line":67,"column":9}},"20":{"start":{"line":35,"column":31},"end":{"line":35,"column":49}},"21":{"start":{"line":37,"column":30},"end":{"line":37,"column":45}},"22":{"start":{"line":38,"column":12},"end":{"line":38,"column":70}},"23":{"start":{"line":39,"column":27},"end":{"line":39,"column":42}},"24":{"start":{"line":41,"column":12},"end":{"line":56,"column":13}},"25":{"start":{"line":42,"column":29},"end":{"line":42,"column":64}},"26":{"start":{"line":43,"column":16},"end":{"line":55,"column":17}},"27":{"start":{"line":44,"column":32},"end":{"line":52,"column":32}},"28":{"start":{"line":54,"column":20},"end":{"line":54,"column":47}},"29":{"start":{"line":58,"column":12},"end":{"line":58,"column":34}},"30":{"start":{"line":61,"column":12},"end":{"line":61,"column":33}},"31":{"start":{"line":62,"column":12},"end":{"line":66,"column":14}},"32":{"start":{"line":69,"column":4},"end":{"line":69,"column":46}},"33":{"start":{"line":73,"column":24},"end":{"line":99,"column":1}},"34":{"start":{"line":75,"column":25},"end":{"line":75,"column":28}},"35":{"start":{"line":77,"column":4},"end":{"line":97,"column":5}},"36":{"start":{"line":78,"column":8},"end":{"line":78,"column":29}},"37":{"start":{"line":79,"column":8},"end":{"line":81,"column":10}},"38":{"start":{"line":83,"column":8},"end":{"line":96,"column":9}},"39":{"start":{"line":84,"column":33},"end":{"line":84,"column":78}},"40":{"start":{"line":85,"column":12},"end":{"line":87,"column":14}},"41":{"start":{"line":90,"column":12},"end":{"line":90,"column":33}},"42":{"start":{"line":91,"column":12},"end":{"line":95,"column":14}},"43":{"start":{"line":98,"column":4},"end":{"line":98,"column":46}},"44":{"start":{"line":101,"column":19},"end":{"line":121,"column":1}},"45":{"start":{"line":102,"column":19},"end":{"line":102,"column":29}},"46":{"start":{"line":103,"column":25},"end":{"line":103,"column":28}},"47":{"start":{"line":105,"column":8},"end":{"line":119,"column":9}},"48":{"start":{"line":106,"column":33},"end":{"line":106,"column":57}},"49":{"start":{"line":107,"column":12},"end":{"line":109,"column":14}},"50":{"start":{"line":113,"column":12},"end":{"line":113,"column":33}},"51":{"start":{"line":114,"column":12},"end":{"line":118,"column":14}},"52":{"start":{"line":120,"column":4},"end":{"line":120,"column":46}},"53":{"start":{"line":124,"column":25},"end":{"line":148,"column":1}},"54":{"start":{"line":125,"column":16},"end":{"line":127,"column":6}},"55":{"start":{"line":128,"column":4},"end":{"line":128,"column":30}},"56":{"start":{"line":129,"column":4},"end":{"line":129,"column":56}},"57":{"start":{"line":130,"column":4},"end":{"line":130,"column":50}},"58":{"start":{"line":131,"column":4},"end":{"line":131,"column":89}},"59":{"start":{"line":133,"column":4},"end":{"line":135,"column":5}},"60":{"start":{"line":134,"column":8},"end":{"line":134,"column":63}},"61":{"start":{"line":137,"column":12},"end":{"line":137,"column":13}},"62":{"start":{"line":138,"column":4},"end":{"line":141,"column":5}},"63":{"start":{"line":140,"column":8},"end":{"line":140,"column":21}},"64":{"start":{"line":142,"column":4},"end":{"line":142,"column":53}},"65":{"start":{"line":143,"column":4},"end":{"line":143,"column":136}},"66":{"start":{"line":145,"column":4},"end":{"line":147,"column":13}},"67":{"start":{"line":151,"column":23},"end":{"line":175,"column":1}},"68":{"start":{"line":152,"column":16},"end":{"line":154,"column":6}},"69":{"start":{"line":155,"column":4},"end":{"line":155,"column":30}},"70":{"start":{"line":156,"column":4},"end":{"line":156,"column":56}},"71":{"start":{"line":157,"column":4},"end":{"line":157,"column":50}},"72":{"start":{"line":158,"column":4},"end":{"line":158,"column":90}},"73":{"start":{"line":160,"column":4},"end":{"line":162,"column":5}},"74":{"start":{"line":161,"column":8},"end":{"line":161,"column":63}},"75":{"start":{"line":164,"column":12},"end":{"line":164,"column":13}},"76":{"start":{"line":165,"column":4},"end":{"line":168,"column":5}},"77":{"start":{"line":167,"column":8},"end":{"line":167,"column":21}},"78":{"start":{"line":169,"column":4},"end":{"line":169,"column":53}},"79":{"start":{"line":170,"column":4},"end":{"line":170,"column":136}},"80":{"start":{"line":172,"column":4},"end":{"line":174,"column":13}},"81":{"start":{"line":177,"column":26},"end":{"line":197,"column":1}},"82":{"start":{"line":178,"column":4},"end":{"line":196,"column":5}},"83":{"start":{"line":179,"column":22},"end":{"line":181,"column":10}},"84":{"start":{"line":183,"column":8},"end":{"line":187,"column":9}},"85":{"start":{"line":184,"column":22},"end":{"line":184,"column":51}},"86":{"start":{"line":185,"column":12},"end":{"line":185,"column":28}},"87":{"start":{"line":186,"column":12},"end":{"line":186,"column":21}},"88":{"start":{"line":188,"column":8},"end":{"line":191,"column":10}},"89":{"start":{"line":193,"column":8},"end":{"line":195,"column":10}},"90":{"start":{"line":199,"column":19},"end":{"line":229,"column":3}},"91":{"start":{"line":200,"column":4},"end":{"line":228,"column":5}},"92":{"start":{"line":201,"column":28},"end":{"line":201,"column":36}},"93":{"start":{"line":204,"column":20},"end":{"line":204,"column":68}},"94":{"start":{"line":206,"column":6},"end":{"line":208,"column":7}},"95":{"start":{"line":207,"column":8},"end":{"line":207,"column":84}},"96":{"start":{"line":210,"column":28},"end":{"line":210,"column":61}},"97":{"start":{"line":212,"column":6},"end":{"line":214,"column":7}},"98":{"start":{"line":213,"column":8},"end":{"line":213,"column":108}},"99":{"start":{"line":216,"column":29},"end":{"line":216,"column":87}},"100":{"start":{"line":216,"column":66},"end":{"line":216,"column":86}},"101":{"start":{"line":218,"column":27},"end":{"line":222,"column":7}},"102":{"start":{"line":224,"column":6},"end":{"line":224,"column":77}},"103":{"start":{"line":226,"column":6},"end":{"line":226,"column":27}},"104":{"start":{"line":227,"column":6},"end":{"line":227,"column":65}},"105":{"start":{"line":230,"column":25},"end":{"line":261,"column":1}},"106":{"start":{"line":231,"column":4},"end":{"line":260,"column":5}},"107":{"start":{"line":232,"column":22},"end":{"line":234,"column":10}},"108":{"start":{"line":235,"column":34},"end":{"line":235,"column":42}},"109":{"start":{"line":236,"column":8},"end":{"line":240,"column":9}},"110":{"start":{"line":237,"column":22},"end":{"line":237,"column":51}},"111":{"start":{"line":238,"column":12},"end":{"line":238,"column":28}},"112":{"start":{"line":239,"column":12},"end":{"line":239,"column":21}},"113":{"start":{"line":243,"column":7},"end":{"line":243,"column":49}},"114":{"start":{"line":244,"column":7},"end":{"line":244,"column":47}},"115":{"start":{"line":246,"column":7},"end":{"line":246,"column":35}},"116":{"start":{"line":248,"column":29},"end":{"line":248,"column":121}},"117":{"start":{"line":250,"column":7},"end":{"line":255,"column":6}},"118":{"start":{"line":257,"column":8},"end":{"line":259,"column":10}},"119":{"start":{"line":263,"column":0},"end":{"line":263,"column":140}}},"fnMap":{"0":{"name":"(anonymous_0)","decl":{"start":{"line":10,"column":20},"end":{"line":10,"column":21}},"loc":{"start":{"line":10,"column":40},"end":{"line":70,"column":1}},"line":10},"1":{"name":"(anonymous_1)","decl":{"start":{"line":73,"column":24},"end":{"line":73,"column":25}},"loc":{"start":{"line":73,"column":44},"end":{"line":99,"column":1}},"line":73},"2":{"name":"(anonymous_2)","decl":{"start":{"line":101,"column":19},"end":{"line":101,"column":20}},"loc":{"start":{"line":101,"column":39},"end":{"line":121,"column":1}},"line":101},"3":{"name":"(anonymous_3)","decl":{"start":{"line":124,"column":25},"end":{"line":124,"column":26}},"loc":{"start":{"line":124,"column":78},"end":{"line":148,"column":1}},"line":124},"4":{"name":"(anonymous_4)","decl":{"start":{"line":151,"column":23},"end":{"line":151,"column":24}},"loc":{"start":{"line":151,"column":76},"end":{"line":175,"column":1}},"line":151},"5":{"name":"(anonymous_5)","decl":{"start":{"line":177,"column":26},"end":{"line":177,"column":27}},"loc":{"start":{"line":177,"column":44},"end":{"line":197,"column":1}},"line":177},"6":{"name":"(anonymous_6)","decl":{"start":{"line":199,"column":19},"end":{"line":199,"column":20}},"loc":{"start":{"line":199,"column":39},"end":{"line":229,"column":3}},"line":199},"7":{"name":"(anonymous_7)","decl":{"start":{"line":216,"column":50},"end":{"line":216,"column":51}},"loc":{"start":{"line":216,"column":66},"end":{"line":216,"column":86}},"line":216},"8":{"name":"(anonymous_8)","decl":{"start":{"line":230,"column":25},"end":{"line":230,"column":26}},"loc":{"start":{"line":230,"column":43},"end":{"line":261,"column":1}},"line":230}},"branchMap":{"0":{"loc":{"start":{"line":15,"column":4},"end":{"line":68,"column":5}},"type":"if","locations":[{"start":{"line":15,"column":4},"end":{"line":68,"column":5}},{"start":{"line":20,"column":11},"end":{"line":68,"column":5}}],"line":15},"1":{"loc":{"start":{"line":15,"column":7},"end":{"line":15,"column":80}},"type":"binary-expr","locations":[{"start":{"line":15,"column":7},"end":{"line":15,"column":16}},{"start":{"line":15,"column":19},"end":{"line":15,"column":33}},{"start":{"line":15,"column":37},"end":{"line":15,"column":54}},{"start":{"line":15,"column":58},"end":{"line":15,"column":80}}],"line":15},"2":{"loc":{"start":{"line":43,"column":16},"end":{"line":55,"column":17}},"type":"if","locations":[{"start":{"line":43,"column":16},"end":{"line":55,"column":17}},{"start":{},"end":{}}],"line":43},"3":{"loc":{"start":{"line":43,"column":20},"end":{"line":43,"column":38}},"type":"binary-expr","locations":[{"start":{"line":43,"column":20},"end":{"line":43,"column":24}},{"start":{"line":43,"column":28},"end":{"line":43,"column":38}}],"line":43},"4":{"loc":{"start":{"line":77,"column":4},"end":{"line":97,"column":5}},"type":"if","locations":[{"start":{"line":77,"column":4},"end":{"line":97,"column":5}},{"start":{"line":82,"column":10},"end":{"line":97,"column":5}}],"line":77},"5":{"loc":{"start":{"line":77,"column":7},"end":{"line":77,"column":35}},"type":"binary-expr","locations":[{"start":{"line":77,"column":7},"end":{"line":77,"column":16}},{"start":{"line":77,"column":20},"end":{"line":77,"column":35}}],"line":77},"6":{"loc":{"start":{"line":183,"column":8},"end":{"line":187,"column":9}},"type":"if","locations":[{"start":{"line":183,"column":8},"end":{"line":187,"column":9}},{"start":{},"end":{}}],"line":183},"7":{"loc":{"start":{"line":193,"column":19},"end":{"line":193,"column":36}},"type":"binary-expr","locations":[{"start":{"line":193,"column":19},"end":{"line":193,"column":29}},{"start":{"line":193,"column":33},"end":{"line":193,"column":36}}],"line":193},"8":{"loc":{"start":{"line":206,"column":6},"end":{"line":208,"column":7}},"type":"if","locations":[{"start":{"line":206,"column":6},"end":{"line":208,"column":7}},{"start":{},"end":{}}],"line":206},"9":{"loc":{"start":{"line":212,"column":6},"end":{"line":214,"column":7}},"type":"if","locations":[{"start":{"line":212,"column":6},"end":{"line":214,"column":7}},{"start":{},"end":{}}],"line":212},"10":{"loc":{"start":{"line":236,"column":8},"end":{"line":240,"column":9}},"type":"if","locations":[{"start":{"line":236,"column":8},"end":{"line":240,"column":9}},{"start":{},"end":{}}],"line":236},"11":{"loc":{"start":{"line":257,"column":19},"end":{"line":257,"column":36}},"type":"binary-expr","locations":[{"start":{"line":257,"column":19},"end":{"line":257,"column":29}},{"start":{"line":257,"column":33},"end":{"line":257,"column":36}}],"line":257}},"s":{"0":2,"1":2,"2":2,"3":2,"4":2,"5":2,"6":2,"7":2,"8":0,"9":0,"10":0,"11":0,"12":0,"13":0,"14":0,"15":0,"16":0,"17":0,"18":0,"19":0,"20":0,"21":0,"22":0,"23":0,"24":0,"25":0,"26":0,"27":0,"28":0,"29":0,"30":0,"31":0,"32":0,"33":2,"34":0,"35":0,"36":0,"37":0,"38":0,"39":0,"40":0,"41":0,"42":0,"43":0,"44":2,"45":0,"46":0,"47":0,"48":0,"49":0,"50":0,"51":0,"52":0,"53":2,"54":0,"55":0,"56":0,"57":0,"58":0,"59":0,"60":0,"61":0,"62":0,"63":0,"64":0,"65":0,"66":0,"67":2,"68":0,"69":0,"70":0,"71":0,"72":0,"73":0,"74":0,"75":0,"76":0,"77":0,"78":0,"79":0,"80":0,"81":2,"82":0,"83":0,"84":0,"85":0,"86":0,"87":0,"88":0,"89":0,"90":2,"91":0,"92":0,"93":0,"94":0,"95":0,"96":0,"97":0,"98":0,"99":0,"100":0,"101":0,"102":0,"103":0,"104":0,"105":2,"106":0,"107":0,"108":0,"109":0,"110":0,"111":0,"112":0,"113":0,"114":0,"115":0,"116":0,"117":0,"118":0,"119":2},"f":{"0":0,"1":0,"2":0,"3":0,"4":0,"5":0,"6":0,"7":0,"8":0},"b":{"0":[0,0],"1":[0,0,0,0],"2":[0,0],"3":[0,0],"4":[0,0],"5":[0,0],"6":[0,0],"7":[0,0],"8":[0,0],"9":[0,0],"10":[0,0],"11":[0,0]},"_coverageSchema":"1a1c01bbd47fc00a2c39e90264f33305004495a9","hash":"ffa9609a73f794894e5e6767975567e93c320283"}
,"C:\\Users\\Sneh Patel\\Desktop\\DAL\\TERM 1\\ASDC\\Project\\Group01\\server\\Controller\\userController.js": {"path":"C:\\Users\\Sneh Patel\\Desktop\\DAL\\TERM 1\\ASDC\\Project\\Group01\\server\\Controller\\userController.js","statementMap":{"0":{"start":{"line":1,"column":13},"end":{"line":1,"column":43}},"1":{"start":{"line":2,"column":12},"end":{"line":2,"column":35}},"2":{"start":{"line":3,"column":19},"end":{"line":3,"column":40}},"3":{"start":{"line":4,"column":28},"end":{"line":4,"column":68}},"4":{"start":{"line":5,"column":18},"end":{"line":5,"column":58}},"5":{"start":{"line":7,"column":27},"end":{"line":7,"column":36}},"6":{"start":{"line":10,"column":20},"end":{"line":12,"column":1}},"7":{"start":{"line":11,"column":3},"end":{"line":11,"column":66}},"8":{"start":{"line":14,"column":18},"end":{"line":24,"column":1}},"9":{"start":{"line":15,"column":30},"end":{"line":15,"column":38}},"10":{"start":{"line":16,"column":4},"end":{"line":23,"column":5}},"11":{"start":{"line":17,"column":21},"end":{"line":17,"column":54}},"12":{"start":{"line":18,"column":21},"end":{"line":18,"column":42}},"13":{"start":{"line":19,"column":8},"end":{"line":19,"column":48}},"14":{"start":{"line":22,"column":8},"end":{"line":22,"column":52}},"15":{"start":{"line":26,"column":19},"end":{"line":47,"column":1}},"16":{"start":{"line":27,"column":36},"end":{"line":27,"column":44}},"17":{"start":{"line":28,"column":4},"end":{"line":46,"column":5}},"18":{"start":{"line":29,"column":21},"end":{"line":29,"column":61}},"19":{"start":{"line":30,"column":21},"end":{"line":30,"column":42}},"20":{"start":{"line":31,"column":20},"end":{"line":39,"column":21}},"21":{"start":{"line":40,"column":9},"end":{"line":40,"column":36}},"22":{"start":{"line":41,"column":8},"end":{"line":41,"column":48}},"23":{"start":{"line":45,"column":8},"end":{"line":45,"column":52}},"24":{"start":{"line":49,"column":22},"end":{"line":80,"column":1}},"25":{"start":{"line":50,"column":24},"end":{"line":50,"column":34}},"26":{"start":{"line":52,"column":23},"end":{"line":52,"column":31}},"27":{"start":{"line":53,"column":2},"end":{"line":79,"column":3}},"28":{"start":{"line":55,"column":15},"end":{"line":55,"column":49}},"29":{"start":{"line":57,"column":21},"end":{"line":57,"column":42}},"30":{"start":{"line":59,"column":4},"end":{"line":68,"column":5}},"31":{"start":{"line":69,"column":4},"end":{"line":69,"column":31}},"32":{"start":{"line":70,"column":4},"end":{"line":70,"column":32}},"33":{"start":{"line":72,"column":4},"end":{"line":78,"column":5}},"34":{"start":{"line":73,"column":6},"end":{"line":73,"column":55}},"35":{"start":{"line":74,"column":11},"end":{"line":78,"column":5}},"36":{"start":{"line":75,"column":6},"end":{"line":75,"column":55}},"37":{"start":{"line":77,"column":6},"end":{"line":77,"column":54}},"38":{"start":{"line":83,"column":23},"end":{"line":120,"column":1}},"39":{"start":{"line":84,"column":20},"end":{"line":84,"column":28}},"40":{"start":{"line":85,"column":4},"end":{"line":119,"column":5}},"41":{"start":{"line":86,"column":21},"end":{"line":86,"column":49}},"42":{"start":{"line":87,"column":21},"end":{"line":87,"column":42}},"43":{"start":{"line":88,"column":28},"end":{"line":99,"column":12}},"44":{"start":{"line":101,"column":28},"end":{"line":106,"column":11}},"45":{"start":{"line":108,"column":27},"end":{"line":108,"column":60}},"46":{"start":{"line":109,"column":10},"end":{"line":115,"column":11}},"47":{"start":{"line":111,"column":12},"end":{"line":111,"column":44}},"48":{"start":{"line":114,"column":12},"end":{"line":114,"column":65}},"49":{"start":{"line":118,"column":8},"end":{"line":118,"column":52}},"50":{"start":{"line":122,"column":23},"end":{"line":142,"column":1}},"51":{"start":{"line":123,"column":23},"end":{"line":123,"column":31}},"52":{"start":{"line":124,"column":2},"end":{"line":141,"column":3}},"53":{"start":{"line":125,"column":17},"end":{"line":125,"column":52}},"54":{"start":{"line":126,"column":17},"end":{"line":134,"column":17}},"55":{"start":{"line":135,"column":4},"end":{"line":135,"column":32}},"56":{"start":{"line":136,"column":4},"end":{"line":136,"column":73}},"57":{"start":{"line":138,"column":4},"end":{"line":140,"column":5}},"58":{"start":{"line":139,"column":6},"end":{"line":139,"column":31}},"59":{"start":{"line":146,"column":23},"end":{"line":171,"column":1}},"60":{"start":{"line":147,"column":65},"end":{"line":147,"column":73}},"61":{"start":{"line":148,"column":2},"end":{"line":170,"column":3}},"62":{"start":{"line":149,"column":17},"end":{"line":149,"column":95}},"63":{"start":{"line":150,"column":16},"end":{"line":159,"column":5}},"64":{"start":{"line":160,"column":4},"end":{"line":160,"column":37}},"65":{"start":{"line":161,"column":4},"end":{"line":161,"column":35}},"66":{"start":{"line":163,"column":4},"end":{"line":169,"column":5}},"67":{"start":{"line":164,"column":6},"end":{"line":164,"column":55}},"68":{"start":{"line":165,"column":11},"end":{"line":169,"column":5}},"69":{"start":{"line":166,"column":6},"end":{"line":166,"column":55}},"70":{"start":{"line":168,"column":6},"end":{"line":168,"column":54}},"71":{"start":{"line":173,"column":18},"end":{"line":180,"column":1}},"72":{"start":{"line":174,"column":4},"end":{"line":178,"column":5}},"73":{"start":{"line":175,"column":19},"end":{"line":175,"column":39}},"74":{"start":{"line":176,"column":6},"end":{"line":176,"column":37}},"75":{"start":{"line":181,"column":29},"end":{"line":208,"column":1}},"76":{"start":{"line":182,"column":61},"end":{"line":182,"column":69}},"77":{"start":{"line":184,"column":2},"end":{"line":207,"column":3}},"78":{"start":{"line":185,"column":19},"end":{"line":185,"column":42}},"79":{"start":{"line":187,"column":6},"end":{"line":189,"column":7}},"80":{"start":{"line":188,"column":10},"end":{"line":188,"column":67}},"81":{"start":{"line":192,"column":6},"end":{"line":197,"column":8}},"82":{"start":{"line":200,"column":23},"end":{"line":200,"column":40}},"83":{"start":{"line":201,"column":5},"end":{"line":201,"column":77}},"84":{"start":{"line":203,"column":6},"end":{"line":203,"column":81}},"85":{"start":{"line":205,"column":6},"end":{"line":205,"column":27}},"86":{"start":{"line":206,"column":6},"end":{"line":206,"column":63}},"87":{"start":{"line":212,"column":0},"end":{"line":212,"column":135}}},"fnMap":{"0":{"name":"(anonymous_0)","decl":{"start":{"line":10,"column":20},"end":{"line":10,"column":21}},"loc":{"start":{"line":10,"column":28},"end":{"line":12,"column":1}},"line":10},"1":{"name":"(anonymous_1)","decl":{"start":{"line":14,"column":18},"end":{"line":14,"column":19}},"loc":{"start":{"line":14,"column":38},"end":{"line":24,"column":1}},"line":14},"2":{"name":"(anonymous_2)","decl":{"start":{"line":26,"column":19},"end":{"line":26,"column":20}},"loc":{"start":{"line":26,"column":39},"end":{"line":47,"column":1}},"line":26},"3":{"name":"(anonymous_3)","decl":{"start":{"line":49,"column":22},"end":{"line":49,"column":23}},"loc":{"start":{"line":49,"column":42},"end":{"line":80,"column":1}},"line":49},"4":{"name":"(anonymous_4)","decl":{"start":{"line":83,"column":23},"end":{"line":83,"column":24}},"loc":{"start":{"line":83,"column":43},"end":{"line":120,"column":1}},"line":83},"5":{"name":"(anonymous_5)","decl":{"start":{"line":122,"column":23},"end":{"line":122,"column":24}},"loc":{"start":{"line":122,"column":43},"end":{"line":142,"column":1}},"line":122},"6":{"name":"(anonymous_6)","decl":{"start":{"line":146,"column":23},"end":{"line":146,"column":24}},"loc":{"start":{"line":146,"column":43},"end":{"line":171,"column":1}},"line":146},"7":{"name":"(anonymous_7)","decl":{"start":{"line":173,"column":18},"end":{"line":173,"column":19}},"loc":{"start":{"line":173,"column":37},"end":{"line":180,"column":1}},"line":173},"8":{"name":"(anonymous_8)","decl":{"start":{"line":181,"column":29},"end":{"line":181,"column":30}},"loc":{"start":{"line":181,"column":49},"end":{"line":208,"column":1}},"line":181}},"branchMap":{"0":{"loc":{"start":{"line":72,"column":4},"end":{"line":78,"column":5}},"type":"if","locations":[{"start":{"line":72,"column":4},"end":{"line":78,"column":5}},{"start":{"line":74,"column":11},"end":{"line":78,"column":5}}],"line":72},"1":{"loc":{"start":{"line":74,"column":11},"end":{"line":78,"column":5}},"type":"if","locations":[{"start":{"line":74,"column":11},"end":{"line":78,"column":5}},{"start":{"line":76,"column":11},"end":{"line":78,"column":5}}],"line":74},"2":{"loc":{"start":{"line":109,"column":10},"end":{"line":115,"column":11}},"type":"if","locations":[{"start":{"line":109,"column":10},"end":{"line":115,"column":11}},{"start":{"line":113,"column":14},"end":{"line":115,"column":11}}],"line":109},"3":{"loc":{"start":{"line":138,"column":4},"end":{"line":140,"column":5}},"type":"if","locations":[{"start":{"line":138,"column":4},"end":{"line":140,"column":5}},{"start":{},"end":{}}],"line":138},"4":{"loc":{"start":{"line":163,"column":4},"end":{"line":169,"column":5}},"type":"if","locations":[{"start":{"line":163,"column":4},"end":{"line":169,"column":5}},{"start":{"line":165,"column":11},"end":{"line":169,"column":5}}],"line":163},"5":{"loc":{"start":{"line":165,"column":11},"end":{"line":169,"column":5}},"type":"if","locations":[{"start":{"line":165,"column":11},"end":{"line":169,"column":5}},{"start":{"line":167,"column":11},"end":{"line":169,"column":5}}],"line":165},"6":{"loc":{"start":{"line":187,"column":6},"end":{"line":189,"column":7}},"type":"if","locations":[{"start":{"line":187,"column":6},"end":{"line":189,"column":7}},{"start":{},"end":{}}],"line":187}},"s":{"0":1,"1":1,"2":1,"3":1,"4":1,"5":1,"6":1,"7":4,"8":1,"9":2,"10":2,"11":2,"12":1,"13":0,"14":2,"15":1,"16":2,"17":2,"18":2,"19":1,"20":0,"21":0,"22":0,"23":2,"24":1,"25":4,"26":4,"27":4,"28":4,"29":1,"30":0,"31":0,"32":0,"33":4,"34":1,"35":3,"36":1,"37":2,"38":1,"39":2,"40":2,"41":2,"42":1,"43":0,"44":0,"45":0,"46":0,"47":0,"48":0,"49":2,"50":1,"51":0,"52":0,"53":0,"54":0,"55":0,"56":0,"57":0,"58":0,"59":1,"60":0,"61":0,"62":0,"63":0,"64":0,"65":0,"66":0,"67":0,"68":0,"69":0,"70":0,"71":1,"72":0,"73":0,"74":0,"75":1,"76":0,"77":0,"78":0,"79":0,"80":0,"81":0,"82":0,"83":0,"84":0,"85":0,"86":0,"87":1},"f":{"0":4,"1":2,"2":2,"3":4,"4":2,"5":0,"6":0,"7":0,"8":0},"b":{"0":[1,3],"1":[1,2],"2":[0,0],"3":[0,0],"4":[0,0],"5":[0,0],"6":[0,0]},"_coverageSchema":"1a1c01bbd47fc00a2c39e90264f33305004495a9","hash":"0780d592b5a9acd7bd9ed464eb719adbeda7b563"}
,"C:\\Users\\Sneh Patel\\Desktop\\DAL\\TERM 1\\ASDC\\Project\\Group01\\server\\Models\\expenseModel.js": {"path":"C:\\Users\\Sneh Patel\\Desktop\\DAL\\TERM 1\\ASDC\\Project\\Group01\\server\\Models\\expenseModel.js","statementMap":{"0":{"start":{"line":1,"column":17},"end":{"line":1,"column":36}},"1":{"start":{"line":3,"column":22},"end":{"line":47,"column":2}},"2":{"start":{"line":50,"column":0},"end":{"line":50,"column":58}}},"fnMap":{},"branchMap":{},"s":{"0":2,"1":2,"2":2},"f":{},"b":{},"_coverageSchema":"1a1c01bbd47fc00a2c39e90264f33305004495a9","hash":"1c7e8858dbaafe5d8adbd6060385da0b1bcbe877"}
,"C:\\Users\\Sneh Patel\\Desktop\\DAL\\TERM 1\\ASDC\\Project\\Group01\\server\\Models\\groupModel.js": {"path":"C:\\Users\\Sneh Patel\\Desktop\\DAL\\TERM 1\\ASDC\\Project\\Group01\\server\\Models\\groupModel.js","statementMap":{"0":{"start":{"line":1,"column":17},"end":{"line":1,"column":36}},"1":{"start":{"line":3,"column":20},"end":{"line":23,"column":2}},"2":{"start":{"line":25,"column":0},"end":{"line":25,"column":54}}},"fnMap":{},"branchMap":{},"s":{"0":2,"1":2,"2":2},"f":{},"b":{},"_coverageSchema":"1a1c01bbd47fc00a2c39e90264f33305004495a9","hash":"5afbda4a0747c9c6bf0c2f9000d396f8364d91dd"}
,"C:\\Users\\Sneh Patel\\Desktop\\DAL\\TERM 1\\ASDC\\Project\\Group01\\server\\Models\\userAccountModel.js": {"path":"C:\\Users\\Sneh Patel\\Desktop\\DAL\\TERM 1\\ASDC\\Project\\Group01\\server\\Models\\userAccountModel.js","statementMap":{"0":{"start":{"line":1,"column":17},"end":{"line":1,"column":36}},"1":{"start":{"line":5,"column":24},"end":{"line":22,"column":2}},"2":{"start":{"line":24,"column":26},"end":{"line":41,"column":2}},"3":{"start":{"line":43,"column":0},"end":{"line":43,"column":66}}},"fnMap":{},"branchMap":{},"s":{"0":2,"1":2,"2":2,"3":2},"f":{},"b":{},"_coverageSchema":"1a1c01bbd47fc00a2c39e90264f33305004495a9","hash":"6857ae2e689b9f9a57db342826ab8af4952d100a"}
,"C:\\Users\\Sneh Patel\\Desktop\\DAL\\TERM 1\\ASDC\\Project\\Group01\\server\\Models\\userModel.js": {"path":"C:\\Users\\Sneh Patel\\Desktop\\DAL\\TERM 1\\ASDC\\Project\\Group01\\server\\Models\\userModel.js","statementMap":{"0":{"start":{"line":1,"column":17},"end":{"line":1,"column":36}},"1":{"start":{"line":2,"column":18},"end":{"line":2,"column":38}},"2":{"start":{"line":3,"column":15},"end":{"line":3,"column":32}},"3":{"start":{"line":5,"column":24},"end":{"line":22,"column":2}},"4":{"start":{"line":24,"column":19},"end":{"line":48,"column":2}},"5":{"start":{"line":50,"column":0},"end":{"line":74,"column":1}},"6":{"start":{"line":51,"column":4},"end":{"line":54,"column":5}},"7":{"start":{"line":53,"column":8},"end":{"line":53,"column":48}},"8":{"start":{"line":55,"column":4},"end":{"line":58,"column":5}},"9":{"start":{"line":57,"column":8},"end":{"line":57,"column":42}},"10":{"start":{"line":59,"column":4},"end":{"line":62,"column":5}},"11":{"start":{"line":61,"column":8},"end":{"line":61,"column":94}},"12":{"start":{"line":64,"column":19},"end":{"line":64,"column":48}},"13":{"start":{"line":65,"column":4},"end":{"line":67,"column":5}},"14":{"start":{"line":66,"column":8},"end":{"line":66,"column":43}},"15":{"start":{"line":69,"column":17},"end":{"line":69,"column":41}},"16":{"start":{"line":70,"column":17},"end":{"line":70,"column":50}},"17":{"start":{"line":72,"column":17},"end":{"line":72,"column":67}},"18":{"start":{"line":73,"column":4},"end":{"line":73,"column":15}},"19":{"start":{"line":76,"column":0},"end":{"line":99,"column":1}},"20":{"start":{"line":77,"column":4},"end":{"line":80,"column":5}},"21":{"start":{"line":79,"column":8},"end":{"line":79,"column":48}},"22":{"start":{"line":81,"column":4},"end":{"line":84,"column":5}},"23":{"start":{"line":83,"column":8},"end":{"line":83,"column":42}},"24":{"start":{"line":85,"column":4},"end":{"line":88,"column":5}},"25":{"start":{"line":87,"column":8},"end":{"line":87,"column":94}},"26":{"start":{"line":89,"column":17},"end":{"line":89,"column":46}},"27":{"start":{"line":90,"column":4},"end":{"line":92,"column":5}},"28":{"start":{"line":91,"column":8},"end":{"line":91,"column":43}},"29":{"start":{"line":93,"column":18},"end":{"line":93,"column":63}},"30":{"start":{"line":94,"column":4},"end":{"line":97,"column":5}},"31":{"start":{"line":96,"column":8},"end":{"line":96,"column":41}},"32":{"start":{"line":98,"column":4},"end":{"line":98,"column":15}},"33":{"start":{"line":100,"column":0},"end":{"line":114,"column":1}},"34":{"start":{"line":101,"column":4},"end":{"line":104,"column":5}},"35":{"start":{"line":103,"column":8},"end":{"line":103,"column":48}},"36":{"start":{"line":105,"column":4},"end":{"line":108,"column":5}},"37":{"start":{"line":107,"column":8},"end":{"line":107,"column":42}},"38":{"start":{"line":109,"column":17},"end":{"line":109,"column":46}},"39":{"start":{"line":110,"column":4},"end":{"line":112,"column":5}},"40":{"start":{"line":111,"column":8},"end":{"line":111,"column":43}},"41":{"start":{"line":113,"column":4},"end":{"line":113,"column":15}},"42":{"start":{"line":116,"column":0},"end":{"line":129,"column":1}},"43":{"start":{"line":117,"column":4},"end":{"line":120,"column":5}},"44":{"start":{"line":119,"column":8},"end":{"line":119,"column":94}},"45":{"start":{"line":121,"column":17},"end":{"line":121,"column":41}},"46":{"start":{"line":122,"column":17},"end":{"line":122,"column":50}},"47":{"start":{"line":124,"column":17},"end":{"line":124,"column":75}},"48":{"start":{"line":125,"column":4},"end":{"line":127,"column":5}},"49":{"start":{"line":126,"column":8},"end":{"line":126,"column":43}},"50":{"start":{"line":128,"column":4},"end":{"line":128,"column":15}},"51":{"start":{"line":131,"column":0},"end":{"line":137,"column":2}},"52":{"start":{"line":132,"column":4},"end":{"line":134,"column":5}},"53":{"start":{"line":133,"column":8},"end":{"line":133,"column":43}},"54":{"start":{"line":135,"column":17},"end":{"line":135,"column":66}},"55":{"start":{"line":136,"column":4},"end":{"line":136,"column":16}},"56":{"start":{"line":139,"column":0},"end":{"line":158,"column":2}},"57":{"start":{"line":140,"column":16},"end":{"line":140,"column":45}},"58":{"start":{"line":141,"column":18},"end":{"line":141,"column":65}},"59":{"start":{"line":142,"column":4},"end":{"line":145,"column":5}},"60":{"start":{"line":144,"column":8},"end":{"line":144,"column":41}},"61":{"start":{"line":146,"column":4},"end":{"line":149,"column":5}},"62":{"start":{"line":148,"column":8},"end":{"line":148,"column":43}},"63":{"start":{"line":150,"column":17},"end":{"line":150,"column":41}},"64":{"start":{"line":151,"column":17},"end":{"line":151,"column":53}},"65":{"start":{"line":153,"column":17},"end":{"line":153,"column":74}},"66":{"start":{"line":155,"column":4},"end":{"line":155,"column":16}},"67":{"start":{"line":159,"column":0},"end":{"line":164,"column":2}},"68":{"start":{"line":160,"column":17},"end":{"line":160,"column":34}},"69":{"start":{"line":161,"column":4},"end":{"line":161,"column":16}},"70":{"start":{"line":168,"column":0},"end":{"line":168,"column":51}}},"fnMap":{"0":{"name":"(anonymous_0)","decl":{"start":{"line":50,"column":28},"end":{"line":50,"column":29}},"loc":{"start":{"line":50,"column":66},"end":{"line":74,"column":1}},"line":50},"1":{"name":"(anonymous_1)","decl":{"start":{"line":76,"column":27},"end":{"line":76,"column":28}},"loc":{"start":{"line":76,"column":59},"end":{"line":99,"column":1}},"line":76},"2":{"name":"(anonymous_2)","decl":{"start":{"line":100,"column":32},"end":{"line":100,"column":33}},"loc":{"start":{"line":100,"column":54},"end":{"line":114,"column":1}},"line":100},"3":{"name":"(anonymous_3)","decl":{"start":{"line":116,"column":31},"end":{"line":116,"column":32}},"loc":{"start":{"line":116,"column":60},"end":{"line":129,"column":1}},"line":116},"4":{"name":"(anonymous_4)","decl":{"start":{"line":131,"column":36},"end":{"line":131,"column":37}},"loc":{"start":{"line":131,"column":62},"end":{"line":137,"column":1}},"line":131},"5":{"name":"(anonymous_5)","decl":{"start":{"line":139,"column":36},"end":{"line":139,"column":37}},"loc":{"start":{"line":139,"column":104},"end":{"line":158,"column":1}},"line":139},"6":{"name":"(anonymous_6)","decl":{"start":{"line":159,"column":29},"end":{"line":159,"column":30}},"loc":{"start":{"line":159,"column":46},"end":{"line":164,"column":1}},"line":159}},"branchMap":{"0":{"loc":{"start":{"line":51,"column":4},"end":{"line":54,"column":5}},"type":"if","locations":[{"start":{"line":51,"column":4},"end":{"line":54,"column":5}},{"start":{},"end":{}}],"line":51},"1":{"loc":{"start":{"line":51,"column":7},"end":{"line":51,"column":35}},"type":"binary-expr","locations":[{"start":{"line":51,"column":7},"end":{"line":51,"column":13}},{"start":{"line":51,"column":17},"end":{"line":51,"column":26}},{"start":{"line":51,"column":30},"end":{"line":51,"column":35}}],"line":51},"2":{"loc":{"start":{"line":55,"column":4},"end":{"line":58,"column":5}},"type":"if","locations":[{"start":{"line":55,"column":4},"end":{"line":58,"column":5}},{"start":{},"end":{}}],"line":55},"3":{"loc":{"start":{"line":59,"column":4},"end":{"line":62,"column":5}},"type":"if","locations":[{"start":{"line":59,"column":4},"end":{"line":62,"column":5}},{"start":{},"end":{}}],"line":59},"4":{"loc":{"start":{"line":65,"column":4},"end":{"line":67,"column":5}},"type":"if","locations":[{"start":{"line":65,"column":4},"end":{"line":67,"column":5}},{"start":{},"end":{}}],"line":65},"5":{"loc":{"start":{"line":77,"column":4},"end":{"line":80,"column":5}},"type":"if","locations":[{"start":{"line":77,"column":4},"end":{"line":80,"column":5}},{"start":{},"end":{}}],"line":77},"6":{"loc":{"start":{"line":77,"column":7},"end":{"line":77,"column":26}},"type":"binary-expr","locations":[{"start":{"line":77,"column":7},"end":{"line":77,"column":13}},{"start":{"line":77,"column":17},"end":{"line":77,"column":26}}],"line":77},"7":{"loc":{"start":{"line":81,"column":4},"end":{"line":84,"column":5}},"type":"if","locations":[{"start":{"line":81,"column":4},"end":{"line":84,"column":5}},{"start":{},"end":{}}],"line":81},"8":{"loc":{"start":{"line":85,"column":4},"end":{"line":88,"column":5}},"type":"if","locations":[{"start":{"line":85,"column":4},"end":{"line":88,"column":5}},{"start":{},"end":{}}],"line":85},"9":{"loc":{"start":{"line":90,"column":4},"end":{"line":92,"column":5}},"type":"if","locations":[{"start":{"line":90,"column":4},"end":{"line":92,"column":5}},{"start":{},"end":{}}],"line":90},"10":{"loc":{"start":{"line":94,"column":4},"end":{"line":97,"column":5}},"type":"if","locations":[{"start":{"line":94,"column":4},"end":{"line":97,"column":5}},{"start":{},"end":{}}],"line":94},"11":{"loc":{"start":{"line":101,"column":4},"end":{"line":104,"column":5}},"type":"if","locations":[{"start":{"line":101,"column":4},"end":{"line":104,"column":5}},{"start":{},"end":{}}],"line":101},"12":{"loc":{"start":{"line":105,"column":4},"end":{"line":108,"column":5}},"type":"if","locations":[{"start":{"line":105,"column":4},"end":{"line":108,"column":5}},{"start":{},"end":{}}],"line":105},"13":{"loc":{"start":{"line":110,"column":4},"end":{"line":112,"column":5}},"type":"if","locations":[{"start":{"line":110,"column":4},"end":{"line":112,"column":5}},{"start":{},"end":{}}],"line":110},"14":{"loc":{"start":{"line":117,"column":4},"end":{"line":120,"column":5}},"type":"if","locations":[{"start":{"line":117,"column":4},"end":{"line":120,"column":5}},{"start":{},"end":{}}],"line":117},"15":{"loc":{"start":{"line":125,"column":4},"end":{"line":127,"column":5}},"type":"if","locations":[{"start":{"line":125,"column":4},"end":{"line":127,"column":5}},{"start":{},"end":{}}],"line":125},"16":{"loc":{"start":{"line":132,"column":4},"end":{"line":134,"column":5}},"type":"if","locations":[{"start":{"line":132,"column":4},"end":{"line":134,"column":5}},{"start":{},"end":{}}],"line":132},"17":{"loc":{"start":{"line":142,"column":4},"end":{"line":145,"column":5}},"type":"if","locations":[{"start":{"line":142,"column":4},"end":{"line":145,"column":5}},{"start":{},"end":{}}],"line":142},"18":{"loc":{"start":{"line":146,"column":4},"end":{"line":149,"column":5}},"type":"if","locations":[{"start":{"line":146,"column":4},"end":{"line":149,"column":5}},{"start":{},"end":{}}],"line":146}},"s":{"0":2,"1":2,"2":2,"3":2,"4":2,"5":2,"6":0,"7":0,"8":0,"9":0,"10":0,"11":0,"12":0,"13":0,"14":0,"15":0,"16":0,"17":0,"18":0,"19":2,"20":0,"21":0,"22":0,"23":0,"24":0,"25":0,"26":0,"27":0,"28":0,"29":0,"30":0,"31":0,"32":0,"33":2,"34":0,"35":0,"36":0,"37":0,"38":0,"39":0,"40":0,"41":0,"42":2,"43":0,"44":0,"45":0,"46":0,"47":0,"48":0,"49":0,"50":0,"51":2,"52":0,"53":0,"54":0,"55":0,"56":2,"57":0,"58":0,"59":0,"60":0,"61":0,"62":0,"63":0,"64":0,"65":0,"66":0,"67":2,"68":0,"69":0,"70":2},"f":{"0":0,"1":0,"2":0,"3":0,"4":0,"5":0,"6":0},"b":{"0":[0,0],"1":[0,0,0],"2":[0,0],"3":[0,0],"4":[0,0],"5":[0,0],"6":[0,0],"7":[0,0],"8":[0,0],"9":[0,0],"10":[0,0],"11":[0,0],"12":[0,0],"13":[0,0],"14":[0,0],"15":[0,0],"16":[0,0],"17":[0,0],"18":[0,0]},"_coverageSchema":"1a1c01bbd47fc00a2c39e90264f33305004495a9","hash":"00de2ea04d20e820600cc3a978dc3774584332f5"}
,"C:\\Users\\Sneh Patel\\Desktop\\DAL\\TERM 1\\ASDC\\Project\\Group01\\server\\PaymentProcessor\\bankModel.js": {"path":"C:\\Users\\Sneh Patel\\Desktop\\DAL\\TERM 1\\ASDC\\Project\\Group01\\server\\PaymentProcessor\\bankModel.js","statementMap":{"0":{"start":{"line":8,"column":25},"end":{"line":8,"column":62}},"1":{"start":{"line":10,"column":26},"end":{"line":28,"column":1}},"2":{"start":{"line":11,"column":25},"end":{"line":11,"column":29}},"3":{"start":{"line":12,"column":4},"end":{"line":26,"column":5}},"4":{"start":{"line":13,"column":24},"end":{"line":18,"column":10}},"5":{"start":{"line":19,"column":23},"end":{"line":19,"column":43}},"6":{"start":{"line":20,"column":8},"end":{"line":22,"column":9}},"7":{"start":{"line":21,"column":12},"end":{"line":21,"column":25}},"8":{"start":{"line":24,"column":8},"end":{"line":24,"column":27}},"9":{"start":{"line":25,"column":8},"end":{"line":25,"column":21}},"10":{"start":{"line":27,"column":4},"end":{"line":27,"column":16}},"11":{"start":{"line":31,"column":18},"end":{"line":52,"column":1}},"12":{"start":{"line":32,"column":4},"end":{"line":50,"column":5}},"13":{"start":{"line":33,"column":24},"end":{"line":33,"column":99}},"14":{"start":{"line":34,"column":8},"end":{"line":36,"column":9}},"15":{"start":{"line":35,"column":12},"end":{"line":35,"column":25}},"16":{"start":{"line":39,"column":27},"end":{"line":39,"column":67}},"17":{"start":{"line":40,"column":28},"end":{"line":40,"column":38}},"18":{"start":{"line":42,"column":8},"end":{"line":46,"column":9}},"19":{"start":{"line":45,"column":12},"end":{"line":45,"column":25}},"20":{"start":{"line":48,"column":8},"end":{"line":48,"column":27}},"21":{"start":{"line":49,"column":8},"end":{"line":49,"column":21}},"22":{"start":{"line":51,"column":4},"end":{"line":51,"column":16}},"23":{"start":{"line":55,"column":25},"end":{"line":64,"column":1}},"24":{"start":{"line":56,"column":4},"end":{"line":63,"column":5}},"25":{"start":{"line":57,"column":24},"end":{"line":57,"column":99}},"26":{"start":{"line":58,"column":8},"end":{"line":58,"column":58}},"27":{"start":{"line":59,"column":8},"end":{"line":59,"column":31}},"28":{"start":{"line":61,"column":8},"end":{"line":61,"column":27}},"29":{"start":{"line":62,"column":8},"end":{"line":62,"column":18}},"30":{"start":{"line":67,"column":28},"end":{"line":86,"column":1}},"31":{"start":{"line":68,"column":4},"end":{"line":83,"column":5}},"32":{"start":{"line":69,"column":31},"end":{"line":69,"column":59}},"33":{"start":{"line":71,"column":30},"end":{"line":71,"column":53}},"34":{"start":{"line":72,"column":8},"end":{"line":72,"column":53}},"35":{"start":{"line":73,"column":23},"end":{"line":73,"column":126}},"36":{"start":{"line":74,"column":8},"end":{"line":74,"column":28}},"37":{"start":{"line":75,"column":8},"end":{"line":75,"column":104}},"38":{"start":{"line":76,"column":8},"end":{"line":79,"column":9}},"39":{"start":{"line":77,"column":12},"end":{"line":77,"column":38}},"40":{"start":{"line":78,"column":12},"end":{"line":78,"column":25}},"41":{"start":{"line":81,"column":8},"end":{"line":81,"column":27}},"42":{"start":{"line":82,"column":8},"end":{"line":82,"column":21}},"43":{"start":{"line":85,"column":4},"end":{"line":85,"column":16}},"44":{"start":{"line":89,"column":27},"end":{"line":109,"column":1}},"45":{"start":{"line":90,"column":4},"end":{"line":106,"column":5}},"46":{"start":{"line":91,"column":31},"end":{"line":91,"column":59}},"47":{"start":{"line":93,"column":30},"end":{"line":93,"column":53}},"48":{"start":{"line":94,"column":8},"end":{"line":94,"column":54}},"49":{"start":{"line":95,"column":23},"end":{"line":95,"column":126}},"50":{"start":{"line":97,"column":8},"end":{"line":97,"column":28}},"51":{"start":{"line":98,"column":8},"end":{"line":98,"column":107}},"52":{"start":{"line":99,"column":8},"end":{"line":102,"column":9}},"53":{"start":{"line":100,"column":12},"end":{"line":100,"column":38}},"54":{"start":{"line":101,"column":12},"end":{"line":101,"column":25}},"55":{"start":{"line":104,"column":8},"end":{"line":104,"column":27}},"56":{"start":{"line":105,"column":8},"end":{"line":105,"column":21}},"57":{"start":{"line":108,"column":4},"end":{"line":108,"column":16}},"58":{"start":{"line":112,"column":0},"end":{"line":112,"column":107}}},"fnMap":{"0":{"name":"(anonymous_0)","decl":{"start":{"line":10,"column":26},"end":{"line":10,"column":27}},"loc":{"start":{"line":10,"column":62},"end":{"line":28,"column":1}},"line":10},"1":{"name":"(anonymous_1)","decl":{"start":{"line":31,"column":18},"end":{"line":31,"column":19}},"loc":{"start":{"line":31,"column":34},"end":{"line":52,"column":1}},"line":31},"2":{"name":"(anonymous_2)","decl":{"start":{"line":55,"column":25},"end":{"line":55,"column":26}},"loc":{"start":{"line":55,"column":41},"end":{"line":64,"column":1}},"line":55},"3":{"name":"(anonymous_3)","decl":{"start":{"line":67,"column":28},"end":{"line":67,"column":29}},"loc":{"start":{"line":67,"column":52},"end":{"line":86,"column":1}},"line":67},"4":{"name":"(anonymous_4)","decl":{"start":{"line":89,"column":27},"end":{"line":89,"column":28}},"loc":{"start":{"line":89,"column":51},"end":{"line":109,"column":1}},"line":89}},"branchMap":{"0":{"loc":{"start":{"line":20,"column":8},"end":{"line":22,"column":9}},"type":"if","locations":[{"start":{"line":20,"column":8},"end":{"line":22,"column":9}},{"start":{},"end":{}}],"line":20},"1":{"loc":{"start":{"line":34,"column":8},"end":{"line":36,"column":9}},"type":"if","locations":[{"start":{"line":34,"column":8},"end":{"line":36,"column":9}},{"start":{},"end":{}}],"line":34},"2":{"loc":{"start":{"line":42,"column":8},"end":{"line":46,"column":9}},"type":"if","locations":[{"start":{"line":42,"column":8},"end":{"line":46,"column":9}},{"start":{},"end":{}}],"line":42},"3":{"loc":{"start":{"line":42,"column":11},"end":{"line":44,"column":62}},"type":"binary-expr","locations":[{"start":{"line":42,"column":11},"end":{"line":42,"column":63}},{"start":{"line":43,"column":13},"end":{"line":43,"column":67}},{"start":{"line":44,"column":15},"end":{"line":44,"column":61}}],"line":42},"4":{"loc":{"start":{"line":76,"column":8},"end":{"line":79,"column":9}},"type":"if","locations":[{"start":{"line":76,"column":8},"end":{"line":79,"column":9}},{"start":{},"end":{}}],"line":76},"5":{"loc":{"start":{"line":99,"column":8},"end":{"line":102,"column":9}},"type":"if","locations":[{"start":{"line":99,"column":8},"end":{"line":102,"column":9}},{"start":{},"end":{}}],"line":99}},"s":{"0":2,"1":2,"2":0,"3":0,"4":0,"5":0,"6":0,"7":0,"8":0,"9":0,"10":0,"11":2,"12":0,"13":0,"14":0,"15":0,"16":0,"17":0,"18":0,"19":0,"20":0,"21":0,"22":0,"23":2,"24":0,"25":0,"26":0,"27":0,"28":0,"29":0,"30":2,"31":0,"32":0,"33":0,"34":0,"35":0,"36":0,"37":0,"38":0,"39":0,"40":0,"41":0,"42":0,"43":0,"44":2,"45":0,"46":0,"47":0,"48":0,"49":0,"50":0,"51":0,"52":0,"53":0,"54":0,"55":0,"56":0,"57":0,"58":2},"f":{"0":0,"1":0,"2":0,"3":0,"4":0},"b":{"0":[0,0],"1":[0,0],"2":[0,0],"3":[0,0,0],"4":[0,0],"5":[0,0]},"_coverageSchema":"1a1c01bbd47fc00a2c39e90264f33305004495a9","hash":"7149972d77d62e564e202d40aa0873bc291b2ea5"}
,"C:\\Users\\Sneh Patel\\Desktop\\DAL\\TERM 1\\ASDC\\Project\\Group01\\server\\PaymentProcessor\\processor.js": {"path":"C:\\Users\\Sneh Patel\\Desktop\\DAL\\TERM 1\\ASDC\\Project\\Group01\\server\\PaymentProcessor\\processor.js","statementMap":{"0":{"start":{"line":1,"column":17},"end":{"line":1,"column":36}},"1":{"start":{"line":2,"column":18},"end":{"line":2,"column":48}},"2":{"start":{"line":3,"column":18},"end":{"line":3,"column":58}},"3":{"start":{"line":4,"column":79},"end":{"line":4,"column":88}},"4":{"start":{"line":7,"column":23},"end":{"line":121,"column":1}},"5":{"start":{"line":8,"column":4},"end":{"line":8,"column":25}},"6":{"start":{"line":9,"column":14},"end":{"line":9,"column":16}},"7":{"start":{"line":11,"column":4},"end":{"line":19,"column":5}},"8":{"start":{"line":12,"column":8},"end":{"line":17,"column":10}},"9":{"start":{"line":18,"column":8},"end":{"line":18,"column":19}},"10":{"start":{"line":21,"column":17},"end":{"line":21,"column":25}},"11":{"start":{"line":22,"column":19},"end":{"line":22,"column":30}},"12":{"start":{"line":23,"column":21},"end":{"line":23,"column":34}},"13":{"start":{"line":24,"column":25},"end":{"line":24,"column":36}},"14":{"start":{"line":27,"column":23},"end":{"line":27,"column":46}},"15":{"start":{"line":28,"column":25},"end":{"line":28,"column":50}},"16":{"start":{"line":31,"column":28},"end":{"line":31,"column":55}},"17":{"start":{"line":32,"column":4},"end":{"line":42,"column":5}},"18":{"start":{"line":33,"column":8},"end":{"line":40,"column":10}},"19":{"start":{"line":41,"column":8},"end":{"line":41,"column":19}},"20":{"start":{"line":44,"column":30},"end":{"line":44,"column":59}},"21":{"start":{"line":45,"column":4},"end":{"line":55,"column":5}},"22":{"start":{"line":46,"column":8},"end":{"line":53,"column":10}},"23":{"start":{"line":54,"column":8},"end":{"line":54,"column":19}},"24":{"start":{"line":58,"column":31},"end":{"line":58,"column":75}},"25":{"start":{"line":59,"column":4},"end":{"line":69,"column":5}},"26":{"start":{"line":60,"column":8},"end":{"line":67,"column":10}},"27":{"start":{"line":68,"column":8},"end":{"line":68,"column":19}},"28":{"start":{"line":71,"column":4},"end":{"line":71,"column":50}},"29":{"start":{"line":72,"column":27},"end":{"line":72,"column":78}},"30":{"start":{"line":73,"column":4},"end":{"line":73,"column":49}},"31":{"start":{"line":75,"column":4},"end":{"line":113,"column":5}},"32":{"start":{"line":76,"column":8},"end":{"line":76,"column":57}},"33":{"start":{"line":77,"column":32},"end":{"line":77,"column":84}},"34":{"start":{"line":78,"column":8},"end":{"line":78,"column":54}},"35":{"start":{"line":80,"column":8},"end":{"line":101,"column":9}},"36":{"start":{"line":81,"column":12},"end":{"line":81,"column":50}},"37":{"start":{"line":83,"column":12},"end":{"line":83,"column":58}},"38":{"start":{"line":85,"column":37},"end":{"line":85,"column":87}},"39":{"start":{"line":88,"column":12},"end":{"line":90,"column":13}},"40":{"start":{"line":89,"column":16},"end":{"line":89,"column":87}},"41":{"start":{"line":92,"column":12},"end":{"line":99,"column":14}},"42":{"start":{"line":100,"column":12},"end":{"line":100,"column":23}},"43":{"start":{"line":104,"column":8},"end":{"line":111,"column":10}},"44":{"start":{"line":112,"column":8},"end":{"line":112,"column":19}},"45":{"start":{"line":115,"column":4},"end":{"line":119,"column":6}},"46":{"start":{"line":120,"column":4},"end":{"line":120,"column":15}},"47":{"start":{"line":125,"column":4},"end":{"line":138,"column":5}},"48":{"start":{"line":126,"column":21},"end":{"line":126,"column":64}},"49":{"start":{"line":128,"column":8},"end":{"line":131,"column":9}},"50":{"start":{"line":129,"column":12},"end":{"line":129,"column":65}},"51":{"start":{"line":130,"column":12},"end":{"line":130,"column":22}},"52":{"start":{"line":133,"column":28},"end":{"line":133,"column":50}},"53":{"start":{"line":134,"column":8},"end":{"line":134,"column":27}},"54":{"start":{"line":136,"column":8},"end":{"line":136,"column":27}},"55":{"start":{"line":137,"column":8},"end":{"line":137,"column":18}},"56":{"start":{"line":144,"column":20},"end":{"line":144,"column":48}},"57":{"start":{"line":145,"column":4},"end":{"line":148,"column":5}},"58":{"start":{"line":146,"column":8},"end":{"line":146,"column":44}},"59":{"start":{"line":147,"column":8},"end":{"line":147,"column":21}},"60":{"start":{"line":149,"column":4},"end":{"line":149,"column":16}},"61":{"start":{"line":152,"column":0},"end":{"line":152,"column":34}}},"fnMap":{"0":{"name":"(anonymous_0)","decl":{"start":{"line":7,"column":23},"end":{"line":7,"column":24}},"loc":{"start":{"line":7,"column":38},"end":{"line":121,"column":1}},"line":7},"1":{"name":"fetchCard","decl":{"start":{"line":124,"column":15},"end":{"line":124,"column":24}},"loc":{"start":{"line":124,"column":35},"end":{"line":139,"column":1}},"line":124},"2":{"name":"checkBalance","decl":{"start":{"line":143,"column":15},"end":{"line":143,"column":27}},"loc":{"start":{"line":143,"column":41},"end":{"line":150,"column":1}},"line":143}},"branchMap":{"0":{"loc":{"start":{"line":11,"column":4},"end":{"line":19,"column":5}},"type":"if","locations":[{"start":{"line":11,"column":4},"end":{"line":19,"column":5}},{"start":{},"end":{}}],"line":11},"1":{"loc":{"start":{"line":11,"column":7},"end":{"line":11,"column":86}},"type":"binary-expr","locations":[{"start":{"line":11,"column":7},"end":{"line":11,"column":11}},{"start":{"line":11,"column":15},"end":{"line":11,"column":24}},{"start":{"line":11,"column":28},"end":{"line":11,"column":44}},{"start":{"line":11,"column":48},"end":{"line":11,"column":66}},{"start":{"line":11,"column":70},"end":{"line":11,"column":86}}],"line":11},"2":{"loc":{"start":{"line":32,"column":4},"end":{"line":42,"column":5}},"type":"if","locations":[{"start":{"line":32,"column":4},"end":{"line":42,"column":5}},{"start":{},"end":{}}],"line":32},"3":{"loc":{"start":{"line":45,"column":4},"end":{"line":55,"column":5}},"type":"if","locations":[{"start":{"line":45,"column":4},"end":{"line":55,"column":5}},{"start":{},"end":{}}],"line":45},"4":{"loc":{"start":{"line":59,"column":4},"end":{"line":69,"column":5}},"type":"if","locations":[{"start":{"line":59,"column":4},"end":{"line":69,"column":5}},{"start":{},"end":{}}],"line":59},"5":{"loc":{"start":{"line":75,"column":4},"end":{"line":113,"column":5}},"type":"if","locations":[{"start":{"line":75,"column":4},"end":{"line":113,"column":5}},{"start":{"line":103,"column":8},"end":{"line":113,"column":5}}],"line":75},"6":{"loc":{"start":{"line":80,"column":8},"end":{"line":101,"column":9}},"type":"if","locations":[{"start":{"line":80,"column":8},"end":{"line":101,"column":9}},{"start":{},"end":{}}],"line":80},"7":{"loc":{"start":{"line":128,"column":8},"end":{"line":131,"column":9}},"type":"if","locations":[{"start":{"line":128,"column":8},"end":{"line":131,"column":9}},{"start":{},"end":{}}],"line":128},"8":{"loc":{"start":{"line":128,"column":11},"end":{"line":128,"column":31}},"type":"binary-expr","locations":[{"start":{"line":128,"column":11},"end":{"line":128,"column":16}},{"start":{"line":128,"column":20},"end":{"line":128,"column":31}}],"line":128},"9":{"loc":{"start":{"line":145,"column":4},"end":{"line":148,"column":5}},"type":"if","locations":[{"start":{"line":145,"column":4},"end":{"line":148,"column":5}},{"start":{},"end":{}}],"line":145}},"s":{"0":2,"1":2,"2":2,"3":2,"4":2,"5":0,"6":0,"7":0,"8":0,"9":0,"10":0,"11":0,"12":0,"13":0,"14":0,"15":0,"16":0,"17":0,"18":0,"19":0,"20":0,"21":0,"22":0,"23":0,"24":0,"25":0,"26":0,"27":0,"28":0,"29":0,"30":0,"31":0,"32":0,"33":0,"34":0,"35":0,"36":0,"37":0,"38":0,"39":0,"40":0,"41":0,"42":0,"43":0,"44":0,"45":0,"46":0,"47":0,"48":0,"49":0,"50":0,"51":0,"52":0,"53":0,"54":0,"55":0,"56":0,"57":0,"58":0,"59":0,"60":0,"61":2},"f":{"0":0,"1":0,"2":0},"b":{"0":[0,0],"1":[0,0,0,0,0],"2":[0,0],"3":[0,0],"4":[0,0],"5":[0,0],"6":[0,0],"7":[0,0],"8":[0,0],"9":[0,0]},"_coverageSchema":"1a1c01bbd47fc00a2c39e90264f33305004495a9","hash":"17b01ea185b12aeaaf5ba466b7b2c4ce923bcf70"}
,"C:\\Users\\Sneh Patel\\Desktop\\DAL\\TERM 1\\ASDC\\Project\\Group01\\server\\Routes\\expense.js": {"path":"C:\\Users\\Sneh Patel\\Desktop\\DAL\\TERM 1\\ASDC\\Project\\Group01\\server\\Routes\\expense.js","statementMap":{"0":{"start":{"line":1,"column":16},"end":{"line":1,"column":34}},"1":{"start":{"line":2,"column":219},"end":{"line":2,"column":261}},"2":{"start":{"line":4,"column":15},"end":{"line":4,"column":31}},"3":{"start":{"line":7,"column":0},"end":{"line":7,"column":31}},"4":{"start":{"line":8,"column":0},"end":{"line":8,"column":37}},"5":{"start":{"line":9,"column":0},"end":{"line":9,"column":46}},"6":{"start":{"line":10,"column":0},"end":{"line":10,"column":44}},"7":{"start":{"line":11,"column":0},"end":{"line":11,"column":33}},"8":{"start":{"line":12,"column":0},"end":{"line":12,"column":59}},"9":{"start":{"line":13,"column":0},"end":{"line":13,"column":46}},"10":{"start":{"line":14,"column":0},"end":{"line":14,"column":45}},"11":{"start":{"line":15,"column":0},"end":{"line":15,"column":48}},"12":{"start":{"line":16,"column":0},"end":{"line":16,"column":50}},"13":{"start":{"line":17,"column":0},"end":{"line":17,"column":49}},"14":{"start":{"line":18,"column":0},"end":{"line":18,"column":46}},"15":{"start":{"line":20,"column":0},"end":{"line":20,"column":24}}},"fnMap":{},"branchMap":{},"s":{"0":1,"1":1,"2":1,"3":1,"4":1,"5":1,"6":1,"7":1,"8":1,"9":1,"10":1,"11":1,"12":1,"13":1,"14":1,"15":1},"f":{},"b":{},"_coverageSchema":"1a1c01bbd47fc00a2c39e90264f33305004495a9","hash":"37c35425f3239f11d7f18c4e0b44686d3d2551c6"}
,"C:\\Users\\Sneh Patel\\Desktop\\DAL\\TERM 1\\ASDC\\Project\\Group01\\server\\Routes\\groupRoutes.js": {"path":"C:\\Users\\Sneh Patel\\Desktop\\DAL\\TERM 1\\ASDC\\Project\\Group01\\server\\Routes\\groupRoutes.js","statementMap":{"0":{"start":{"line":1,"column":15},"end":{"line":1,"column":42}},"1":{"start":{"line":2,"column":117},"end":{"line":2,"column":157}},"2":{"start":{"line":5,"column":0},"end":{"line":5,"column":41}},"3":{"start":{"line":6,"column":0},"end":{"line":6,"column":49}},"4":{"start":{"line":7,"column":0},"end":{"line":7,"column":35}},"5":{"start":{"line":8,"column":0},"end":{"line":8,"column":47}},"6":{"start":{"line":9,"column":0},"end":{"line":9,"column":32}},"7":{"start":{"line":10,"column":0},"end":{"line":10,"column":37}},"8":{"start":{"line":13,"column":0},"end":{"line":13,"column":24}}},"fnMap":{},"branchMap":{},"s":{"0":1,"1":1,"2":1,"3":1,"4":1,"5":1,"6":1,"7":1,"8":1},"f":{},"b":{},"_coverageSchema":"1a1c01bbd47fc00a2c39e90264f33305004495a9","hash":"2e6e5e9affb0d4b52264537e119449bc572e7955"}
,"C:\\Users\\Sneh Patel\\Desktop\\DAL\\TERM 1\\ASDC\\Project\\Group01\\server\\Routes\\user.js": {"path":"C:\\Users\\Sneh Patel\\Desktop\\DAL\\TERM 1\\ASDC\\Project\\Group01\\server\\Routes\\user.js","statementMap":{"0":{"start":{"line":1,"column":16},"end":{"line":1,"column":34}},"1":{"start":{"line":3,"column":126},"end":{"line":3,"column":165}},"2":{"start":{"line":4,"column":18},"end":{"line":4,"column":62}},"3":{"start":{"line":7,"column":15},"end":{"line":7,"column":31}},"4":{"start":{"line":9,"column":0},"end":{"line":9,"column":33}},"5":{"start":{"line":10,"column":0},"end":{"line":10,"column":35}},"6":{"start":{"line":11,"column":0},"end":{"line":11,"column":43}},"7":{"start":{"line":12,"column":0},"end":{"line":12,"column":57}},"8":{"start":{"line":13,"column":0},"end":{"line":13,"column":47}},"9":{"start":{"line":14,"column":0},"end":{"line":14,"column":47}},"10":{"start":{"line":15,"column":0},"end":{"line":15,"column":32}},"11":{"start":{"line":16,"column":0},"end":{"line":16,"column":50}},"12":{"start":{"line":17,"column":0},"end":{"line":17,"column":35}},"13":{"start":{"line":21,"column":0},"end":{"line":21,"column":24}}},"fnMap":{},"branchMap":{},"s":{"0":1,"1":1,"2":1,"3":1,"4":1,"5":1,"6":1,"7":1,"8":1,"9":1,"10":1,"11":1,"12":1,"13":1},"f":{},"b":{},"_coverageSchema":"1a1c01bbd47fc00a2c39e90264f33305004495a9","hash":"34b4c48723a56bf15e48e8bb3492eafc5755116f"}
,"C:\\Users\\Sneh Patel\\Desktop\\DAL\\TERM 1\\ASDC\\Project\\Group01\\server\\helper\\NotificationHandler.js": {"path":"C:\\Users\\Sneh Patel\\Desktop\\DAL\\TERM 1\\ASDC\\Project\\Group01\\server\\helper\\NotificationHandler.js","statementMap":{"0":{"start":{"line":1,"column":19},"end":{"line":1,"column":40}},"1":{"start":{"line":2,"column":23},"end":{"line":2,"column":56}},"2":{"start":{"line":4,"column":28},"end":{"line":52,"column":1}},"3":{"start":{"line":5,"column":71},"end":{"line":5,"column":77}},"4":{"start":{"line":6,"column":4},"end":{"line":6,"column":24}},"5":{"start":{"line":7,"column":24},"end":{"line":18,"column":6}},"6":{"start":{"line":20,"column":21},"end":{"line":20,"column":43}},"7":{"start":{"line":22,"column":4},"end":{"line":28,"column":5}},"8":{"start":{"line":23,"column":8},"end":{"line":23,"column":49}},"9":{"start":{"line":24,"column":8},"end":{"line":27,"column":10}},"10":{"start":{"line":30,"column":24},"end":{"line":35,"column":5}},"11":{"start":{"line":37,"column":4},"end":{"line":51,"column":5}},"12":{"start":{"line":38,"column":25},"end":{"line":38,"column":64}},"13":{"start":{"line":39,"column":8},"end":{"line":39,"column":45}},"14":{"start":{"line":41,"column":8},"end":{"line":44,"column":10}},"15":{"start":{"line":46,"column":8},"end":{"line":46,"column":53}},"16":{"start":{"line":47,"column":8},"end":{"line":50,"column":10}},"17":{"start":{"line":55,"column":0},"end":{"line":55,"column":37}}},"fnMap":{"0":{"name":"(anonymous_0)","decl":{"start":{"line":4,"column":28},"end":{"line":4,"column":29}},"loc":{"start":{"line":4,"column":46},"end":{"line":52,"column":1}},"line":4}},"branchMap":{"0":{"loc":{"start":{"line":22,"column":4},"end":{"line":28,"column":5}},"type":"if","locations":[{"start":{"line":22,"column":4},"end":{"line":28,"column":5}},{"start":{},"end":{}}],"line":22}},"s":{"0":2,"1":2,"2":2,"3":0,"4":0,"5":0,"6":0,"7":0,"8":0,"9":0,"10":0,"11":0,"12":0,"13":0,"14":0,"15":0,"16":0,"17":2},"f":{"0":0},"b":{"0":[0,0]},"_coverageSchema":"1a1c01bbd47fc00a2c39e90264f33305004495a9","hash":"846424a893a5a2bd8b7aeef236c452a26d20725f"}
,"C:\\Users\\Sneh Patel\\Desktop\\DAL\\TERM 1\\ASDC\\Project\\Group01\\server\\helper\\makeSettlement.js": {"path":"C:\\Users\\Sneh Patel\\Desktop\\DAL\\TERM 1\\ASDC\\Project\\Group01\\server\\helper\\makeSettlement.js","statementMap":{"0":{"start":{"line":1,"column":14},"end":{"line":1,"column":45}},"1":{"start":{"line":3,"column":23},"end":{"line":35,"column":1}},"2":{"start":{"line":4,"column":4},"end":{"line":4,"column":13}},"3":{"start":{"line":5,"column":4},"end":{"line":33,"column":5}},"4":{"start":{"line":6,"column":22},"end":{"line":8,"column":10}},"5":{"start":{"line":11,"column":8},"end":{"line":15,"column":9}},"6":{"start":{"line":12,"column":22},"end":{"line":12,"column":51}},"7":{"start":{"line":13,"column":12},"end":{"line":13,"column":29}},"8":{"start":{"line":14,"column":12},"end":{"line":14,"column":22}},"9":{"start":{"line":17,"column":7},"end":{"line":17,"column":67}},"10":{"start":{"line":18,"column":7},"end":{"line":18,"column":65}},"11":{"start":{"line":20,"column":29},"end":{"line":20,"column":121}},"12":{"start":{"line":22,"column":7},"end":{"line":27,"column":10}},"13":{"start":{"line":30,"column":8},"end":{"line":32,"column":10}},"14":{"start":{"line":34,"column":4},"end":{"line":34,"column":15}},"15":{"start":{"line":37,"column":0},"end":{"line":37,"column":34}}},"fnMap":{"0":{"name":"(anonymous_0)","decl":{"start":{"line":3,"column":23},"end":{"line":3,"column":24}},"loc":{"start":{"line":3,"column":36},"end":{"line":35,"column":1}},"line":3}},"branchMap":{"0":{"loc":{"start":{"line":11,"column":8},"end":{"line":15,"column":9}},"type":"if","locations":[{"start":{"line":11,"column":8},"end":{"line":15,"column":9}},{"start":{},"end":{}}],"line":11}},"s":{"0":2,"1":2,"2":0,"3":0,"4":0,"5":0,"6":0,"7":0,"8":0,"9":0,"10":0,"11":0,"12":0,"13":0,"14":0,"15":2},"f":{"0":0},"b":{"0":[0,0]},"_coverageSchema":"1a1c01bbd47fc00a2c39e90264f33305004495a9","hash":"4c1b14a01e140be8651a1b979bc85d66cb9cfd54"}
,"C:\\Users\\Sneh Patel\\Desktop\\DAL\\TERM 1\\ASDC\\Project\\Group01\\server\\helper\\moveMemberToSettled.js": {"path":"C:\\Users\\Sneh Patel\\Desktop\\DAL\\TERM 1\\ASDC\\Project\\Group01\\server\\helper\\moveMemberToSettled.js","statementMap":{"0":{"start":{"line":1,"column":16},"end":{"line":1,"column":49}},"1":{"start":{"line":3,"column":28},"end":{"line":28,"column":1}},"2":{"start":{"line":4,"column":2},"end":{"line":27,"column":3}},"3":{"start":{"line":5,"column":21},"end":{"line":5,"column":52}},"4":{"start":{"line":7,"column":4},"end":{"line":22,"column":5}},"5":{"start":{"line":8,"column":6},"end":{"line":14,"column":7}},"6":{"start":{"line":10,"column":8},"end":{"line":10,"column":44}},"7":{"start":{"line":11,"column":8},"end":{"line":11,"column":85}},"8":{"start":{"line":11,"column":62},"end":{"line":11,"column":83}},"9":{"start":{"line":13,"column":8},"end":{"line":13,"column":29}},"10":{"start":{"line":17,"column":6},"end":{"line":21,"column":7}},"11":{"start":{"line":18,"column":8},"end":{"line":18,"column":52}},"12":{"start":{"line":19,"column":8},"end":{"line":19,"column":30}},"13":{"start":{"line":20,"column":8},"end":{"line":20,"column":29}},"14":{"start":{"line":24,"column":4},"end":{"line":24,"column":77}},"15":{"start":{"line":26,"column":4},"end":{"line":26,"column":80}},"16":{"start":{"line":30,"column":0},"end":{"line":30,"column":37}}},"fnMap":{"0":{"name":"(anonymous_0)","decl":{"start":{"line":3,"column":28},"end":{"line":3,"column":29}},"loc":{"start":{"line":3,"column":60},"end":{"line":28,"column":1}},"line":3},"1":{"name":"(anonymous_1)","decl":{"start":{"line":11,"column":51},"end":{"line":11,"column":52}},"loc":{"start":{"line":11,"column":62},"end":{"line":11,"column":83}},"line":11}},"branchMap":{"0":{"loc":{"start":{"line":8,"column":6},"end":{"line":14,"column":7}},"type":"if","locations":[{"start":{"line":8,"column":6},"end":{"line":14,"column":7}},{"start":{},"end":{}}],"line":8},"1":{"loc":{"start":{"line":17,"column":6},"end":{"line":21,"column":7}},"type":"if","locations":[{"start":{"line":17,"column":6},"end":{"line":21,"column":7}},{"start":{},"end":{}}],"line":17},"2":{"loc":{"start":{"line":17,"column":10},"end":{"line":17,"column":124}},"type":"binary-expr","locations":[{"start":{"line":17,"column":10},"end":{"line":17,"column":39}},{"start":{"line":17,"column":44},"end":{"line":17,"column":73}},{"start":{"line":17,"column":77},"end":{"line":17,"column":123}}],"line":17}},"s":{"0":2,"1":2,"2":0,"3":0,"4":0,"5":0,"6":0,"7":0,"8":0,"9":0,"10":0,"11":0,"12":0,"13":0,"14":0,"15":0,"16":2},"f":{"0":0,"1":0},"b":{"0":[0,0],"1":[0,0],"2":[0,0,0]},"_coverageSchema":"1a1c01bbd47fc00a2c39e90264f33305004495a9","hash":"9f5ed117432abc69e1b813b49b0104b012706b9d"}
,"C:\\Users\\Sneh Patel\\Desktop\\DAL\\TERM 1\\ASDC\\Project\\Group01\\server\\helper\\scheduler.js": {"path":"C:\\Users\\Sneh Patel\\Desktop\\DAL\\TERM 1\\ASDC\\Project\\Group01\\server\\helper\\scheduler.js","statementMap":{"0":{"start":{"line":1,"column":17},"end":{"line":1,"column":41}},"1":{"start":{"line":3,"column":25},"end":{"line":3,"column":52}},"2":{"start":{"line":4,"column":14},"end":{"line":4,"column":35}},"3":{"start":{"line":5,"column":25},"end":{"line":5,"column":65}},"4":{"start":{"line":6,"column":19},"end":{"line":6,"column":49}},"5":{"start":{"line":8,"column":14},"end":{"line":8,"column":45}},"6":{"start":{"line":11,"column":25},"end":{"line":102,"column":1}},"7":{"start":{"line":12,"column":21},"end":{"line":12,"column":70}},"8":{"start":{"line":13,"column":8},"end":{"line":13,"column":26}},"9":{"start":{"line":14,"column":20},"end":{"line":101,"column":6}},"10":{"start":{"line":15,"column":8},"end":{"line":15,"column":46}},"11":{"start":{"line":16,"column":8},"end":{"line":16,"column":49}},"12":{"start":{"line":19,"column":8},"end":{"line":25,"column":9}},"13":{"start":{"line":20,"column":12},"end":{"line":20,"column":47}},"14":{"start":{"line":21,"column":12},"end":{"line":21,"column":46}},"15":{"start":{"line":23,"column":12},"end":{"line":23,"column":25}},"16":{"start":{"line":24,"column":12},"end":{"line":24,"column":19}},"17":{"start":{"line":28,"column":8},"end":{"line":34,"column":9}},"18":{"start":{"line":29,"column":12},"end":{"line":29,"column":65}},"19":{"start":{"line":30,"column":12},"end":{"line":30,"column":72}},"20":{"start":{"line":32,"column":12},"end":{"line":32,"column":25}},"21":{"start":{"line":33,"column":12},"end":{"line":33,"column":19}},"22":{"start":{"line":37,"column":8},"end":{"line":37,"column":69}},"23":{"start":{"line":40,"column":8},"end":{"line":98,"column":11}},"24":{"start":{"line":42,"column":29},"end":{"line":48,"column":13}},"25":{"start":{"line":49,"column":29},"end":{"line":49,"column":61}},"26":{"start":{"line":51,"column":12},"end":{"line":51,"column":51}},"27":{"start":{"line":53,"column":12},"end":{"line":70,"column":13}},"28":{"start":{"line":54,"column":16},"end":{"line":54,"column":58}},"29":{"start":{"line":56,"column":33},"end":{"line":56,"column":34}},"30":{"start":{"line":57,"column":16},"end":{"line":57,"column":48}},"31":{"start":{"line":58,"column":16},"end":{"line":64,"column":17}},"32":{"start":{"line":59,"column":20},"end":{"line":59,"column":33}},"33":{"start":{"line":60,"column":20},"end":{"line":60,"column":66}},"34":{"start":{"line":61,"column":20},"end":{"line":63,"column":21}},"35":{"start":{"line":62,"column":24},"end":{"line":62,"column":30}},"36":{"start":{"line":66,"column":16},"end":{"line":69,"column":17}},"37":{"start":{"line":67,"column":20},"end":{"line":67,"column":50}},"38":{"start":{"line":68,"column":20},"end":{"line":68,"column":27}},"39":{"start":{"line":72,"column":12},"end":{"line":72,"column":88}},"40":{"start":{"line":74,"column":32},"end":{"line":81,"column":13}},"41":{"start":{"line":83,"column":32},"end":{"line":83,"column":61}},"42":{"start":{"line":86,"column":12},"end":{"line":97,"column":13}},"43":{"start":{"line":87,"column":16},"end":{"line":87,"column":58}},"44":{"start":{"line":88,"column":16},"end":{"line":88,"column":31}},"45":{"start":{"line":89,"column":16},"end":{"line":96,"column":17}},"46":{"start":{"line":90,"column":20},"end":{"line":90,"column":33}},"47":{"start":{"line":91,"column":20},"end":{"line":91,"column":55}},"48":{"start":{"line":92,"column":20},"end":{"line":92,"column":66}},"49":{"start":{"line":93,"column":20},"end":{"line":95,"column":21}},"50":{"start":{"line":94,"column":24},"end":{"line":94,"column":30}},"51":{"start":{"line":105,"column":16},"end":{"line":105,"column":43}},"52":{"start":{"line":106,"column":20},"end":{"line":106,"column":38}},"53":{"start":{"line":107,"column":15},"end":{"line":107,"column":37}},"54":{"start":{"line":109,"column":21},"end":{"line":109,"column":22}},"55":{"start":{"line":110,"column":25},"end":{"line":110,"column":27}},"56":{"start":{"line":111,"column":24},"end":{"line":111,"column":27}},"57":{"start":{"line":113,"column":18},"end":{"line":113,"column":28}},"58":{"start":{"line":114,"column":4},"end":{"line":135,"column":5}},"59":{"start":{"line":117,"column":12},"end":{"line":117,"column":58}},"60":{"start":{"line":118,"column":12},"end":{"line":118,"column":18}},"61":{"start":{"line":121,"column":12},"end":{"line":121,"column":55}},"62":{"start":{"line":122,"column":12},"end":{"line":122,"column":18}},"63":{"start":{"line":125,"column":12},"end":{"line":125,"column":66}},"64":{"start":{"line":128,"column":12},"end":{"line":128,"column":70}},"65":{"start":{"line":129,"column":12},"end":{"line":129,"column":18}},"66":{"start":{"line":132,"column":12},"end":{"line":132,"column":69}},"67":{"start":{"line":134,"column":12},"end":{"line":134,"column":56}},"68":{"start":{"line":136,"column":4},"end":{"line":136,"column":19}},"69":{"start":{"line":139,"column":0},"end":{"line":139,"column":63}}},"fnMap":{"0":{"name":"(anonymous_0)","decl":{"start":{"line":11,"column":25},"end":{"line":11,"column":26}},"loc":{"start":{"line":11,"column":62},"end":{"line":102,"column":1}},"line":11},"1":{"name":"(anonymous_1)","decl":{"start":{"line":14,"column":47},"end":{"line":14,"column":48}},"loc":{"start":{"line":14,"column":63},"end":{"line":101,"column":5}},"line":14},"2":{"name":"(anonymous_2)","decl":{"start":{"line":40,"column":38},"end":{"line":40,"column":39}},"loc":{"start":{"line":40,"column":68},"end":{"line":98,"column":9}},"line":40},"3":{"name":"calculatePeriodFromString","decl":{"start":{"line":104,"column":15},"end":{"line":104,"column":40}},"loc":{"start":{"line":104,"column":58},"end":{"line":137,"column":1}},"line":104}},"branchMap":{"0":{"loc":{"start":{"line":19,"column":8},"end":{"line":25,"column":9}},"type":"if","locations":[{"start":{"line":19,"column":8},"end":{"line":25,"column":9}},{"start":{},"end":{}}],"line":19},"1":{"loc":{"start":{"line":28,"column":8},"end":{"line":34,"column":9}},"type":"if","locations":[{"start":{"line":28,"column":8},"end":{"line":34,"column":9}},{"start":{},"end":{}}],"line":28},"2":{"loc":{"start":{"line":53,"column":12},"end":{"line":70,"column":13}},"type":"if","locations":[{"start":{"line":53,"column":12},"end":{"line":70,"column":13}},{"start":{},"end":{}}],"line":53},"3":{"loc":{"start":{"line":61,"column":20},"end":{"line":63,"column":21}},"type":"if","locations":[{"start":{"line":61,"column":20},"end":{"line":63,"column":21}},{"start":{},"end":{}}],"line":61},"4":{"loc":{"start":{"line":66,"column":16},"end":{"line":69,"column":17}},"type":"if","locations":[{"start":{"line":66,"column":16},"end":{"line":69,"column":17}},{"start":{},"end":{}}],"line":66},"5":{"loc":{"start":{"line":86,"column":12},"end":{"line":97,"column":13}},"type":"if","locations":[{"start":{"line":86,"column":12},"end":{"line":97,"column":13}},{"start":{},"end":{}}],"line":86},"6":{"loc":{"start":{"line":93,"column":20},"end":{"line":95,"column":21}},"type":"if","locations":[{"start":{"line":93,"column":20},"end":{"line":95,"column":21}},{"start":{},"end":{}}],"line":93},"7":{"loc":{"start":{"line":114,"column":4},"end":{"line":135,"column":5}},"type":"switch","locations":[{"start":{"line":115,"column":8},"end":{"line":115,"column":22}},{"start":{"line":116,"column":8},"end":{"line":118,"column":18}},{"start":{"line":119,"column":8},"end":{"line":119,"column":19}},{"start":{"line":120,"column":8},"end":{"line":122,"column":18}},{"start":{"line":123,"column":8},"end":{"line":123,"column":20}},{"start":{"line":124,"column":8},"end":{"line":125,"column":66}},{"start":{"line":126,"column":8},"end":{"line":126,"column":21}},{"start":{"line":127,"column":8},"end":{"line":129,"column":18}},{"start":{"line":130,"column":8},"end":{"line":130,"column":20}},{"start":{"line":131,"column":8},"end":{"line":132,"column":69}},{"start":{"line":133,"column":8},"end":{"line":134,"column":56}}],"line":114}},"s":{"0":2,"1":2,"2":2,"3":2,"4":2,"5":2,"6":2,"7":0,"8":0,"9":0,"10":0,"11":0,"12":0,"13":0,"14":0,"15":0,"16":0,"17":0,"18":0,"19":0,"20":0,"21":0,"22":0,"23":0,"24":0,"25":0,"26":0,"27":0,"28":0,"29":0,"30":0,"31":0,"32":0,"33":0,"34":0,"35":0,"36":0,"37":0,"38":0,"39":0,"40":0,"41":0,"42":0,"43":0,"44":0,"45":0,"46":0,"47":0,"48":0,"49":0,"50":0,"51":0,"52":0,"53":0,"54":0,"55":0,"56":0,"57":0,"58":0,"59":0,"60":0,"61":0,"62":0,"63":0,"64":0,"65":0,"66":0,"67":0,"68":0,"69":2},"f":{"0":0,"1":0,"2":0,"3":0},"b":{"0":[0,0],"1":[0,0],"2":[0,0],"3":[0,0],"4":[0,0],"5":[0,0],"6":[0,0],"7":[0,0,0,0,0,0,0,0,0,0,0]},"_coverageSchema":"1a1c01bbd47fc00a2c39e90264f33305004495a9","hash":"8bdd1c973932469f40ada27ba23066128d23074b"}
,"C:\\Users\\Sneh Patel\\Desktop\\DAL\\TERM 1\\ASDC\\Project\\Group01\\server\\helper\\spliting.js": {"path":"C:\\Users\\Sneh Patel\\Desktop\\DAL\\TERM 1\\ASDC\\Project\\Group01\\server\\helper\\spliting.js","statementMap":{"0":{"start":{"line":3,"column":17},"end":{"line":3,"column":28}},"1":{"start":{"line":4,"column":26},"end":{"line":4,"column":63}},"2":{"start":{"line":7,"column":18},"end":{"line":7,"column":27}},"3":{"start":{"line":8,"column":8},"end":{"line":23,"column":9}},"4":{"start":{"line":9,"column":12},"end":{"line":9,"column":28}},"5":{"start":{"line":10,"column":12},"end":{"line":22,"column":13}},"6":{"start":{"line":11,"column":16},"end":{"line":21,"column":17}},"7":{"start":{"line":12,"column":20},"end":{"line":20,"column":21}},"8":{"start":{"line":13,"column":24},"end":{"line":17,"column":25}},"9":{"start":{"line":14,"column":28},"end":{"line":14,"column":77}},"10":{"start":{"line":16,"column":28},"end":{"line":16,"column":77}},"11":{"start":{"line":18,"column":24},"end":{"line":18,"column":51}},"12":{"start":{"line":19,"column":24},"end":{"line":19,"column":51}},"13":{"start":{"line":27,"column":34},"end":{"line":27,"column":50}},"14":{"start":{"line":27,"column":58},"end":{"line":27,"column":74}},"15":{"start":{"line":28,"column":8},"end":{"line":37,"column":9}},"16":{"start":{"line":29,"column":12},"end":{"line":32,"column":13}},"17":{"start":{"line":30,"column":16},"end":{"line":30,"column":45}},"18":{"start":{"line":31,"column":16},"end":{"line":31,"column":27}},"19":{"start":{"line":33,"column":12},"end":{"line":36,"column":13}},"20":{"start":{"line":34,"column":16},"end":{"line":34,"column":45}},"21":{"start":{"line":35,"column":16},"end":{"line":35,"column":27}},"22":{"start":{"line":38,"column":8},"end":{"line":38,"column":32}},"23":{"start":{"line":42,"column":8},"end":{"line":58,"column":9}},"24":{"start":{"line":43,"column":25},"end":{"line":43,"column":42}},"25":{"start":{"line":44,"column":12},"end":{"line":46,"column":13}},"26":{"start":{"line":45,"column":16},"end":{"line":45,"column":22}},"27":{"start":{"line":48,"column":28},"end":{"line":48,"column":101}},"28":{"start":{"line":49,"column":12},"end":{"line":51,"column":13}},"29":{"start":{"line":50,"column":16},"end":{"line":50,"column":22}},"30":{"start":{"line":53,"column":12},"end":{"line":53,"column":87}},"31":{"start":{"line":54,"column":12},"end":{"line":54,"column":87}},"32":{"start":{"line":55,"column":12},"end":{"line":55,"column":77}},"33":{"start":{"line":56,"column":22},"end":{"line":56,"column":55}},"34":{"start":{"line":57,"column":12},"end":{"line":57,"column":29}},"35":{"start":{"line":62,"column":4},"end":{"line":62,"column":27}},"36":{"start":{"line":63,"column":4},"end":{"line":63,"column":13}},"37":{"start":{"line":65,"column":4},"end":{"line":65,"column":18}},"38":{"start":{"line":68,"column":0},"end":{"line":68,"column":31}}},"fnMap":{"0":{"name":"simplifyDebts","decl":{"start":{"line":2,"column":9},"end":{"line":2,"column":22}},"loc":{"start":{"line":2,"column":36},"end":{"line":66,"column":1}},"line":2},"1":{"name":"settleSimilarFigures","decl":{"start":{"line":6,"column":13},"end":{"line":6,"column":33}},"loc":{"start":{"line":6,"column":35},"end":{"line":24,"column":5}},"line":6},"2":{"name":"getMaxMinCredit","decl":{"start":{"line":26,"column":13},"end":{"line":26,"column":28}},"loc":{"start":{"line":26,"column":30},"end":{"line":39,"column":5}},"line":26},"3":{"name":"helper","decl":{"start":{"line":41,"column":13},"end":{"line":41,"column":19}},"loc":{"start":{"line":41,"column":22},"end":{"line":59,"column":5}},"line":41}},"branchMap":{"0":{"loc":{"start":{"line":11,"column":16},"end":{"line":21,"column":17}},"type":"if","locations":[{"start":{"line":11,"column":16},"end":{"line":21,"column":17}},{"start":{},"end":{}}],"line":11},"1":{"loc":{"start":{"line":11,"column":19},"end":{"line":11,"column":46}},"type":"binary-expr","locations":[{"start":{"line":11,"column":19},"end":{"line":11,"column":32}},{"start":{"line":11,"column":36},"end":{"line":11,"column":46}}],"line":11},"2":{"loc":{"start":{"line":12,"column":20},"end":{"line":20,"column":21}},"type":"if","locations":[{"start":{"line":12,"column":20},"end":{"line":20,"column":21}},{"start":{},"end":{}}],"line":12},"3":{"loc":{"start":{"line":13,"column":24},"end":{"line":17,"column":25}},"type":"if","locations":[{"start":{"line":13,"column":24},"end":{"line":17,"column":25}},{"start":{"line":15,"column":29},"end":{"line":17,"column":25}}],"line":13},"4":{"loc":{"start":{"line":29,"column":12},"end":{"line":32,"column":13}},"type":"if","locations":[{"start":{"line":29,"column":12},"end":{"line":32,"column":13}},{"start":{},"end":{}}],"line":29},"5":{"loc":{"start":{"line":33,"column":12},"end":{"line":36,"column":13}},"type":"if","locations":[{"start":{"line":33,"column":12},"end":{"line":36,"column":13}},{"start":{},"end":{}}],"line":33},"6":{"loc":{"start":{"line":44,"column":12},"end":{"line":46,"column":13}},"type":"if","locations":[{"start":{"line":44,"column":12},"end":{"line":46,"column":13}},{"start":{},"end":{}}],"line":44},"7":{"loc":{"start":{"line":44,"column":16},"end":{"line":44,"column":120}},"type":"binary-expr","locations":[{"start":{"line":44,"column":16},"end":{"line":44,"column":26}},{"start":{"line":44,"column":30},"end":{"line":44,"column":40}},{"start":{"line":44,"column":44},"end":{"line":44,"column":80}},{"start":{"line":44,"column":84},"end":{"line":44,"column":120}}],"line":44},"8":{"loc":{"start":{"line":49,"column":12},"end":{"line":51,"column":13}},"type":"if","locations":[{"start":{"line":49,"column":12},"end":{"line":51,"column":13}},{"start":{},"end":{}}],"line":49}},"s":{"0":5,"1":5,"2":5,"3":5,"4":12,"5":12,"6":38,"7":13,"8":2,"9":0,"10":2,"11":2,"12":2,"13":10,"14":10,"15":10,"16":28,"17":18,"18":18,"19":28,"20":7,"21":7,"22":10,"23":5,"24":10,"25":10,"26":5,"27":5,"28":5,"29":0,"30":5,"31":5,"32":5,"33":5,"34":5,"35":5,"36":5,"37":5,"38":3},"f":{"0":5,"1":5,"2":10,"3":5},"b":{"0":[13,25],"1":[38,13],"2":[2,11],"3":[0,2],"4":[18,10],"5":[7,21],"6":[5,5],"7":[10,9,7,5],"8":[0,5]},"_coverageSchema":"1a1c01bbd47fc00a2c39e90264f33305004495a9","hash":"4482dffb8b0275f017cee87b3e28e241adc94c8b"}
}
