TN:
SF:server\helper\spliting.js
FN:2,simplifyDebts
FN:6,settleSimilarFigures
FN:26,getMaxMinCredit
FN:41,helper
FNF:4
FNH:4
FNDA:5,simplifyDebts
FNDA:5,settleSimilarFigures
FNDA:10,getMaxMinCredit
FNDA:5,helper
DA:3,5
DA:4,5
DA:7,5
DA:8,5
DA:9,12
DA:10,12
DA:11,38
DA:12,13
DA:13,2
DA:14,0
DA:16,2
DA:18,2
DA:19,2
DA:27,10
DA:28,10
DA:29,28
DA:30,18
DA:31,18
DA:33,28
DA:34,7
DA:35,7
DA:38,10
DA:42,5
DA:43,10
DA:44,10
DA:45,5
DA:48,5
DA:49,5
DA:50,0
DA:53,5
DA:54,5
DA:55,5
DA:56,5
DA:57,5
DA:62,5
DA:63,5
DA:65,5
DA:68,1
LF:38
LH:36
BRDA:11,0,0,13
BRDA:11,0,1,25
BRDA:11,1,0,38
BRDA:11,1,1,13
BRDA:12,2,0,2
BRDA:12,2,1,11
BRDA:13,3,0,0
BRDA:13,3,1,2
BRDA:29,4,0,18
BRDA:29,4,1,10
BRDA:33,5,0,7
BRDA:33,5,1,21
BRDA:44,6,0,5
BRDA:44,6,1,5
BRDA:44,7,0,10
BRDA:44,7,1,9
BRDA:44,7,2,7
BRDA:44,7,3,5
BRDA:49,8,0,0
BRDA:49,8,1,5
BRF:20
BRH:18
end_of_record
